load          deadline_rest time_high     time_low      Wh_h          Wh_l          Wh_sum
1             768750        1250          630000        0.0746357     2.7864        2.86104       
0.95          735525        1316          663159        0.0746477     2.7864        2.86105       
0.9           698610        1389          700001        0.0746417     2.7864        2.86105       
0.85          657352        1471          741177        0.0746566     2.7864        2.86106       
0.8           610936        1563          787501        0.0746596     2.7864        2.86106       
0.75          558332        1667          840001        0.0746506     2.7864        2.86105       
0.7           498213        1786          900001        0.0746477     2.7864        2.86105       
0.65          428844        1924          969232        0.0746715     2.7864        2.86108       
0.6           347915        2084          1050001       0.0746596     2.7864        2.86106       
0.55          252272        2273          1145455       0.0746447     2.7864        2.86105       
0.5           137497        2501          1260002       0.0746656     2.7864        2.86107       
0.45          25420         13112         1361468       0.352304      2.70971       3.06201       
0.4           63199         84500         1252301       2.01815       2.2155        4.23365       
0.35          71912         163001        1165087       3.40639       1.80355       5.20995       
0.3           68031         262501        1069468       4.70207       1.41903       6.1211        
0.25          6797          383202        1010001       5.72011       1.11677       6.83688       
--------------------
first trial!!
16
load          deadline_rest time_high     time_low      Wh_h          Wh_l          Wh_sum
1             768750        1250          630000        0.0746357     2.7864        2.86104       
0.95          735525        1316          663159        0.0746477     2.7864        2.86105       
0.9           698610        1389          700001        0.0746417     2.7864        2.86105       
0.85          657352        1471          741177        0.0746566     2.7864        2.86106       
0.8           610936        1563          787501        0.0746596     2.7864        2.86106       
0.75          558332        1667          840001        0.0746506     2.7864        2.86105       
0.7           498213        1786          900001        0.0746477     2.7864        2.86105       
0.65          428844        1924          969232        0.0746715     2.7864        2.86108       
0.6           347915        2084          1050001       0.0746596     2.7864        2.86106       
0.55          252272        2273          1145455       0.0746447     2.7864        2.86105       
0.5           137497        2501          1260002       0.0746656     2.7864        2.86107       
0.45          25420         13112         1361468       0.352304      2.70971       3.06201       
0.4           63199         84500         1252301       2.01815       2.2155        4.23365       
0.35          71912         163001        1165087       3.40639       1.80355       5.20995       
0.3           68031         262501        1069468       4.70207       1.41903       6.1211        
0.25          6797          383202        1010001       5.72011       1.11677       6.83688       
--------------------
16
load          deadline_rest time_high     time_low      Wh_h          Wh_l          Wh_sum
1             768750        1250          630000        0.0746357     2.7864        2.86104       
0.95          735525        1316          663159        0.0746477     2.7864        2.86105       
0.9           698610        1389          700001        0.0746417     2.7864        2.86105       
0.85          657352        1471          741177        0.0746566     2.7864        2.86106       
0.8           610936        1563          787501        0.0746596     2.7864        2.86106       
0.75          558332        1667          840001        0.0746506     2.7864        2.86105       
0.7           498213        1786          900001        0.0746477     2.7864        2.86105       
0.65          428844        1924          969232        0.0746715     2.7864        2.86108       
0.6           347915        2084          1050001       0.0746596     2.7864        2.86106       
0.55          252272        2273          1145455       0.0746447     2.7864        2.86105       
0.5           137497        2501          1260002       0.0746656     2.7864        2.86107       
0.45          25420         13112         1361468       0.352304      2.70971       3.06201       
0.4           63199         84500         1252301       2.01815       2.2155        4.23365       
0.35          71912         163001        1165087       3.40639       1.80355       5.20995       
0.3           68031         262501        1069468       4.70207       1.41903       6.1211        
0.25          6797          383202        1010001       5.72011       1.11677       6.83688       
--------------------
16
load          deadline_rest time_high     time_low      Wh_h          Wh_l          Wh_sum
1             768750        1250          630000        0.0746357     2.7864        2.86104       
0.95          735525        1316          663159        0.0746477     2.7864        2.86105       
0.9           698610        1389          700001        0.0746417     2.7864        2.86105       
0.85          657352        1471          741177        0.0746566     2.7864        2.86106       
0.8           610936        1563          787501        0.0746596     2.7864        2.86106       
0.75          558332        1667          840001        0.0746506     2.7864        2.86105       
0.7           498213        1786          900001        0.0746477     2.7864        2.86105       
0.65          428844        1924          969232        0.0746715     2.7864        2.86108       
0.6           347915        2084          1050001       0.0746596     2.7864        2.86106       
0.55          252272        2273          1145455       0.0746447     2.7864        2.86105       
0.5           137497        2501          1260002       0.0746656     2.7864        2.86107       
0.45          25420         13112         1361468       0.352304      2.70971       3.06201       
0.4           63199         84500         1252301       2.01815       2.2155        4.23365       
0.35          71912         163001        1165087       3.40639       1.80355       5.20995       
0.3           68031         262501        1069468       4.70207       1.41903       6.1211        
0.25          6797          383202        1010001       5.72011       1.11677       6.83688       
--------------------
16
load          deadline_rest time_high     time_low      Wh_h          Wh_l          Wh_sum
1             768750        1250          630000        0.0746357     2.7864        2.86104       
0.95          735525        1316          663159        0.0746477     2.7864        2.86105       
0.9           698610        1389          700001        0.0746417     2.7864        2.86105       
0.85          657352        1471          741177        0.0746566     2.7864        2.86106       
0.8           610936        1563          787501        0.0746596     2.7864        2.86106       
0.75          558332        1667          840001        0.0746506     2.7864        2.86105       
0.7           498213        1786          900001        0.0746477     2.7864        2.86105       
0.65          428844        1924          969232        0.0746715     2.7864        2.86108       
0.6           347915        2084          1050001       0.0746596     2.7864        2.86106       
0.55          252272        2273          1145455       0.0746447     2.7864        2.86105       
0.5           137497        2501          1260002       0.0746656     2.7864        2.86107       
0.45          25420         13112         1361468       0.352304      2.70971       3.06201       
0.4           63199         84500         1252301       2.01815       2.2155        4.23365       
0.35          71912         163001        1165087       3.40639       1.80355       5.20995       
0.3           68031         262501        1069468       4.70207       1.41903       6.1211        
0.25          6797          383202        1010001       5.72011       1.11677       6.83688       
--------------------
16
load          deadline_rest time_high     time_low      Wh_h          Wh_l          Wh_sum
1             768750        1250          630000        0.0746357     2.7864        2.86104       
0.95          735525        1316          663159        0.0746477     2.7864        2.86105       
0.9           698610        1389          700001        0.0746417     2.7864        2.86105       
0.85          657352        1471          741177        0.0746566     2.7864        2.86106       
0.8           610936        1563          787501        0.0746596     2.7864        2.86106       
0.75          558332        1667          840001        0.0746506     2.7864        2.86105       
0.7           498213        1786          900001        0.0746477     2.7864        2.86105       
0.65          428844        1924          969232        0.0746715     2.7864        2.86108       
0.6           347915        2084          1050001       0.0746596     2.7864        2.86106       
0.55          252272        2273          1145455       0.0746447     2.7864        2.86105       
0.5           137497        2501          1260002       0.0746656     2.7864        2.86107       
0.45          25420         13112         1361468       0.352304      2.70971       3.06201       
0.4           63199         84500         1252301       2.01815       2.2155        4.23365       
0.35          71912         163001        1165087       3.40639       1.80355       5.20995       
0.3           68031         262501        1069468       4.70207       1.41903       6.1211        
0.25          6797          383202        1010001       5.72011       1.11677       6.83688       
--------------------
16
load          deadline_rest time_high     time_low      Wh_h          Wh_l          Wh_sum
1             768750        1250          630000        0.0746357     2.7864        2.86104       
0.95          735525        1316          663159        0.0746477     2.7864        2.86105       
0.9           698610        1389          700001        0.0746417     2.7864        2.86105       
0.85          657352        1471          741177        0.0746566     2.7864        2.86106       
0.8           610936        1563          787501        0.0746596     2.7864        2.86106       
0.75          558332        1667          840001        0.0746506     2.7864        2.86105       
0.7           498213        1786          900001        0.0746477     2.7864        2.86105       
0.65          428844        1924          969232        0.0746715     2.7864        2.86108       
0.6           347915        2084          1050001       0.0746596     2.7864        2.86106       
0.55          252272        2273          1145455       0.0746447     2.7864        2.86105       
0.5           137497        2501          1260002       0.0746656     2.7864        2.86107       
0.45          25420         13112         1361468       0.352304      2.70971       3.06201       
0.4           63199         84500         1252301       2.01815       2.2155        4.23365       
0.35          71912         163001        1165087       3.40639       1.80355       5.20995       
0.3           68031         262501        1069468       4.70207       1.41903       6.1211        
0.25          6797          383202        1010001       5.72011       1.11677       6.83688       
--------------------
16
load          deadline_rest time_high     time_low      Wh_h          Wh_l          Wh_sum
1             768750        1250          630000        0.0746357     2.7864        2.86104       
0.95          735525        1316          663159        0.0746477     2.7864        2.86105       
0.9           698610        1389          700001        0.0746417     2.7864        2.86105       
0.85          657352        1471          741177        0.0746566     2.7864        2.86106       
0.8           610936        1563          787501        0.0746596     2.7864        2.86106       
0.75          558332        1667          840001        0.0746506     2.7864        2.86105       
0.7           498213        1786          900001        0.0746477     2.7864        2.86105       
0.65          428844        1924          969232        0.0746715     2.7864        2.86108       
0.6           347915        2084          1050001       0.0746596     2.7864        2.86106       
0.55          252272        2273          1145455       0.0746447     2.7864        2.86105       
0.5           137497        2501          1260002       0.0746656     2.7864        2.86107       
0.45          25420         13112         1361468       0.352304      2.70971       3.06201       
0.4           63199         84500         1252301       2.01815       2.2155        4.23365       
0.35          71912         163001        1165087       3.40639       1.80355       5.20995       
0.3           68031         262501        1069468       4.70207       1.41903       6.1211        
0.25          6797          383202        1010001       5.72011       1.11677       6.83688       
--------------------
16
load          deadline_rest time_high     time_low      Wh_h          Wh_l          Wh_sum
1             768750        1250          630000        0.0746357     2.7864        2.86104       
0.95          735525        1316          663159        0.0746477     2.7864        2.86105       
0.9           698610        1389          700001        0.0746417     2.7864        2.86105       
0.85          657352        1471          741177        0.0746566     2.7864        2.86106       
0.8           610936        1563          787501        0.0746596     2.7864        2.86106       
0.75          558332        1667          840001        0.0746506     2.7864        2.86105       
0.7           498213        1786          900001        0.0746477     2.7864        2.86105       
0.65          428844        1924          969232        0.0746715     2.7864        2.86108       
0.6           347915        2084          1050001       0.0746596     2.7864        2.86106       
0.55          252272        2273          1145455       0.0746447     2.7864        2.86105       
0.5           137497        2501          1260002       0.0746656     2.7864        2.86107       
0.45          25420         13112         1361468       0.352304      2.70971       3.06201       
0.4           63199         84500         1252301       2.01815       2.2155        4.23365       
0.35          71912         163001        1165087       3.40639       1.80355       5.20995       
0.3           68031         262501        1069468       4.70207       1.41903       6.1211        
0.25          6797          383202        1010001       5.72011       1.11677       6.83688       
--------------------
16
load          deadline_rest time_high     time_low      Wh_h          Wh_l          Wh_sum
1             788750        1250          610000        0.0746357     2.69794       2.77258       
0.95          756578        1316          642106        0.0746477     2.69795       2.77259       
0.9           720832        1389          677779        0.0746417     2.69795       2.77259       
0.85          680881        1471          717648        0.0746566     2.69795       2.7726        
0.8           635935        1563          762502        0.0746596     2.69795       2.77261       
0.75          584998        1667          813335        0.0746506     2.69795       2.7726        
0.7           526785        1786          871429        0.0746477     2.69794       2.77259       
0.65          459614        1924          938462        0.0746715     2.69794       2.77262       
0.6           381248        2084          1016668       0.0746596     2.69795       2.77261       
0.55          288635        2273          1109092       0.0746447     2.69795       2.77259       
0.5           177497        2501          1220002       0.0746656     2.69795       2.77261       
0.45          41665         2778          1355557       0.0746417     2.69795       2.77259       
0.4           49074         63125         1287801       1.50764       2.2783        3.78595       
0.35          75055         145001        1179944       3.03023       1.82655       4.85678       
0.3           64699         239167        1096134       4.2841        1.45441       5.73851       
0.25          14197         359002        1026801       5.35887       1.13535       6.49422       
--------------------
16
print average result. trial num = 10
load          deadline_rest time_high     time_low      Wh_h          Wh_l          Wh_sum
1             770750        1250          630000        0.0746357     2.77755       2.85219       
0.95          737630        1316          663159        0.0746477     2.77756       2.85221       
0.9           700832        1389          700001        0.0746417     2.77756       2.8522        
0.85          659704        1471          741177        0.0746566     2.77756       2.85221       
0.8           613435        1563          787501        0.0746596     2.77756       2.85222       
0.75          560998        1667          840001        0.0746506     2.77756       2.85221       
0.7           501070        1786          900001        0.0746477     2.77756       2.8522        
0.65          431921        1924          969232        0.0746715     2.77756       2.85223       
0.6           351248        2084          1050001       0.0746596     2.77756       2.85222       
0.55          255908        2273          1145455       0.0746447     2.77756       2.8522        
0.5           141497        2501          1260002       0.0746656     2.77756       2.85222       
0.45          27044         13112         1361468       0.324538      2.70853       3.03307       
0.4           61786         84500         1252301       1.9671        2.22178       4.18888       
0.35          72226         163001        1165087       3.36878       1.80585       5.17463       
0.3           67697         262501        1069468       4.66027       1.42257       6.08284       
0.25          7537          383202        1010001       5.68399       1.11863       6.80262       
