load          deadline_rest time_high     time_low      Wh_h          Wh_l          Wh_sum
1             1230000       155000        15000         9.25483       0.0663429     9.32117       
0.95          1221051       163158        15791         9.25483       0.0663493     9.32118       
0.9           1211109       172223        16668         9.25487       0.0663482     9.32122       
0.85          1199999       182353        17648         9.25483       0.0663464     9.32118       
0.8           1187498       193751        18751         9.25488       0.0663464     9.32122       
0.75          1173332       206667        20001         9.25484       0.0663462     9.32119       
0.7           1157142       221429        21429         9.25485       0.0663442     9.32119       
0.65          1138460       238462        23078         9.25485       0.066346      9.32119       
0.6           1116665       258334        25001         9.25485       0.0663455     9.3212        
0.55          1090908       281819        27273         9.25486       0.0663435     9.3212        
0.5           1059997       310001        30002         9.25486       0.0663473     9.32121       
0.45          1022220       344445        33335         9.25484       0.0663462     9.32119       
0.4           974997        387501        37502         9.25485       0.0663464     9.3212        
0.35          914284        442858        42858         9.25485       0.0663442     9.32119       
0.3           833332        516667        50001         9.25483       0.0663442     9.32118       
0.25          749997        630002        20001         9.40413       0.0221154     9.42625       
--------------------
first trial!!
16
load          deadline_rest time_high     time_low      Wh_h          Wh_l          Wh_sum
1             1230000       155000        15000         9.25483       0.0663429     9.32117       
0.95          1221051       163158        15791         9.25483       0.0663493     9.32118       
0.9           1211109       172223        16668         9.25487       0.0663482     9.32122       
0.85          1199999       182353        17648         9.25483       0.0663464     9.32118       
0.8           1187498       193751        18751         9.25488       0.0663464     9.32122       
0.75          1173332       206667        20001         9.25484       0.0663462     9.32119       
0.7           1157142       221429        21429         9.25485       0.0663442     9.32119       
0.65          1138460       238462        23078         9.25485       0.066346      9.32119       
0.6           1116665       258334        25001         9.25485       0.0663455     9.3212        
0.55          1090908       281819        27273         9.25486       0.0663435     9.3212        
0.5           1059997       310001        30002         9.25486       0.0663473     9.32121       
0.45          1022220       344445        33335         9.25484       0.0663462     9.32119       
0.4           974997        387501        37502         9.25485       0.0663464     9.3212        
0.35          914284        442858        42858         9.25485       0.0663442     9.32119       
0.3           833332        516667        50001         9.25483       0.0663442     9.32118       
0.25          749997        630002        20001         9.40413       0.0221154     9.42625       
--------------------
16
load          deadline_rest time_high     time_low      Wh_h          Wh_l          Wh_sum
1             1230000       155000        15000         9.25483       0.0663429     9.32117       
0.95          1221051       163158        15791         9.25483       0.0663493     9.32118       
0.9           1211109       172223        16668         9.25487       0.0663482     9.32122       
0.85          1199999       182353        17648         9.25483       0.0663464     9.32118       
0.8           1187498       193751        18751         9.25488       0.0663464     9.32122       
0.75          1173332       206667        20001         9.25484       0.0663462     9.32119       
0.7           1157142       221429        21429         9.25485       0.0663442     9.32119       
0.65          1138460       238462        23078         9.25485       0.066346      9.32119       
0.6           1116665       258334        25001         9.25485       0.0663455     9.3212        
0.55          1090908       281819        27273         9.25486       0.0663435     9.3212        
0.5           1059997       310001        30002         9.25486       0.0663473     9.32121       
0.45          1022220       344445        33335         9.25484       0.0663462     9.32119       
0.4           974997        387501        37502         9.25485       0.0663464     9.3212        
0.35          914284        442858        42858         9.25485       0.0663442     9.32119       
0.3           833332        516667        50001         9.25483       0.0663442     9.32118       
0.25          749997        630002        20001         9.40413       0.0221154     9.42625       
--------------------
16
load          deadline_rest time_high     time_low      Wh_h          Wh_l          Wh_sum
1             1230000       155000        15000         9.25483       0.0663429     9.32117       
0.95          1221051       163158        15791         9.25483       0.0663493     9.32118       
0.9           1211109       172223        16668         9.25487       0.0663482     9.32122       
0.85          1199999       182353        17648         9.25483       0.0663464     9.32118       
0.8           1187498       193751        18751         9.25488       0.0663464     9.32122       
0.75          1173332       206667        20001         9.25484       0.0663462     9.32119       
0.7           1157142       221429        21429         9.25485       0.0663442     9.32119       
0.65          1138460       238462        23078         9.25485       0.066346      9.32119       
0.6           1116665       258334        25001         9.25485       0.0663455     9.3212        
0.55          1090908       281819        27273         9.25486       0.0663435     9.3212        
0.5           1059997       310001        30002         9.25486       0.0663473     9.32121       
0.45          1022220       344445        33335         9.25484       0.0663462     9.32119       
0.4           974997        387501        37502         9.25485       0.0663464     9.3212        
0.35          914284        442858        42858         9.25485       0.0663442     9.32119       
0.3           833332        516667        50001         9.25483       0.0663442     9.32118       
0.25          749997        630002        20001         9.40413       0.0221154     9.42625       
--------------------
16
load          deadline_rest time_high     time_low      Wh_h          Wh_l          Wh_sum
1             1230000       155000        15000         9.25483       0.0663429     9.32117       
0.95          1221051       163158        15791         9.25483       0.0663493     9.32118       
0.9           1211109       172223        16668         9.25487       0.0663482     9.32122       
0.85          1199999       182353        17648         9.25483       0.0663464     9.32118       
0.8           1187498       193751        18751         9.25488       0.0663464     9.32122       
0.75          1173332       206667        20001         9.25484       0.0663462     9.32119       
0.7           1157142       221429        21429         9.25485       0.0663442     9.32119       
0.65          1138460       238462        23078         9.25485       0.066346      9.32119       
0.6           1116665       258334        25001         9.25485       0.0663455     9.3212        
0.55          1090908       281819        27273         9.25486       0.0663435     9.3212        
0.5           1059997       310001        30002         9.25486       0.0663473     9.32121       
0.45          1022220       344445        33335         9.25484       0.0663462     9.32119       
0.4           974997        387501        37502         9.25485       0.0663464     9.3212        
0.35          914284        442858        42858         9.25485       0.0663442     9.32119       
0.3           833332        516667        50001         9.25483       0.0663442     9.32118       
0.25          749997        630002        20001         9.40413       0.0221154     9.42625       
--------------------
16
load          deadline_rest time_high     time_low      Wh_h          Wh_l          Wh_sum
1             1230000       155000        15000         9.25483       0.0663429     9.32117       
0.95          1221051       163158        15791         9.25483       0.0663493     9.32118       
0.9           1211109       172223        16668         9.25487       0.0663482     9.32122       
0.85          1199999       182353        17648         9.25483       0.0663464     9.32118       
0.8           1187498       193751        18751         9.25488       0.0663464     9.32122       
0.75          1173332       206667        20001         9.25484       0.0663462     9.32119       
0.7           1157142       221429        21429         9.25485       0.0663442     9.32119       
0.65          1138460       238462        23078         9.25485       0.066346      9.32119       
0.6           1116665       258334        25001         9.25485       0.0663455     9.3212        
0.55          1090908       281819        27273         9.25486       0.0663435     9.3212        
0.5           1059997       310001        30002         9.25486       0.0663473     9.32121       
0.45          1022220       344445        33335         9.25484       0.0663462     9.32119       
0.4           974997        387501        37502         9.25485       0.0663464     9.3212        
0.35          914284        442858        42858         9.25485       0.0663442     9.32119       
0.3           833332        516667        50001         9.25483       0.0663442     9.32118       
0.25          749997        630002        20001         9.40413       0.0221154     9.42625       
--------------------
16
load          deadline_rest time_high     time_low      Wh_h          Wh_l          Wh_sum
1             1230000       155000        15000         9.25483       0.0663429     9.32117       
0.95          1221051       163158        15791         9.25483       0.0663493     9.32118       
0.9           1211109       172223        16668         9.25487       0.0663482     9.32122       
0.85          1199999       182353        17648         9.25483       0.0663464     9.32118       
0.8           1187498       193751        18751         9.25488       0.0663464     9.32122       
0.75          1173332       206667        20001         9.25484       0.0663462     9.32119       
0.7           1157142       221429        21429         9.25485       0.0663442     9.32119       
0.65          1138460       238462        23078         9.25485       0.066346      9.32119       
0.6           1116665       258334        25001         9.25485       0.0663455     9.3212        
0.55          1090908       281819        27273         9.25486       0.0663435     9.3212        
0.5           1059997       310001        30002         9.25486       0.0663473     9.32121       
0.45          1022220       344445        33335         9.25484       0.0663462     9.32119       
0.4           974997        387501        37502         9.25485       0.0663464     9.3212        
0.35          914284        442858        42858         9.25485       0.0663442     9.32119       
0.3           833332        516667        50001         9.25483       0.0663442     9.32118       
0.25          749997        630002        20001         9.40413       0.0221154     9.42625       
--------------------
16
load          deadline_rest time_high     time_low      Wh_h          Wh_l          Wh_sum
1             1230000       155000        15000         9.25483       0.0663429     9.32117       
0.95          1221051       163158        15791         9.25483       0.0663493     9.32118       
0.9           1211109       172223        16668         9.25487       0.0663482     9.32122       
0.85          1199999       182353        17648         9.25483       0.0663464     9.32118       
0.8           1187498       193751        18751         9.25488       0.0663464     9.32122       
0.75          1173332       206667        20001         9.25484       0.0663462     9.32119       
0.7           1157142       221429        21429         9.25485       0.0663442     9.32119       
0.65          1138460       238462        23078         9.25485       0.066346      9.32119       
0.6           1116665       258334        25001         9.25485       0.0663455     9.3212        
0.55          1090908       281819        27273         9.25486       0.0663435     9.3212        
0.5           1059997       310001        30002         9.25486       0.0663473     9.32121       
0.45          1022220       344445        33335         9.25484       0.0663462     9.32119       
0.4           974997        387501        37502         9.25485       0.0663464     9.3212        
0.35          914284        442858        42858         9.25485       0.0663442     9.32119       
0.3           833332        516667        50001         9.25483       0.0663442     9.32118       
0.25          749997        630002        20001         9.40413       0.0221154     9.42625       
--------------------
16
load          deadline_rest time_high     time_low      Wh_h          Wh_l          Wh_sum
1             1230000       155000        15000         9.25483       0.0663429     9.32117       
0.95          1221051       163158        15791         9.25483       0.0663493     9.32118       
0.9           1211109       172223        16668         9.25487       0.0663482     9.32122       
0.85          1199999       182353        17648         9.25483       0.0663464     9.32118       
0.8           1187498       193751        18751         9.25488       0.0663464     9.32122       
0.75          1173332       206667        20001         9.25484       0.0663462     9.32119       
0.7           1157142       221429        21429         9.25485       0.0663442     9.32119       
0.65          1138460       238462        23078         9.25485       0.066346      9.32119       
0.6           1116665       258334        25001         9.25485       0.0663455     9.3212        
0.55          1090908       281819        27273         9.25486       0.0663435     9.3212        
0.5           1059997       310001        30002         9.25486       0.0663473     9.32121       
0.45          1022220       344445        33335         9.25484       0.0663462     9.32119       
0.4           974997        387501        37502         9.25485       0.0663464     9.3212        
0.35          914284        442858        42858         9.25485       0.0663442     9.32119       
0.3           833332        516667        50001         9.25483       0.0663442     9.32118       
0.25          749997        630002        20001         9.40413       0.0221154     9.42625       
--------------------
16
load          deadline_rest time_high     time_low      Wh_h          Wh_l          Wh_sum
1             1230000       155000        15000         9.25483       0.0663429     9.32117       
0.95          1221051       163158        15791         9.25483       0.0663493     9.32118       
0.9           1211109       172223        16668         9.25487       0.0663482     9.32122       
0.85          1199999       182353        17648         9.25483       0.0663464     9.32118       
0.8           1187498       193751        18751         9.25488       0.0663464     9.32122       
0.75          1173332       206667        20001         9.25484       0.0663462     9.32119       
0.7           1157142       221429        21429         9.25485       0.0663442     9.32119       
0.65          1138460       238462        23078         9.25485       0.066346      9.32119       
0.6           1116665       258334        25001         9.25485       0.0663455     9.3212        
0.55          1090908       281819        27273         9.25486       0.0663435     9.3212        
0.5           1059997       310001        30002         9.25486       0.0663473     9.32121       
0.45          1022220       344445        33335         9.25484       0.0663462     9.32119       
0.4           974997        387501        37502         9.25485       0.0663464     9.3212        
0.35          914284        442858        42858         9.25485       0.0663442     9.32119       
0.3           833332        516667        50001         9.25483       0.0663442     9.32118       
0.25          749997        630002        20001         9.40413       0.0221154     9.42625       
--------------------
16
print average result. trial num = 10
load          deadline_rest time_high     time_low      Wh_h          Wh_l          Wh_sum
1             1230000       155000        15000         9.25483       0.0663429     9.32117       
0.95          1221051       163158        15791         9.25483       0.0663493     9.32118       
0.9           1211109       172223        16668         9.25487       0.0663482     9.32122       
0.85          1199999       182353        17648         9.25483       0.0663464     9.32118       
0.8           1187498       193751        18751         9.25488       0.0663464     9.32122       
0.75          1173332       206667        20001         9.25484       0.0663462     9.32119       
0.7           1157142       221429        21429         9.25485       0.0663442     9.32119       
0.65          1138460       238462        23078         9.25485       0.066346      9.32119       
0.6           1116665       258334        25001         9.25485       0.0663455     9.3212        
0.55          1090908       281819        27273         9.25486       0.0663435     9.3212        
0.5           1059997       310001        30002         9.25486       0.0663473     9.32121       
0.45          1022220       344445        33335         9.25484       0.0663462     9.32119       
0.4           974997        387501        37502         9.25485       0.0663464     9.3212        
0.35          914284        442858        42858         9.25485       0.0663442     9.32119       
0.3           833332        516667        50001         9.25483       0.0663442     9.32118       
0.25          749997        630002        20001         9.40413       0.0221154     9.42625       
