load          deadline_rest time_high     time_low      Wh_h          Wh_l          Wh_sum
1             934250        60150         405600        3.59147       1.79391       5.38538       
0.95          900095        59906         439999        3.39806       1.84875       5.24681       
0.9           862145        59634         478221        3.20459       1.90359       5.10819       
0.85          819730        59330         520940        3.01113       1.95844       4.96957       
0.8           804087        70613         525300        3.37296       1.85866       5.23162       
0.75          888733        116467        394800        5.21556       1.30961       6.52517       
0.7           829888        120744        449368        5.04662       1.39124       6.43786       
0.65          798184        134370        467446        5.21498       1.34384       6.55882       
0.6           839171        178902        381927        6.40919       1.01353       7.42271       
0.55          786657        194401        418942        6.38407       1.01911       7.40318       
0.5           817197        246800        336003        7.36804       0.743047      8.11108       
0.45          793158        286758        320084        7.70486       0.637059      8.34192       
0.4           784250        347251        268499        8.29354       0.475013      8.76856       
0.35          755525        422604        221871        8.83158       0.343456      9.17503       
0.3           748938        507203        143859        9.08531       0.19088       9.27619       
0.25          749997        630002        20001         9.40413       0.0221154     9.42625       
--------------------
first trial!!
16
load          deadline_rest time_high     time_low      Wh_h          Wh_l          Wh_sum
1             934250        60150         405600        3.59147       1.79391       5.38538       
0.95          900095        59906         439999        3.39806       1.84875       5.24681       
0.9           862145        59634         478221        3.20459       1.90359       5.10819       
0.85          819730        59330         520940        3.01113       1.95844       4.96957       
0.8           804087        70613         525300        3.37296       1.85866       5.23162       
0.75          888733        116467        394800        5.21556       1.30961       6.52517       
0.7           829888        120744        449368        5.04662       1.39124       6.43786       
0.65          798184        134370        467446        5.21498       1.34384       6.55882       
0.6           839171        178902        381927        6.40919       1.01353       7.42271       
0.55          786657        194401        418942        6.38407       1.01911       7.40318       
0.5           817197        246800        336003        7.36804       0.743047      8.11108       
0.45          793158        286758        320084        7.70486       0.637059      8.34192       
0.4           784250        347251        268499        8.29354       0.475013      8.76856       
0.35          755525        422604        221871        8.83158       0.343456      9.17503       
0.3           748938        507203        143859        9.08531       0.19088       9.27619       
0.25          749997        630002        20001         9.40413       0.0221154     9.42625       
--------------------
16
load          deadline_rest time_high     time_low      Wh_h          Wh_l          Wh_sum
1             934250        60150         405600        3.59147       1.79391       5.38538       
0.95          900095        59906         439999        3.39806       1.84875       5.24681       
0.9           862145        59634         478221        3.20459       1.90359       5.10819       
0.85          819730        59330         520940        3.01113       1.95844       4.96957       
0.8           804087        70613         525300        3.37296       1.85866       5.23162       
0.75          888733        116467        394800        5.21556       1.30961       6.52517       
0.7           829888        120744        449368        5.04662       1.39124       6.43786       
0.65          798184        134370        467446        5.21498       1.34384       6.55882       
0.6           839171        178902        381927        6.40919       1.01353       7.42271       
0.55          786657        194401        418942        6.38407       1.01911       7.40318       
0.5           817197        246800        336003        7.36804       0.743047      8.11108       
0.45          793158        286758        320084        7.70486       0.637059      8.34192       
0.4           784250        347251        268499        8.29354       0.475013      8.76856       
0.35          755525        422604        221871        8.83158       0.343456      9.17503       
0.3           748938        507203        143859        9.08531       0.19088       9.27619       
0.25          749997        630002        20001         9.40413       0.0221154     9.42625       
--------------------
16
load          deadline_rest time_high     time_low      Wh_h          Wh_l          Wh_sum
1             934250        60150         405600        3.59147       1.79391       5.38538       
0.95          900095        59906         439999        3.39806       1.84875       5.24681       
0.9           862145        59634         478221        3.20459       1.90359       5.10819       
0.85          819730        59330         520940        3.01113       1.95844       4.96957       
0.8           804087        70613         525300        3.37296       1.85866       5.23162       
0.75          888733        116467        394800        5.21556       1.30961       6.52517       
0.7           829888        120744        449368        5.04662       1.39124       6.43786       
0.65          798184        134370        467446        5.21498       1.34384       6.55882       
0.6           839171        178902        381927        6.40919       1.01353       7.42271       
0.55          786657        194401        418942        6.38407       1.01911       7.40318       
0.5           817197        246800        336003        7.36804       0.743047      8.11108       
0.45          793158        286758        320084        7.70486       0.637059      8.34192       
0.4           784250        347251        268499        8.29354       0.475013      8.76856       
0.35          755525        422604        221871        8.83158       0.343456      9.17503       
0.3           748938        507203        143859        9.08531       0.19088       9.27619       
0.25          749997        630002        20001         9.40413       0.0221154     9.42625       
--------------------
16
load          deadline_rest time_high     time_low      Wh_h          Wh_l          Wh_sum
1             941475        59225         399300        3.53624       1.76605       5.30229       
0.95          907858        58985         433157        3.34581       1.82          5.16582       
0.9           875590        60412         463998        3.2464        1.84698       5.09338       
0.85          834140        60212         505648        3.0559        1.90095       4.95684       
0.8           787512        59988         552500        2.86544       1.9549        4.82034       
0.75          878267        108534        413199        4.86031       1.37064       6.23095       
0.7           838600        118886        442514        4.96896       1.37002       6.33898       
0.65          786223        125255        488522        4.86122       1.40443       6.26565       
0.6           842760        170810        386430        6.11929       1.02547       7.14477       
0.55          770888        183084        446028        6.01243       1.08499       7.09742       
0.5           819447        237151        343402        7.07997       0.759409      7.83938       
0.45          791886        278926        329188        7.49442       0.655178      8.1496        
0.4           781692        338065        280243        8.07415       0.49579       8.56994       
0.35          767387        416101        216512        8.69568       0.335161      9.03084       
0.3           737418        496918        165664        8.90108       0.219812      9.12089       
0.25          729997        610001        60002         9.10557       0.0663451     9.17192       
--------------------
16
load          deadline_rest time_high     time_low      Wh_h          Wh_l          Wh_sum
1             934250        60150         405600        3.59147       1.79391       5.38538       
0.95          900095        59906         439999        3.39806       1.84875       5.24681       
0.9           862145        59634         478221        3.20459       1.90359       5.10819       
0.85          819730        59330         520940        3.01113       1.95844       4.96957       
0.8           804087        70613         525300        3.37296       1.85866       5.23162       
0.75          888733        116467        394800        5.21556       1.30961       6.52517       
0.7           829888        120744        449368        5.04662       1.39124       6.43786       
0.65          798184        134370        467446        5.21498       1.34384       6.55882       
0.6           839171        178902        381927        6.40919       1.01353       7.42271       
0.55          786657        194401        418942        6.38407       1.01911       7.40318       
0.5           817197        246800        336003        7.36804       0.743047      8.11108       
0.45          793158        286758        320084        7.70486       0.637059      8.34192       
0.4           784250        347251        268499        8.29354       0.475013      8.76856       
0.35          755525        422604        221871        8.83158       0.343456      9.17503       
0.3           748938        507203        143859        9.08531       0.19088       9.27619       
0.25          749997        630002        20001         9.40413       0.0221154     9.42625       
--------------------
16
load          deadline_rest time_high     time_low      Wh_h          Wh_l          Wh_sum
1             934250        60150         405600        3.59147       1.79391       5.38538       
0.95          900095        59906         439999        3.39806       1.84875       5.24681       
0.9           862145        59634         478221        3.20459       1.90359       5.10819       
0.85          819730        59330         520940        3.01113       1.95844       4.96957       
0.8           804087        70613         525300        3.37296       1.85866       5.23162       
0.75          888733        116467        394800        5.21556       1.30961       6.52517       
0.7           829888        120744        449368        5.04662       1.39124       6.43786       
0.65          798184        134370        467446        5.21498       1.34384       6.55882       
0.6           839171        178902        381927        6.40919       1.01353       7.42271       
0.55          786657        194401        418942        6.38407       1.01911       7.40318       
0.5           817197        246800        336003        7.36804       0.743047      8.11108       
0.45          793158        286758        320084        7.70486       0.637059      8.34192       
0.4           784250        347251        268499        8.29354       0.475013      8.76856       
0.35          755525        422604        221871        8.83158       0.343456      9.17503       
0.3           748938        507203        143859        9.08531       0.19088       9.27619       
0.25          749997        630002        20001         9.40413       0.0221154     9.42625       
--------------------
16
load          deadline_rest time_high     time_low      Wh_h          Wh_l          Wh_sum
1             934250        60150         405600        3.59147       1.79391       5.38538       
0.95          900095        59906         439999        3.39806       1.84875       5.24681       
0.9           862145        59634         478221        3.20459       1.90359       5.10819       
0.85          819730        59330         520940        3.01113       1.95844       4.96957       
0.8           804087        70613         525300        3.37296       1.85866       5.23162       
0.75          888733        116467        394800        5.21556       1.30961       6.52517       
0.7           829888        120744        449368        5.04662       1.39124       6.43786       
0.65          798184        134370        467446        5.21498       1.34384       6.55882       
0.6           839171        178902        381927        6.40919       1.01353       7.42271       
0.55          786657        194401        418942        6.38407       1.01911       7.40318       
0.5           817197        246800        336003        7.36804       0.743047      8.11108       
0.45          793158        286758        320084        7.70486       0.637059      8.34192       
0.4           784250        347251        268499        8.29354       0.475013      8.76856       
0.35          755525        422604        221871        8.83158       0.343456      9.17503       
0.3           748938        507203        143859        9.08531       0.19088       9.27619       
0.25          749997        630002        20001         9.40413       0.0221154     9.42625       
--------------------
16
load          deadline_rest time_high     time_low      Wh_h          Wh_l          Wh_sum
1             934250        60150         405600        3.59147       1.79391       5.38538       
0.95          900095        59906         439999        3.39806       1.84875       5.24681       
0.9           862145        59634         478221        3.20459       1.90359       5.10819       
0.85          819730        59330         520940        3.01113       1.95844       4.96957       
0.8           804087        70613         525300        3.37296       1.85866       5.23162       
0.75          888733        116467        394800        5.21556       1.30961       6.52517       
0.7           829888        120744        449368        5.04662       1.39124       6.43786       
0.65          798184        134370        467446        5.21498       1.34384       6.55882       
0.6           839171        178902        381927        6.40919       1.01353       7.42271       
0.55          786657        194401        418942        6.38407       1.01911       7.40318       
0.5           817197        246800        336003        7.36804       0.743047      8.11108       
0.45          793158        286758        320084        7.70486       0.637059      8.34192       
0.4           784250        347251        268499        8.29354       0.475013      8.76856       
0.35          755525        422604        221871        8.83158       0.343456      9.17503       
0.3           748938        507203        143859        9.08531       0.19088       9.27619       
0.25          749997        630002        20001         9.40413       0.0221154     9.42625       
--------------------
16
load          deadline_rest time_high     time_low      Wh_h          Wh_l          Wh_sum
1             934250        60150         405600        3.59147       1.79391       5.38538       
0.95          900095        59906         439999        3.39806       1.84875       5.24681       
0.9           862145        59634         478221        3.20459       1.90359       5.10819       
0.85          819730        59330         520940        3.01113       1.95844       4.96957       
0.8           804087        70613         525300        3.37296       1.85866       5.23162       
0.75          888733        116467        394800        5.21556       1.30961       6.52517       
0.7           829888        120744        449368        5.04662       1.39124       6.43786       
0.65          798184        134370        467446        5.21498       1.34384       6.55882       
0.6           839171        178902        381927        6.40919       1.01353       7.42271       
0.55          786657        194401        418942        6.38407       1.01911       7.40318       
0.5           817197        246800        336003        7.36804       0.743047      8.11108       
0.45          793158        286758        320084        7.70486       0.637059      8.34192       
0.4           784250        347251        268499        8.29354       0.475013      8.76856       
0.35          755525        422604        221871        8.83158       0.343456      9.17503       
0.3           748938        507203        143859        9.08531       0.19088       9.27619       
0.25          749997        630002        20001         9.40413       0.0221154     9.42625       
--------------------
16
print average result. trial num = 10
load          deadline_rest time_high     time_low      Wh_h          Wh_l          Wh_sum
1             934972        60150         405600        3.58595       1.79112       5.37707       
0.95          900871        59906         439999        3.39283       1.84588       5.23871       
0.9           863489        59634         478221        3.20878       1.89793       5.10671       
0.85          821171        59330         520940        3.01561       1.95269       4.9683        
0.8           802429        70613         525300        3.32221       1.86829       5.19049       
0.75          887686        116467        394800        5.18003       1.31571       6.49574       
0.7           830759        120744        449368        5.03885       1.38912       6.42797       
0.65          796987        134370        467446        5.1796        1.3499        6.5295        
0.6           839529        178902        381927        6.3802        1.01472       7.39492       
0.55          785080        194401        418942        6.34691       1.0257        7.3726        
0.5           817422        246800        336003        7.33923       0.744683      8.08391       
0.45          793030        286758        320084        7.68382       0.638871      8.32269       
0.4           783994        347251        268499        8.27161       0.477091      8.7487        
0.35          756711        422604        221871        8.81799       0.342627      9.16062       
0.3           747786        507203        143859        9.06689       0.193774      9.26066       
0.25          747997        630002        20001         9.37427       0.0265384     9.40081       
