load          deadline_rest time_high     time_low      Wh_h          Wh_l          Wh_sum
1             768750        1250          630000        0.0746357     2.7864        2.86104       
0.95          735525        1316          663159        0.0746477     2.7864        2.86105       
0.9           698610        1389          700001        0.0746417     2.7864        2.86105       
0.85          657352        1471          741177        0.0746566     2.7864        2.86106       
0.8           610936        1563          787501        0.0746596     2.7864        2.86106       
0.75          558332        1667          840001        0.0746506     2.7864        2.86105       
0.7           498213        1786          900001        0.0746477     2.7864        2.86105       
0.65          428844        1924          969232        0.0746715     2.7864        2.86108       
0.6           347915        2084          1050001       0.0746596     2.7864        2.86106       
0.55          252272        2273          1145455       0.0746447     2.7864        2.86105       
0.5           137497        2501          1260002       0.0746656     2.7864        2.86107       
0.45          25420         13112         1361468       0.352304      2.70971       3.06201       
0.4           63199         84500         1252301       2.01815       2.2155        4.23365       
0.35          71912         163001        1165087       3.40639       1.80355       5.20995       
0.3           68031         262501        1069468       4.70207       1.41903       6.1211        
0.25          6797          383202        1010001       5.72011       1.11677       6.83688       
--------------------
first trial!!
16
load          deadline_rest time_high     time_low      Wh_h          Wh_l          Wh_sum
1             768750        1250          630000        0.0746357     2.7864        2.86104       
0.95          735525        1316          663159        0.0746477     2.7864        2.86105       
0.9           698610        1389          700001        0.0746417     2.7864        2.86105       
0.85          657352        1471          741177        0.0746566     2.7864        2.86106       
0.8           610936        1563          787501        0.0746596     2.7864        2.86106       
0.75          558332        1667          840001        0.0746506     2.7864        2.86105       
0.7           498213        1786          900001        0.0746477     2.7864        2.86105       
0.65          428844        1924          969232        0.0746715     2.7864        2.86108       
0.6           347915        2084          1050001       0.0746596     2.7864        2.86106       
0.55          252272        2273          1145455       0.0746447     2.7864        2.86105       
0.5           137497        2501          1260002       0.0746656     2.7864        2.86107       
0.45          25420         13112         1361468       0.352304      2.70971       3.06201       
0.4           63199         84500         1252301       2.01815       2.2155        4.23365       
0.35          71912         163001        1165087       3.40639       1.80355       5.20995       
0.3           68031         262501        1069468       4.70207       1.41903       6.1211        
0.25          6797          383202        1010001       5.72011       1.11677       6.83688       
--------------------
16
load          deadline_rest time_high     time_low      Wh_h          Wh_l          Wh_sum
1             768750        1250          630000        0.0746357     2.7864        2.86104       
0.95          735525        1316          663159        0.0746477     2.7864        2.86105       
0.9           698610        1389          700001        0.0746417     2.7864        2.86105       
0.85          657352        1471          741177        0.0746566     2.7864        2.86106       
0.8           610936        1563          787501        0.0746596     2.7864        2.86106       
0.75          558332        1667          840001        0.0746506     2.7864        2.86105       
0.7           498213        1786          900001        0.0746477     2.7864        2.86105       
0.65          428844        1924          969232        0.0746715     2.7864        2.86108       
0.6           347915        2084          1050001       0.0746596     2.7864        2.86106       
0.55          252272        2273          1145455       0.0746447     2.7864        2.86105       
0.5           137497        2501          1260002       0.0746656     2.7864        2.86107       
0.45          25420         13112         1361468       0.352304      2.70971       3.06201       
0.4           63199         84500         1252301       2.01815       2.2155        4.23365       
0.35          71912         163001        1165087       3.40639       1.80355       5.20995       
0.3           68031         262501        1069468       4.70207       1.41903       6.1211        
0.25          6797          383202        1010001       5.72011       1.11677       6.83688       
--------------------
16
load          deadline_rest time_high     time_low      Wh_h          Wh_l          Wh_sum
1             788750        1250          610000        0.0746357     2.69794       2.77258       
0.95          756578        1316          642106        0.0746477     2.69795       2.77259       
0.9           720832        1389          677779        0.0746417     2.69795       2.77259       
0.85          680881        1471          717648        0.0746566     2.69795       2.7726        
0.8           635935        1563          762502        0.0746596     2.69795       2.77261       
0.75          584998        1667          813335        0.0746506     2.69795       2.7726        
0.7           526785        1786          871429        0.0746477     2.69794       2.77259       
0.65          459614        1924          938462        0.0746715     2.69794       2.77262       
0.6           381248        2084          1016668       0.0746596     2.69795       2.77261       
0.55          288635        2273          1109092       0.0746447     2.69795       2.77259       
0.5           177497        2501          1220002       0.0746656     2.69795       2.77261       
0.45          41665         2778          1355557       0.0746417     2.69795       2.77259       
0.4           49074         63125         1287801       1.50764       2.2783        3.78595       
0.35          75055         145001        1179944       3.03023       1.82655       4.85678       
0.3           64699         239167        1096134       4.2841        1.45441       5.73851       
0.25          14197         359002        1026801       5.35887       1.13535       6.49422       
--------------------
16
load          deadline_rest time_high     time_low      Wh_h          Wh_l          Wh_sum
1             768750        1250          630000        0.0746357     2.7864        2.86104       
0.95          735525        1316          663159        0.0746477     2.7864        2.86105       
0.9           698610        1389          700001        0.0746417     2.7864        2.86105       
0.85          657352        1471          741177        0.0746566     2.7864        2.86106       
0.8           610936        1563          787501        0.0746596     2.7864        2.86106       
0.75          558332        1667          840001        0.0746506     2.7864        2.86105       
0.7           498213        1786          900001        0.0746477     2.7864        2.86105       
0.65          428844        1924          969232        0.0746715     2.7864        2.86108       
0.6           347915        2084          1050001       0.0746596     2.7864        2.86106       
0.55          252272        2273          1145455       0.0746447     2.7864        2.86105       
0.5           137497        2501          1260002       0.0746656     2.7864        2.86107       
0.45          25420         13112         1361468       0.352304      2.70971       3.06201       
0.4           63199         84500         1252301       2.01815       2.2155        4.23365       
0.35          71912         163001        1165087       3.40639       1.80355       5.20995       
0.3           68031         262501        1069468       4.70207       1.41903       6.1211        
0.25          6797          383202        1010001       5.72011       1.11677       6.83688       
--------------------
16
load          deadline_rest time_high     time_low      Wh_h          Wh_l          Wh_sum
1             768750        1250          630000        0.0746357     2.7864        2.86104       
0.95          735525        1316          663159        0.0746477     2.7864        2.86105       
0.9           698610        1389          700001        0.0746417     2.7864        2.86105       
0.85          657352        1471          741177        0.0746566     2.7864        2.86106       
0.8           610936        1563          787501        0.0746596     2.7864        2.86106       
0.75          558332        1667          840001        0.0746506     2.7864        2.86105       
0.7           498213        1786          900001        0.0746477     2.7864        2.86105       
0.65          428844        1924          969232        0.0746715     2.7864        2.86108       
0.6           347915        2084          1050001       0.0746596     2.7864        2.86106       
0.55          252272        2273          1145455       0.0746447     2.7864        2.86105       
0.5           137497        2501          1260002       0.0746656     2.7864        2.86107       
0.45          25420         13112         1361468       0.352304      2.70971       3.06201       
0.4           63199         84500         1252301       2.01815       2.2155        4.23365       
0.35          71912         163001        1165087       3.40639       1.80355       5.20995       
0.3           68031         262501        1069468       4.70207       1.41903       6.1211        
0.25          6797          383202        1010001       5.72011       1.11677       6.83688       
--------------------
16
load          deadline_rest time_high     time_low      Wh_h          Wh_l          Wh_sum
1             768750        1250          630000        0.0746357     2.7864        2.86104       
0.95          735525        1316          663159        0.0746477     2.7864        2.86105       
0.9           698610        1389          700001        0.0746417     2.7864        2.86105       
0.85          657352        1471          741177        0.0746566     2.7864        2.86106       
0.8           610936        1563          787501        0.0746596     2.7864        2.86106       
0.75          558332        1667          840001        0.0746506     2.7864        2.86105       
0.7           498213        1786          900001        0.0746477     2.7864        2.86105       
0.65          428844        1924          969232        0.0746715     2.7864        2.86108       
0.6           347915        2084          1050001       0.0746596     2.7864        2.86106       
0.55          252272        2273          1145455       0.0746447     2.7864        2.86105       
0.5           137497        2501          1260002       0.0746656     2.7864        2.86107       
0.45          25420         13112         1361468       0.352304      2.70971       3.06201       
0.4           63199         84500         1252301       2.01815       2.2155        4.23365       
0.35          71912         163001        1165087       3.40639       1.80355       5.20995       
0.3           68031         262501        1069468       4.70207       1.41903       6.1211        
0.25          6797          383202        1010001       5.72011       1.11677       6.83688       
--------------------
16
load          deadline_rest time_high     time_low      Wh_h          Wh_l          Wh_sum
1             768750        1250          630000        0.0746357     2.7864        2.86104       
0.95          735525        1316          663159        0.0746477     2.7864        2.86105       
0.9           698610        1389          700001        0.0746417     2.7864        2.86105       
0.85          657352        1471          741177        0.0746566     2.7864        2.86106       
0.8           610936        1563          787501        0.0746596     2.7864        2.86106       
0.75          558332        1667          840001        0.0746506     2.7864        2.86105       
0.7           498213        1786          900001        0.0746477     2.7864        2.86105       
0.65          428844        1924          969232        0.0746715     2.7864        2.86108       
0.6           347915        2084          1050001       0.0746596     2.7864        2.86106       
0.55          252272        2273          1145455       0.0746447     2.7864        2.86105       
0.5           137497        2501          1260002       0.0746656     2.7864        2.86107       
0.45          25420         13112         1361468       0.352304      2.70971       3.06201       
0.4           63199         84500         1252301       2.01815       2.2155        4.23365       
0.35          71912         163001        1165087       3.40639       1.80355       5.20995       
0.3           68031         262501        1069468       4.70207       1.41903       6.1211        
0.25          6797          383202        1010001       5.72011       1.11677       6.83688       
--------------------
16
load          deadline_rest time_high     time_low      Wh_h          Wh_l          Wh_sum
1             745000        25000         630000        1.49271       2.7864        4.27911       
0.95          710525        26316         663159        1.49273       2.7864        4.27913       
0.9           672221        27778         700001        1.49273       2.7864        4.27913       
0.85          629411        29412         741177        1.49273       2.7864        4.27913       
0.8           581248        31251         787501        1.49276       2.7864        4.27917       
0.75          526665        33334         840001        1.49274       2.7864        4.27915       
0.7           464284        35715         900001        1.49274       2.7864        4.27915       
0.65          392306        38462         969232        1.49273       2.7864        4.27914       
0.6           308332        41667         1050001       1.49273       2.7864        4.27913       
0.55          209090        45455         1145455       1.49273       2.7864        4.27913       
0.5           89997         50001         1260002       1.49274       2.7864        4.27915       
0.45          44975         90001         1265024       2.41822       2.51776       4.93598       
0.4           73574         167125        1159301       3.99152       2.05097       6.04249       
0.35          83770         257429        1058801       5.37975       1.63902       7.01878       
0.3           66365         367501        966134        6.58289       1.28192       7.86481       
0.25          4797          509202        886001        7.60093       0.979664      8.58059       
--------------------
16
load          deadline_rest time_high     time_low      Wh_h          Wh_l          Wh_sum
1             768750        1250          630000        0.0746357     2.7864        2.86104       
0.95          735525        1316          663159        0.0746477     2.7864        2.86105       
0.9           698610        1389          700001        0.0746417     2.7864        2.86105       
0.85          657352        1471          741177        0.0746566     2.7864        2.86106       
0.8           610936        1563          787501        0.0746596     2.7864        2.86106       
0.75          558332        1667          840001        0.0746506     2.7864        2.86105       
0.7           498213        1786          900001        0.0746477     2.7864        2.86105       
0.65          428844        1924          969232        0.0746715     2.7864        2.86108       
0.6           347915        2084          1050001       0.0746596     2.7864        2.86106       
0.55          252272        2273          1145455       0.0746447     2.7864        2.86105       
0.5           137497        2501          1260002       0.0746656     2.7864        2.86107       
0.45          25420         13112         1361468       0.352304      2.70971       3.06201       
0.4           63199         84500         1252301       2.01815       2.2155        4.23365       
0.35          71912         163001        1165087       3.40639       1.80355       5.20995       
0.3           68031         262501        1069468       4.70207       1.41903       6.1211        
0.25          6797          383202        1010001       5.72011       1.11677       6.83688       
--------------------
16
print average result. trial num = 10
load          deadline_rest time_high     time_low      Wh_h          Wh_l          Wh_sum
1             768375        1250          630000        0.216444      2.77755       2.994         
0.95          735130        1316          663159        0.216456      2.77756       2.99401       
0.9           698193        1389          700001        0.21645       2.77756       2.99401       
0.85          656910        1471          741177        0.216464      2.77756       2.99402       
0.8           610467        1563          787501        0.21647       2.77756       2.99403       
0.75          557831        1667          840001        0.21646       2.77756       2.99402       
0.7           497677        1786          900001        0.216457      2.77756       2.99401       
0.65          428267        1924          969232        0.216478      2.77756       2.99404       
0.6           347290        2084          1050001       0.216466      2.77756       2.99402       
0.55          251590        2273          1145455       0.216453      2.77756       2.99401       
0.5           136747        2501          1260002       0.216473      2.77756       2.99403       
0.45          29000         13112         1361468       0.53113       2.68934       3.22047       
0.4           62824         84500         1252301       2.16444       2.20533       4.36976       
0.35          73412         163001        1165087       3.56611       1.7894        5.35552       
0.3           67531         262501        1069468       4.84835       1.40886       6.25721       
0.25          7337          383202        1010001       5.87207       1.10492       6.97699       
