load          deadline_rest time_high     time_low      Wh_h          Wh_l          Wh_sum
1             1230000       155000        15000         9.25483       0.0663429     9.32117       
0.95          1221051       163158        15791         9.25483       0.0663493     9.32118       
0.9           1211109       172223        16668         9.25487       0.0663482     9.32122       
0.85          1199999       182353        17648         9.25483       0.0663464     9.32118       
0.8           1187498       193751        18751         9.25488       0.0663464     9.32122       
0.75          1173332       206667        20001         9.25484       0.0663462     9.32119       
0.7           1157142       221429        21429         9.25485       0.0663442     9.32119       
0.65          1138460       238462        23078         9.25485       0.066346      9.32119       
0.6           1116665       258334        25001         9.25485       0.0663455     9.3212        
0.55          1090908       281819        27273         9.25486       0.0663435     9.3212        
0.5           1059997       310001        30002         9.25486       0.0663473     9.32121       
0.45          1022220       344445        33335         9.25484       0.0663462     9.32119       
0.4           974997        387501        37502         9.25485       0.0663464     9.3212        
0.35          914284        442858        42858         9.25485       0.0663442     9.32119       
0.3           833332        516667        50001         9.25483       0.0663442     9.32118       
0.25          749997        630002        20001         9.40413       0.0221154     9.42625       
--------------------
first trial!!
16
load          deadline_rest time_high     time_low      Wh_h          Wh_l          Wh_sum
1             1230000       155000        15000         9.25483       0.0663429     9.32117       
0.95          1221051       163158        15791         9.25483       0.0663493     9.32118       
0.9           1211109       172223        16668         9.25487       0.0663482     9.32122       
0.85          1199999       182353        17648         9.25483       0.0663464     9.32118       
0.8           1187498       193751        18751         9.25488       0.0663464     9.32122       
0.75          1173332       206667        20001         9.25484       0.0663462     9.32119       
0.7           1157142       221429        21429         9.25485       0.0663442     9.32119       
0.65          1138460       238462        23078         9.25485       0.066346      9.32119       
0.6           1116665       258334        25001         9.25485       0.0663455     9.3212        
0.55          1090908       281819        27273         9.25486       0.0663435     9.3212        
0.5           1059997       310001        30002         9.25486       0.0663473     9.32121       
0.45          1022220       344445        33335         9.25484       0.0663462     9.32119       
0.4           974997        387501        37502         9.25485       0.0663464     9.3212        
0.35          914284        442858        42858         9.25485       0.0663442     9.32119       
0.3           833332        516667        50001         9.25483       0.0663442     9.32118       
0.25          749997        630002        20001         9.40413       0.0221154     9.42625       
--------------------
16
load          deadline_rest time_high     time_low      Wh_h          Wh_l          Wh_sum
1             1230000       155000        15000         9.25483       0.0663429     9.32117       
0.95          1221051       163158        15791         9.25483       0.0663493     9.32118       
0.9           1211109       172223        16668         9.25487       0.0663482     9.32122       
0.85          1199999       182353        17648         9.25483       0.0663464     9.32118       
0.8           1187498       193751        18751         9.25488       0.0663464     9.32122       
0.75          1173332       206667        20001         9.25484       0.0663462     9.32119       
0.7           1157142       221429        21429         9.25485       0.0663442     9.32119       
0.65          1138460       238462        23078         9.25485       0.066346      9.32119       
0.6           1116665       258334        25001         9.25485       0.0663455     9.3212        
0.55          1090908       281819        27273         9.25486       0.0663435     9.3212        
0.5           1059997       310001        30002         9.25486       0.0663473     9.32121       
0.45          1022220       344445        33335         9.25484       0.0663462     9.32119       
0.4           974997        387501        37502         9.25485       0.0663464     9.3212        
0.35          914284        442858        42858         9.25485       0.0663442     9.32119       
0.3           833332        516667        50001         9.25483       0.0663442     9.32118       
0.25          749997        630002        20001         9.40413       0.0221154     9.42625       
--------------------
16
load          deadline_rest time_high     time_low      Wh_h          Wh_l          Wh_sum
1             1230000       155000        15000         9.25483       0.0663429     9.32117       
0.95          1221051       163158        15791         9.25483       0.0663493     9.32118       
0.9           1211109       172223        16668         9.25487       0.0663482     9.32122       
0.85          1199999       182353        17648         9.25483       0.0663464     9.32118       
0.8           1187498       193751        18751         9.25488       0.0663464     9.32122       
0.75          1173332       206667        20001         9.25484       0.0663462     9.32119       
0.7           1157142       221429        21429         9.25485       0.0663442     9.32119       
0.65          1138460       238462        23078         9.25485       0.066346      9.32119       
0.6           1116665       258334        25001         9.25485       0.0663455     9.3212        
0.55          1090908       281819        27273         9.25486       0.0663435     9.3212        
0.5           1059997       310001        30002         9.25486       0.0663473     9.32121       
0.45          1022220       344445        33335         9.25484       0.0663462     9.32119       
0.4           974997        387501        37502         9.25485       0.0663464     9.3212        
0.35          914284        442858        42858         9.25485       0.0663442     9.32119       
0.3           833332        516667        50001         9.25483       0.0663442     9.32118       
0.25          749997        630002        20001         9.40413       0.0221154     9.42625       
--------------------
16
load          deadline_rest time_high     time_low      Wh_h          Wh_l          Wh_sum
1             1235000       150000        15000         8.95629       0.0663429     9.02263       
0.95          1226314       157895        15791         8.9563        0.0663493     9.02265       
0.9           1216665       166667        16668         8.9563        0.0663482     9.02265       
0.85          1205881       176471        17648         8.95631       0.0663464     9.02265       
0.8           1193749       187500        18751         8.95629       0.0663464     9.02263       
0.75          1179998       200001        20001         8.95633       0.0663462     9.02268       
0.7           1164285       214286        21429         8.9563        0.0663442     9.02264       
0.65          1146152       230770        23078         8.95632       0.066346      9.02266       
0.6           1124999       250000        25001         8.95629       0.0663455     9.02263       
0.55          1099999       272728        27273         8.95631       0.0663435     9.02265       
0.5           1069997       300001        30002         8.95632       0.0663473     9.02266       
0.45          1033331       333334        33335         8.9563        0.0663462     9.02265       
0.4           987497        375001        37502         8.95631       0.0663464     9.02266       
0.35          928570        428572        42858         8.9563        0.0663442     9.02264       
0.3           849999        500000        50001         8.95629       0.0663442     9.02263       
0.25          739997        600001        60002         8.9563        0.0663451     9.02265       
--------------------
16
load          deadline_rest time_high     time_low      Wh_h          Wh_l          Wh_sum
1             1230000       155000        15000         9.25483       0.0663429     9.32117       
0.95          1221051       163158        15791         9.25483       0.0663493     9.32118       
0.9           1211109       172223        16668         9.25487       0.0663482     9.32122       
0.85          1199999       182353        17648         9.25483       0.0663464     9.32118       
0.8           1187498       193751        18751         9.25488       0.0663464     9.32122       
0.75          1173332       206667        20001         9.25484       0.0663462     9.32119       
0.7           1157142       221429        21429         9.25485       0.0663442     9.32119       
0.65          1138460       238462        23078         9.25485       0.066346      9.32119       
0.6           1116665       258334        25001         9.25485       0.0663455     9.3212        
0.55          1090908       281819        27273         9.25486       0.0663435     9.3212        
0.5           1059997       310001        30002         9.25486       0.0663473     9.32121       
0.45          1022220       344445        33335         9.25484       0.0663462     9.32119       
0.4           974997        387501        37502         9.25485       0.0663464     9.3212        
0.35          914284        442858        42858         9.25485       0.0663442     9.32119       
0.3           833332        516667        50001         9.25483       0.0663442     9.32118       
0.25          749997        630002        20001         9.40413       0.0221154     9.42625       
--------------------
16
load          deadline_rest time_high     time_low      Wh_h          Wh_l          Wh_sum
1             1230000       155000        15000         9.25483       0.0663429     9.32117       
0.95          1221051       163158        15791         9.25483       0.0663493     9.32118       
0.9           1211109       172223        16668         9.25487       0.0663482     9.32122       
0.85          1199999       182353        17648         9.25483       0.0663464     9.32118       
0.8           1187498       193751        18751         9.25488       0.0663464     9.32122       
0.75          1173332       206667        20001         9.25484       0.0663462     9.32119       
0.7           1157142       221429        21429         9.25485       0.0663442     9.32119       
0.65          1138460       238462        23078         9.25485       0.066346      9.32119       
0.6           1116665       258334        25001         9.25485       0.0663455     9.3212        
0.55          1090908       281819        27273         9.25486       0.0663435     9.3212        
0.5           1059997       310001        30002         9.25486       0.0663473     9.32121       
0.45          1022220       344445        33335         9.25484       0.0663462     9.32119       
0.4           974997        387501        37502         9.25485       0.0663464     9.3212        
0.35          914284        442858        42858         9.25485       0.0663442     9.32119       
0.3           833332        516667        50001         9.25483       0.0663442     9.32118       
0.25          749997        630002        20001         9.40413       0.0221154     9.42625       
--------------------
16
load          deadline_rest time_high     time_low      Wh_h          Wh_l          Wh_sum
1             1230000       155000        15000         9.25483       0.0663429     9.32117       
0.95          1221051       163158        15791         9.25483       0.0663493     9.32118       
0.9           1211109       172223        16668         9.25487       0.0663482     9.32122       
0.85          1199999       182353        17648         9.25483       0.0663464     9.32118       
0.8           1187498       193751        18751         9.25488       0.0663464     9.32122       
0.75          1173332       206667        20001         9.25484       0.0663462     9.32119       
0.7           1157142       221429        21429         9.25485       0.0663442     9.32119       
0.65          1138460       238462        23078         9.25485       0.066346      9.32119       
0.6           1116665       258334        25001         9.25485       0.0663455     9.3212        
0.55          1090908       281819        27273         9.25486       0.0663435     9.3212        
0.5           1059997       310001        30002         9.25486       0.0663473     9.32121       
0.45          1022220       344445        33335         9.25484       0.0663462     9.32119       
0.4           974997        387501        37502         9.25485       0.0663464     9.3212        
0.35          914284        442858        42858         9.25485       0.0663442     9.32119       
0.3           833332        516667        50001         9.25483       0.0663442     9.32118       
0.25          749997        630002        20001         9.40413       0.0221154     9.42625       
--------------------
16
load          deadline_rest time_high     time_low      Wh_h          Wh_l          Wh_sum
1             1230000       155000        15000         9.25483       0.0663429     9.32117       
0.95          1221051       163158        15791         9.25483       0.0663493     9.32118       
0.9           1211109       172223        16668         9.25487       0.0663482     9.32122       
0.85          1199999       182353        17648         9.25483       0.0663464     9.32118       
0.8           1187498       193751        18751         9.25488       0.0663464     9.32122       
0.75          1173332       206667        20001         9.25484       0.0663462     9.32119       
0.7           1157142       221429        21429         9.25485       0.0663442     9.32119       
0.65          1138460       238462        23078         9.25485       0.066346      9.32119       
0.6           1116665       258334        25001         9.25485       0.0663455     9.3212        
0.55          1090908       281819        27273         9.25486       0.0663435     9.3212        
0.5           1059997       310001        30002         9.25486       0.0663473     9.32121       
0.45          1022220       344445        33335         9.25484       0.0663462     9.32119       
0.4           974997        387501        37502         9.25485       0.0663464     9.3212        
0.35          914284        442858        42858         9.25485       0.0663442     9.32119       
0.3           833332        516667        50001         9.25483       0.0663442     9.32118       
0.25          749997        630002        20001         9.40413       0.0221154     9.42625       
--------------------
16
load          deadline_rest time_high     time_low      Wh_h          Wh_l          Wh_sum
1             1230000       155000        15000         9.25483       0.0663429     9.32117       
0.95          1221051       163158        15791         9.25483       0.0663493     9.32118       
0.9           1211109       172223        16668         9.25487       0.0663482     9.32122       
0.85          1199999       182353        17648         9.25483       0.0663464     9.32118       
0.8           1187498       193751        18751         9.25488       0.0663464     9.32122       
0.75          1173332       206667        20001         9.25484       0.0663462     9.32119       
0.7           1157142       221429        21429         9.25485       0.0663442     9.32119       
0.65          1138460       238462        23078         9.25485       0.066346      9.32119       
0.6           1116665       258334        25001         9.25485       0.0663455     9.3212        
0.55          1090908       281819        27273         9.25486       0.0663435     9.3212        
0.5           1059997       310001        30002         9.25486       0.0663473     9.32121       
0.45          1022220       344445        33335         9.25484       0.0663462     9.32119       
0.4           974997        387501        37502         9.25485       0.0663464     9.3212        
0.35          914284        442858        42858         9.25485       0.0663442     9.32119       
0.3           833332        516667        50001         9.25483       0.0663442     9.32118       
0.25          749997        630002        20001         9.40413       0.0221154     9.42625       
--------------------
16
print average result. trial num = 10
load          deadline_rest time_high     time_low      Wh_h          Wh_l          Wh_sum
1             1230500       155000        15000         9.22497       0.0663429     9.29132       
0.95          1221577       163158        15791         9.22498       0.0663493     9.29133       
0.9           1211664       172223        16668         9.22501       0.0663482     9.29136       
0.85          1200587       182353        17648         9.22498       0.0663464     9.29133       
0.8           1188123       193751        18751         9.22502       0.0663464     9.29136       
0.75          1173998       206667        20001         9.22499       0.0663462     9.29134       
0.7           1157856       221429        21429         9.22499       0.0663442     9.29134       
0.65          1139229       238462        23078         9.22499       0.066346      9.29134       
0.6           1117498       258334        25001         9.225         0.0663455     9.29134       
0.55          1091817       281819        27273         9.225         0.0663435     9.29134       
0.5           1060997       310001        30002         9.225         0.0663473     9.29135       
0.45          1023331       344445        33335         9.22499       0.0663462     9.29134       
0.4           976247        387501        37502         9.225         0.0663464     9.29134       
0.35          915712        442858        42858         9.22499       0.0663442     9.29134       
0.3           834998        516667        50001         9.22498       0.0663442     9.29132       
0.25          748997        630002        20001         9.35935       0.0265384     9.38589       
