load          deadline_rest time_high     time_low      Wh_h          Wh_l          Wh_sum
1             1400000       158750        0             9.47874       0             9.47874       
0.95          1400000       167106        0             9.47878       0             9.47878       
0.9           1400000       176390        0             9.4788        0             9.4788        
0.85          1400000       186766        0             9.4788        0             9.4788        
0.8           1400000       198439        0             9.47881       0             9.47881       
0.75          1400000       211668        0             9.4788        0             9.4788        
0.7           1400000       226787        0             9.47879       0             9.47879       
0.65          1400000       244233        0             9.47882       0             9.47882       
0.6           1400000       264585        0             9.4788        0             9.4788        
0.55          1400000       288638        0             9.47879       0             9.47879       
0.5           1400000       317503        0             9.47883       0             9.47883       
0.45          1400000       352779        0             9.47877       0             9.47877       
0.4           1400000       396876        0             9.47876       0             9.47876       
0.35          1400000       453573        0             9.47877       0             9.47877       
0.3           1400000       529168        0             9.47876       0             9.47876       
0.25          1400000       635003        0             9.47878       0             9.47878       
--------------------
first trial!!
16
load          deadline_rest time_high     time_low      Wh_h          Wh_l          Wh_sum
1             1400000       162500        0             9.70264       0             9.70264       
0.95          1400000       171053        0             9.70266       0             9.70266       
0.9           1400000       180557        0             9.70272       0             9.70272       
0.85          1400000       191177        0             9.70267       0             9.70267       
0.8           1400000       203127        0             9.70274       0             9.70274       
0.75          1400000       216668        0             9.7027        0             9.7027        
0.7           1400000       232144        0             9.70269       0             9.70269       
0.65          1400000       250002        0             9.70272       0             9.70272       
0.6           1400000       270835        0             9.7027        0             9.7027        
0.55          1400000       295456        0             9.70269       0             9.70269       
0.5           1400000       325003        0             9.70273       0             9.70273       
0.45          1400000       361112        0             9.70267       0             9.70267       
0.4           1400000       406252        0             9.70269       0             9.70269       
0.35          1400000       464288        0             9.70269       0             9.70269       
0.3           1400000       541668        0             9.70267       0             9.70267       
0.25          1400000       650003        0             9.70269       0             9.70269       
--------------------
16
load          deadline_rest time_high     time_low      Wh_h          Wh_l          Wh_sum
1             1400000       158750        0             9.47874       0             9.47874       
0.95          1400000       167106        0             9.47878       0             9.47878       
0.9           1400000       176390        0             9.4788        0             9.4788        
0.85          1400000       186766        0             9.4788        0             9.4788        
0.8           1400000       198439        0             9.47881       0             9.47881       
0.75          1400000       211668        0             9.4788        0             9.4788        
0.7           1400000       226787        0             9.47879       0             9.47879       
0.65          1400000       244233        0             9.47882       0             9.47882       
0.6           1400000       264585        0             9.4788        0             9.4788        
0.55          1400000       288638        0             9.47879       0             9.47879       
0.5           1400000       317503        0             9.47883       0             9.47883       
0.45          1400000       352779        0             9.47877       0             9.47877       
0.4           1400000       396876        0             9.47876       0             9.47876       
0.35          1400000       453573        0             9.47877       0             9.47877       
0.3           1400000       529168        0             9.47876       0             9.47876       
0.25          1400000       635003        0             9.47878       0             9.47878       
--------------------
16
load          deadline_rest time_high     time_low      Wh_h          Wh_l          Wh_sum
1             1400000       158750        0             9.47874       0             9.47874       
0.95          1400000       167106        0             9.47878       0             9.47878       
0.9           1400000       176390        0             9.4788        0             9.4788        
0.85          1400000       186766        0             9.4788        0             9.4788        
0.8           1400000       198439        0             9.47881       0             9.47881       
0.75          1400000       211668        0             9.4788        0             9.4788        
0.7           1400000       226787        0             9.47879       0             9.47879       
0.65          1400000       244233        0             9.47882       0             9.47882       
0.6           1400000       264585        0             9.4788        0             9.4788        
0.55          1400000       288638        0             9.47879       0             9.47879       
0.5           1400000       317503        0             9.47883       0             9.47883       
0.45          1400000       352779        0             9.47877       0             9.47877       
0.4           1400000       396876        0             9.47876       0             9.47876       
0.35          1400000       453573        0             9.47877       0             9.47877       
0.3           1400000       529168        0             9.47876       0             9.47876       
0.25          1400000       635003        0             9.47878       0             9.47878       
--------------------
16
load          deadline_rest time_high     time_low      Wh_h          Wh_l          Wh_sum
1             1400000       158750        0             9.47874       0             9.47874       
0.95          1400000       167106        0             9.47878       0             9.47878       
0.9           1400000       176390        0             9.4788        0             9.4788        
0.85          1400000       186766        0             9.4788        0             9.4788        
0.8           1400000       198439        0             9.47881       0             9.47881       
0.75          1400000       211668        0             9.4788        0             9.4788        
0.7           1400000       226787        0             9.47879       0             9.47879       
0.65          1400000       244233        0             9.47882       0             9.47882       
0.6           1400000       264585        0             9.4788        0             9.4788        
0.55          1400000       288638        0             9.47879       0             9.47879       
0.5           1400000       317503        0             9.47883       0             9.47883       
0.45          1400000       352779        0             9.47877       0             9.47877       
0.4           1400000       396876        0             9.47876       0             9.47876       
0.35          1400000       453573        0             9.47877       0             9.47877       
0.3           1400000       529168        0             9.47876       0             9.47876       
0.25          1400000       635003        0             9.47878       0             9.47878       
--------------------
16
load          deadline_rest time_high     time_low      Wh_h          Wh_l          Wh_sum
1             1400000       158750        0             9.47874       0             9.47874       
0.95          1400000       167106        0             9.47878       0             9.47878       
0.9           1400000       176390        0             9.4788        0             9.4788        
0.85          1400000       186766        0             9.4788        0             9.4788        
0.8           1400000       198439        0             9.47881       0             9.47881       
0.75          1400000       211668        0             9.4788        0             9.4788        
0.7           1400000       226787        0             9.47879       0             9.47879       
0.65          1400000       244233        0             9.47882       0             9.47882       
0.6           1400000       264585        0             9.4788        0             9.4788        
0.55          1400000       288638        0             9.47879       0             9.47879       
0.5           1400000       317503        0             9.47883       0             9.47883       
0.45          1400000       352779        0             9.47877       0             9.47877       
0.4           1400000       396876        0             9.47876       0             9.47876       
0.35          1400000       453573        0             9.47877       0             9.47877       
0.3           1400000       529168        0             9.47876       0             9.47876       
0.25          1400000       635003        0             9.47878       0             9.47878       
--------------------
16
load          deadline_rest time_high     time_low      Wh_h          Wh_l          Wh_sum
1             1400000       158750        0             9.47874       0             9.47874       
0.95          1400000       167106        0             9.47878       0             9.47878       
0.9           1400000       176390        0             9.4788        0             9.4788        
0.85          1400000       186766        0             9.4788        0             9.4788        
0.8           1400000       198439        0             9.47881       0             9.47881       
0.75          1400000       211668        0             9.4788        0             9.4788        
0.7           1400000       226787        0             9.47879       0             9.47879       
0.65          1400000       244233        0             9.47882       0             9.47882       
0.6           1400000       264585        0             9.4788        0             9.4788        
0.55          1400000       288638        0             9.47879       0             9.47879       
0.5           1400000       317503        0             9.47883       0             9.47883       
0.45          1400000       352779        0             9.47877       0             9.47877       
0.4           1400000       396876        0             9.47876       0             9.47876       
0.35          1400000       453573        0             9.47877       0             9.47877       
0.3           1400000       529168        0             9.47876       0             9.47876       
0.25          1400000       635003        0             9.47878       0             9.47878       
--------------------
16
load          deadline_rest time_high     time_low      Wh_h          Wh_l          Wh_sum
1             1400000       158750        0             9.47874       0             9.47874       
0.95          1400000       167106        0             9.47878       0             9.47878       
0.9           1400000       176390        0             9.4788        0             9.4788        
0.85          1400000       186766        0             9.4788        0             9.4788        
0.8           1400000       198439        0             9.47881       0             9.47881       
0.75          1400000       211668        0             9.4788        0             9.4788        
0.7           1400000       226787        0             9.47879       0             9.47879       
0.65          1400000       244233        0             9.47882       0             9.47882       
0.6           1400000       264585        0             9.4788        0             9.4788        
0.55          1400000       288638        0             9.47879       0             9.47879       
0.5           1400000       317503        0             9.47883       0             9.47883       
0.45          1400000       352779        0             9.47877       0             9.47877       
0.4           1400000       396876        0             9.47876       0             9.47876       
0.35          1400000       453573        0             9.47877       0             9.47877       
0.3           1400000       529168        0             9.47876       0             9.47876       
0.25          1400000       635003        0             9.47878       0             9.47878       
--------------------
16
load          deadline_rest time_high     time_low      Wh_h          Wh_l          Wh_sum
1             1400000       158750        0             9.47874       0             9.47874       
0.95          1400000       167106        0             9.47878       0             9.47878       
0.9           1400000       176390        0             9.4788        0             9.4788        
0.85          1400000       186766        0             9.4788        0             9.4788        
0.8           1400000       198439        0             9.47881       0             9.47881       
0.75          1400000       211668        0             9.4788        0             9.4788        
0.7           1400000       226787        0             9.47879       0             9.47879       
0.65          1400000       244233        0             9.47882       0             9.47882       
0.6           1400000       264585        0             9.4788        0             9.4788        
0.55          1400000       288638        0             9.47879       0             9.47879       
0.5           1400000       317503        0             9.47883       0             9.47883       
0.45          1400000       352779        0             9.47877       0             9.47877       
0.4           1400000       396876        0             9.47876       0             9.47876       
0.35          1400000       453573        0             9.47877       0             9.47877       
0.3           1400000       529168        0             9.47876       0             9.47876       
0.25          1400000       635003        0             9.47878       0             9.47878       
--------------------
16
load          deadline_rest time_high     time_low      Wh_h          Wh_l          Wh_sum
1             1400000       158750        0             9.47874       0             9.47874       
0.95          1400000       167106        0             9.47878       0             9.47878       
0.9           1400000       176390        0             9.4788        0             9.4788        
0.85          1400000       186766        0             9.4788        0             9.4788        
0.8           1400000       198439        0             9.47881       0             9.47881       
0.75          1400000       211668        0             9.4788        0             9.4788        
0.7           1400000       226787        0             9.47879       0             9.47879       
0.65          1400000       244233        0             9.47882       0             9.47882       
0.6           1400000       264585        0             9.4788        0             9.4788        
0.55          1400000       288638        0             9.47879       0             9.47879       
0.5           1400000       317503        0             9.47883       0             9.47883       
0.45          1400000       352779        0             9.47877       0             9.47877       
0.4           1400000       396876        0             9.47876       0             9.47876       
0.35          1400000       453573        0             9.47877       0             9.47877       
0.3           1400000       529168        0             9.47876       0             9.47876       
0.25          1400000       635003        0             9.47878       0             9.47878       
--------------------
16
print average result. trial num = 10
load          deadline_rest time_high     time_low      Wh_h          Wh_l          Wh_sum
1             1400000       158750        0             9.50113       0             9.50113       
0.95          1400000       167106        0             9.50117       0             9.50117       
0.9           1400000       176390        0             9.50119       0             9.50119       
0.85          1400000       186766        0             9.50119       0             9.50119       
0.8           1400000       198439        0             9.5012        0             9.5012        
0.75          1400000       211668        0             9.50119       0             9.50119       
0.7           1400000       226787        0             9.50118       0             9.50118       
0.65          1400000       244233        0             9.50121       0             9.50121       
0.6           1400000       264585        0             9.50119       0             9.50119       
0.55          1400000       288638        0             9.50118       0             9.50118       
0.5           1400000       317503        0             9.50122       0             9.50122       
0.45          1400000       352779        0             9.50116       0             9.50116       
0.4           1400000       396876        0             9.50115       0             9.50115       
0.35          1400000       453573        0             9.50116       0             9.50116       
0.3           1400000       529168        0             9.50115       0             9.50115       
0.25          1400000       635003        0             9.50117       0             9.50117       
