load          deadline_rest time_high     time_low      Wh_h          Wh_l          Wh_sum
1             768750        1250          630000        0.0746357     2.7864        2.86104       
0.95          735525        1316          663159        0.0746477     2.7864        2.86105       
0.9           698610        1389          700001        0.0746417     2.7864        2.86105       
0.85          657352        1471          741177        0.0746566     2.7864        2.86106       
0.8           610936        1563          787501        0.0746596     2.7864        2.86106       
0.75          558332        1667          840001        0.0746506     2.7864        2.86105       
0.7           498213        1786          900001        0.0746477     2.7864        2.86105       
0.65          428844        1924          969232        0.0746715     2.7864        2.86108       
0.6           347915        2084          1050001       0.0746596     2.7864        2.86106       
0.55          252272        2273          1145455       0.0746447     2.7864        2.86105       
0.5           137497        2501          1260002       0.0746656     2.7864        2.86107       
0.45          25420         13112         1361468       0.352304      2.70971       3.06201       
0.4           22724         75675         1301601       1.80738       2.30272       4.1101        
0.35          20859         155316        1223825       3.24579       1.89448       5.14027       
0.3           4737          255402        1139861       4.57491       1.51243       6.08734       
0.25          6797          383202        1010001       5.72011       1.11677       6.83688       
--------------------
first trial!!
16
load          deadline_rest time_high     time_low      Wh_h          Wh_l          Wh_sum
1             768750        1250          630000        0.0746357     2.7864        2.86104       
0.95          735525        1316          663159        0.0746477     2.7864        2.86105       
0.9           698610        1389          700001        0.0746417     2.7864        2.86105       
0.85          657352        1471          741177        0.0746566     2.7864        2.86106       
0.8           610936        1563          787501        0.0746596     2.7864        2.86106       
0.75          558332        1667          840001        0.0746506     2.7864        2.86105       
0.7           498213        1786          900001        0.0746477     2.7864        2.86105       
0.65          428844        1924          969232        0.0746715     2.7864        2.86108       
0.6           347915        2084          1050001       0.0746596     2.7864        2.86106       
0.55          252272        2273          1145455       0.0746447     2.7864        2.86105       
0.5           137497        2501          1260002       0.0746656     2.7864        2.86107       
0.45          25420         13112         1361468       0.352304      2.70971       3.06201       
0.4           22724         75675         1301601       1.80738       2.30272       4.1101        
0.35          20859         155316        1223825       3.24579       1.89448       5.14027       
0.3           4737          255402        1139861       4.57491       1.51243       6.08734       
0.25          6797          383202        1010001       5.72011       1.11677       6.83688       
--------------------
16
load          deadline_rest time_high     time_low      Wh_h          Wh_l          Wh_sum
1             768750        1250          630000        0.0746357     2.7864        2.86104       
0.95          735525        1316          663159        0.0746477     2.7864        2.86105       
0.9           698610        1389          700001        0.0746417     2.7864        2.86105       
0.85          657352        1471          741177        0.0746566     2.7864        2.86106       
0.8           610936        1563          787501        0.0746596     2.7864        2.86106       
0.75          558332        1667          840001        0.0746506     2.7864        2.86105       
0.7           498213        1786          900001        0.0746477     2.7864        2.86105       
0.65          428844        1924          969232        0.0746715     2.7864        2.86108       
0.6           347915        2084          1050001       0.0746596     2.7864        2.86106       
0.55          252272        2273          1145455       0.0746447     2.7864        2.86105       
0.5           137497        2501          1260002       0.0746656     2.7864        2.86107       
0.45          25420         13112         1361468       0.352304      2.70971       3.06201       
0.4           22724         75675         1301601       1.80738       2.30272       4.1101        
0.35          20859         155316        1223825       3.24579       1.89448       5.14027       
0.3           4737          255402        1139861       4.57491       1.51243       6.08734       
0.25          6797          383202        1010001       5.72011       1.11677       6.83688       
--------------------
16
load          deadline_rest time_high     time_low      Wh_h          Wh_l          Wh_sum
1             768750        1250          630000        0.0746357     2.7864        2.86104       
0.95          735525        1316          663159        0.0746477     2.7864        2.86105       
0.9           698610        1389          700001        0.0746417     2.7864        2.86105       
0.85          657352        1471          741177        0.0746566     2.7864        2.86106       
0.8           610936        1563          787501        0.0746596     2.7864        2.86106       
0.75          558332        1667          840001        0.0746506     2.7864        2.86105       
0.7           498213        1786          900001        0.0746477     2.7864        2.86105       
0.65          428844        1924          969232        0.0746715     2.7864        2.86108       
0.6           347915        2084          1050001       0.0746596     2.7864        2.86106       
0.55          252272        2273          1145455       0.0746447     2.7864        2.86105       
0.5           137497        2501          1260002       0.0746656     2.7864        2.86107       
0.45          25420         13112         1361468       0.352304      2.70971       3.06201       
0.4           22724         75675         1301601       1.80738       2.30272       4.1101        
0.35          20859         155316        1223825       3.24579       1.89448       5.14027       
0.3           4737          255402        1139861       4.57491       1.51243       6.08734       
0.25          6797          383202        1010001       5.72011       1.11677       6.83688       
--------------------
16
load          deadline_rest time_high     time_low      Wh_h          Wh_l          Wh_sum
1             768750        1250          630000        0.0746357     2.7864        2.86104       
0.95          735525        1316          663159        0.0746477     2.7864        2.86105       
0.9           698610        1389          700001        0.0746417     2.7864        2.86105       
0.85          657352        1471          741177        0.0746566     2.7864        2.86106       
0.8           610936        1563          787501        0.0746596     2.7864        2.86106       
0.75          558332        1667          840001        0.0746506     2.7864        2.86105       
0.7           498213        1786          900001        0.0746477     2.7864        2.86105       
0.65          428844        1924          969232        0.0746715     2.7864        2.86108       
0.6           347915        2084          1050001       0.0746596     2.7864        2.86106       
0.55          252272        2273          1145455       0.0746447     2.7864        2.86105       
0.5           137497        2501          1260002       0.0746656     2.7864        2.86107       
0.45          25420         13112         1361468       0.352304      2.70971       3.06201       
0.4           22724         75675         1301601       1.80738       2.30272       4.1101        
0.35          20859         155316        1223825       3.24579       1.89448       5.14027       
0.3           4737          255402        1139861       4.57491       1.51243       6.08734       
0.25          6797          383202        1010001       5.72011       1.11677       6.83688       
--------------------
16
load          deadline_rest time_high     time_low      Wh_h          Wh_l          Wh_sum
1             768750        1250          630000        0.0746357     2.7864        2.86104       
0.95          735525        1316          663159        0.0746477     2.7864        2.86105       
0.9           698610        1389          700001        0.0746417     2.7864        2.86105       
0.85          657352        1471          741177        0.0746566     2.7864        2.86106       
0.8           610936        1563          787501        0.0746596     2.7864        2.86106       
0.75          558332        1667          840001        0.0746506     2.7864        2.86105       
0.7           498213        1786          900001        0.0746477     2.7864        2.86105       
0.65          428844        1924          969232        0.0746715     2.7864        2.86108       
0.6           347915        2084          1050001       0.0746596     2.7864        2.86106       
0.55          252272        2273          1145455       0.0746447     2.7864        2.86105       
0.5           137497        2501          1260002       0.0746656     2.7864        2.86107       
0.45          25420         13112         1361468       0.352304      2.70971       3.06201       
0.4           22724         75675         1301601       1.80738       2.30272       4.1101        
0.35          20859         155316        1223825       3.24579       1.89448       5.14027       
0.3           4737          255402        1139861       4.57491       1.51243       6.08734       
0.25          6797          383202        1010001       5.72011       1.11677       6.83688       
--------------------
16
load          deadline_rest time_high     time_low      Wh_h          Wh_l          Wh_sum
1             768750        1250          630000        0.0746357     2.7864        2.86104       
0.95          735525        1316          663159        0.0746477     2.7864        2.86105       
0.9           698610        1389          700001        0.0746417     2.7864        2.86105       
0.85          657352        1471          741177        0.0746566     2.7864        2.86106       
0.8           610936        1563          787501        0.0746596     2.7864        2.86106       
0.75          558332        1667          840001        0.0746506     2.7864        2.86105       
0.7           498213        1786          900001        0.0746477     2.7864        2.86105       
0.65          428844        1924          969232        0.0746715     2.7864        2.86108       
0.6           347915        2084          1050001       0.0746596     2.7864        2.86106       
0.55          252272        2273          1145455       0.0746447     2.7864        2.86105       
0.5           137497        2501          1260002       0.0746656     2.7864        2.86107       
0.45          25420         13112         1361468       0.352304      2.70971       3.06201       
0.4           22724         75675         1301601       1.80738       2.30272       4.1101        
0.35          20859         155316        1223825       3.24579       1.89448       5.14027       
0.3           4737          255402        1139861       4.57491       1.51243       6.08734       
0.25          6797          383202        1010001       5.72011       1.11677       6.83688       
--------------------
16
load          deadline_rest time_high     time_low      Wh_h          Wh_l          Wh_sum
1             768750        1250          630000        0.0746357     2.7864        2.86104       
0.95          735525        1316          663159        0.0746477     2.7864        2.86105       
0.9           698610        1389          700001        0.0746417     2.7864        2.86105       
0.85          657352        1471          741177        0.0746566     2.7864        2.86106       
0.8           610936        1563          787501        0.0746596     2.7864        2.86106       
0.75          558332        1667          840001        0.0746506     2.7864        2.86105       
0.7           498213        1786          900001        0.0746477     2.7864        2.86105       
0.65          428844        1924          969232        0.0746715     2.7864        2.86108       
0.6           347915        2084          1050001       0.0746596     2.7864        2.86106       
0.55          252272        2273          1145455       0.0746447     2.7864        2.86105       
0.5           137497        2501          1260002       0.0746656     2.7864        2.86107       
0.45          25420         13112         1361468       0.352304      2.70971       3.06201       
0.4           22724         75675         1301601       1.80738       2.30272       4.1101        
0.35          20859         155316        1223825       3.24579       1.89448       5.14027       
0.3           4737          255402        1139861       4.57491       1.51243       6.08734       
0.25          6797          383202        1010001       5.72011       1.11677       6.83688       
--------------------
16
load          deadline_rest time_high     time_low      Wh_h          Wh_l          Wh_sum
1             768750        1250          630000        0.0746357     2.7864        2.86104       
0.95          735525        1316          663159        0.0746477     2.7864        2.86105       
0.9           698610        1389          700001        0.0746417     2.7864        2.86105       
0.85          657352        1471          741177        0.0746566     2.7864        2.86106       
0.8           610936        1563          787501        0.0746596     2.7864        2.86106       
0.75          558332        1667          840001        0.0746506     2.7864        2.86105       
0.7           498213        1786          900001        0.0746477     2.7864        2.86105       
0.65          428844        1924          969232        0.0746715     2.7864        2.86108       
0.6           347915        2084          1050001       0.0746596     2.7864        2.86106       
0.55          252272        2273          1145455       0.0746447     2.7864        2.86105       
0.5           137497        2501          1260002       0.0746656     2.7864        2.86107       
0.45          25420         13112         1361468       0.352304      2.70971       3.06201       
0.4           22724         75675         1301601       1.80738       2.30272       4.1101        
0.35          20859         155316        1223825       3.24579       1.89448       5.14027       
0.3           4737          255402        1139861       4.57491       1.51243       6.08734       
0.25          6797          383202        1010001       5.72011       1.11677       6.83688       
--------------------
16
load          deadline_rest time_high     time_low      Wh_h          Wh_l          Wh_sum
1             768750        1250          630000        0.0746357     2.7864        2.86104       
0.95          735525        1316          663159        0.0746477     2.7864        2.86105       
0.9           698610        1389          700001        0.0746417     2.7864        2.86105       
0.85          657352        1471          741177        0.0746566     2.7864        2.86106       
0.8           610936        1563          787501        0.0746596     2.7864        2.86106       
0.75          558332        1667          840001        0.0746506     2.7864        2.86105       
0.7           498213        1786          900001        0.0746477     2.7864        2.86105       
0.65          428844        1924          969232        0.0746715     2.7864        2.86108       
0.6           347915        2084          1050001       0.0746596     2.7864        2.86106       
0.55          252272        2273          1145455       0.0746447     2.7864        2.86105       
0.5           137497        2501          1260002       0.0746656     2.7864        2.86107       
0.45          25420         13112         1361468       0.352304      2.70971       3.06201       
0.4           22724         75675         1301601       1.80738       2.30272       4.1101        
0.35          20859         155316        1223825       3.24579       1.89448       5.14027       
0.3           4737          255402        1139861       4.57491       1.51243       6.08734       
0.25          6797          383202        1010001       5.72011       1.11677       6.83688       
--------------------
16
print average result. trial num = 10
load          deadline_rest time_high     time_low      Wh_h          Wh_l          Wh_sum
1             768750        1250          630000        0.0746357     2.7864        2.86104       
0.95          735525        1316          663159        0.0746477     2.7864        2.86105       
0.9           698610        1389          700001        0.0746417     2.7864        2.86105       
0.85          657352        1471          741177        0.0746566     2.7864        2.86106       
0.8           610936        1563          787501        0.0746596     2.7864        2.86106       
0.75          558332        1667          840001        0.0746506     2.7864        2.86105       
0.7           498213        1786          900001        0.0746477     2.7864        2.86105       
0.65          428844        1924          969232        0.0746715     2.7864        2.86108       
0.6           347915        2084          1050001       0.0746596     2.7864        2.86106       
0.55          252272        2273          1145455       0.0746447     2.7864        2.86105       
0.5           137497        2501          1260002       0.0746656     2.7864        2.86107       
0.45          25420         13112         1361468       0.352304      2.70971       3.06201       
0.4           22724         75675         1301601       1.80738       2.30272       4.1101        
0.35          20859         155316        1223825       3.24579       1.89448       5.14027       
0.3           4737          255402        1139861       4.57491       1.51243       6.08734       
0.25          6797          383202        1010001       5.72011       1.11677       6.83688       
