load          deadline_rest time_high     time_low      Wh_h          Wh_l          Wh_sum
1             768750        1250          630000        0.0746357     2.7864        2.86104       
0.95          735525        1316          663159        0.0746477     2.7864        2.86105       
0.9           698610        1389          700001        0.0746417     2.7864        2.86105       
0.85          657352        1471          741177        0.0746566     2.7864        2.86106       
0.8           610936        1563          787501        0.0746596     2.7864        2.86106       
0.75          558332        1667          840001        0.0746506     2.7864        2.86105       
0.7           498213        1786          900001        0.0746477     2.7864        2.86105       
0.65          428844        1924          969232        0.0746715     2.7864        2.86108       
0.6           347915        2084          1050001       0.0746596     2.7864        2.86106       
0.55          252272        2273          1145455       0.0746447     2.7864        2.86105       
0.5           137497        2501          1260002       0.0746656     2.7864        2.86107       
0.45          25420         13112         1361468       0.352304      2.70971       3.06201       
0.4           22724         75675         1301601       1.80738       2.30272       4.1101        
0.35          20859         155316        1223825       3.24579       1.89448       5.14027       
0.3           4737          255402        1139861       4.57491       1.51243       6.08734       
0.25          6797          383202        1010001       5.72011       1.11677       6.83688       
--------------------
first trial!!
16
load          deadline_rest time_high     time_low      Wh_h          Wh_l          Wh_sum
1             768750        1250          630000        0.0746357     2.7864        2.86104       
0.95          735525        1316          663159        0.0746477     2.7864        2.86105       
0.9           698610        1389          700001        0.0746417     2.7864        2.86105       
0.85          657352        1471          741177        0.0746566     2.7864        2.86106       
0.8           610936        1563          787501        0.0746596     2.7864        2.86106       
0.75          558332        1667          840001        0.0746506     2.7864        2.86105       
0.7           498213        1786          900001        0.0746477     2.7864        2.86105       
0.65          428844        1924          969232        0.0746715     2.7864        2.86108       
0.6           347915        2084          1050001       0.0746596     2.7864        2.86106       
0.55          252272        2273          1145455       0.0746447     2.7864        2.86105       
0.5           137497        2501          1260002       0.0746656     2.7864        2.86107       
0.45          25420         13112         1361468       0.352304      2.70971       3.06201       
0.4           22724         75675         1301601       1.80738       2.30272       4.1101        
0.35          20859         155316        1223825       3.24579       1.89448       5.14027       
0.3           4737          255402        1139861       4.57491       1.51243       6.08734       
0.25          6797          383202        1010001       5.72011       1.11677       6.83688       
--------------------
16
load          deadline_rest time_high     time_low      Wh_h          Wh_l          Wh_sum
1             768750        1250          630000        0.0746357     2.7864        2.86104       
0.95          735525        1316          663159        0.0746477     2.7864        2.86105       
0.9           698610        1389          700001        0.0746417     2.7864        2.86105       
0.85          657352        1471          741177        0.0746566     2.7864        2.86106       
0.8           610936        1563          787501        0.0746596     2.7864        2.86106       
0.75          558332        1667          840001        0.0746506     2.7864        2.86105       
0.7           498213        1786          900001        0.0746477     2.7864        2.86105       
0.65          428844        1924          969232        0.0746715     2.7864        2.86108       
0.6           347915        2084          1050001       0.0746596     2.7864        2.86106       
0.55          252272        2273          1145455       0.0746447     2.7864        2.86105       
0.5           137497        2501          1260002       0.0746656     2.7864        2.86107       
0.45          25420         13112         1361468       0.352304      2.70971       3.06201       
0.4           22724         75675         1301601       1.80738       2.30272       4.1101        
0.35          20859         155316        1223825       3.24579       1.89448       5.14027       
0.3           4737          255402        1139861       4.57491       1.51243       6.08734       
0.25          6797          383202        1010001       5.72011       1.11677       6.83688       
--------------------
16
load          deadline_rest time_high     time_low      Wh_h          Wh_l          Wh_sum
1             768750        1250          630000        0.0746357     2.7864        2.86104       
0.95          735525        1316          663159        0.0746477     2.7864        2.86105       
0.9           698610        1389          700001        0.0746417     2.7864        2.86105       
0.85          657352        1471          741177        0.0746566     2.7864        2.86106       
0.8           610936        1563          787501        0.0746596     2.7864        2.86106       
0.75          558332        1667          840001        0.0746506     2.7864        2.86105       
0.7           498213        1786          900001        0.0746477     2.7864        2.86105       
0.65          428844        1924          969232        0.0746715     2.7864        2.86108       
0.6           347915        2084          1050001       0.0746596     2.7864        2.86106       
0.55          252272        2273          1145455       0.0746447     2.7864        2.86105       
0.5           137497        2501          1260002       0.0746656     2.7864        2.86107       
0.45          25420         13112         1361468       0.352304      2.70971       3.06201       
0.4           22724         75675         1301601       1.80738       2.30272       4.1101        
0.35          20859         155316        1223825       3.24579       1.89448       5.14027       
0.3           4737          255402        1139861       4.57491       1.51243       6.08734       
0.25          6797          383202        1010001       5.72011       1.11677       6.83688       
--------------------
16
load          deadline_rest time_high     time_low      Wh_h          Wh_l          Wh_sum
1             678750        1250          720000        0.0746357     3.18446       3.25909       
0.95          640788        1316          757896        0.0746477     3.18446       3.25911       
0.9           598610        1389          800001        0.0746417     3.18446       3.2591        
0.85          551469        1471          847060        0.0746566     3.18446       3.25912       
0.8           498437        1563          900000        0.0746596     3.18446       3.25912       
0.75          438332        1667          960001        0.0746506     3.18446       3.25911       
0.7           369641        1786          1028573       0.0746477     3.18446       3.25911       
0.65          290382        1924          1107694       0.0746715     3.18446       3.25913       
0.6           197915        2084          1200001       0.0746596     3.18446       3.25912       
0.55          88635         2273          1309092       0.0746447     3.18446       3.2591        
0.5           47697         33502         1318801       1.00018       2.91643       3.91661       
0.45          36822         88245         1274933       2.37104       2.53748       4.90852       
0.4           36249         159850        1203901       3.81777       2.12987       5.94764       
0.35          18233         249489        1132278       5.21382       1.75277       6.96659       
0.3           14736         358735        1026529       6.42587       1.36206       7.78792       
0.25          197           501002        898801        7.47853       0.993817      8.47235       
--------------------
16
load          deadline_rest time_high     time_low      Wh_h          Wh_l          Wh_sum
1             768750        1250          630000        0.0746357     2.7864        2.86104       
0.95          735525        1316          663159        0.0746477     2.7864        2.86105       
0.9           698610        1389          700001        0.0746417     2.7864        2.86105       
0.85          657352        1471          741177        0.0746566     2.7864        2.86106       
0.8           610936        1563          787501        0.0746596     2.7864        2.86106       
0.75          558332        1667          840001        0.0746506     2.7864        2.86105       
0.7           498213        1786          900001        0.0746477     2.7864        2.86105       
0.65          428844        1924          969232        0.0746715     2.7864        2.86108       
0.6           347915        2084          1050001       0.0746596     2.7864        2.86106       
0.55          252272        2273          1145455       0.0746447     2.7864        2.86105       
0.5           137497        2501          1260002       0.0746656     2.7864        2.86107       
0.45          25420         13112         1361468       0.352304      2.70971       3.06201       
0.4           22724         75675         1301601       1.80738       2.30272       4.1101        
0.35          20859         155316        1223825       3.24579       1.89448       5.14027       
0.3           4737          255402        1139861       4.57491       1.51243       6.08734       
0.25          6797          383202        1010001       5.72011       1.11677       6.83688       
--------------------
16
load          deadline_rest time_high     time_low      Wh_h          Wh_l          Wh_sum
1             768750        1250          630000        0.0746357     2.7864        2.86104       
0.95          735525        1316          663159        0.0746477     2.7864        2.86105       
0.9           698610        1389          700001        0.0746417     2.7864        2.86105       
0.85          657352        1471          741177        0.0746566     2.7864        2.86106       
0.8           610936        1563          787501        0.0746596     2.7864        2.86106       
0.75          558332        1667          840001        0.0746506     2.7864        2.86105       
0.7           498213        1786          900001        0.0746477     2.7864        2.86105       
0.65          428844        1924          969232        0.0746715     2.7864        2.86108       
0.6           347915        2084          1050001       0.0746596     2.7864        2.86106       
0.55          252272        2273          1145455       0.0746447     2.7864        2.86105       
0.5           137497        2501          1260002       0.0746656     2.7864        2.86107       
0.45          25420         13112         1361468       0.352304      2.70971       3.06201       
0.4           22724         75675         1301601       1.80738       2.30272       4.1101        
0.35          20859         155316        1223825       3.24579       1.89448       5.14027       
0.3           4737          255402        1139861       4.57491       1.51243       6.08734       
0.25          6797          383202        1010001       5.72011       1.11677       6.83688       
--------------------
16
load          deadline_rest time_high     time_low      Wh_h          Wh_l          Wh_sum
1             768750        1250          630000        0.0746357     2.7864        2.86104       
0.95          735525        1316          663159        0.0746477     2.7864        2.86105       
0.9           698610        1389          700001        0.0746417     2.7864        2.86105       
0.85          657352        1471          741177        0.0746566     2.7864        2.86106       
0.8           610936        1563          787501        0.0746596     2.7864        2.86106       
0.75          558332        1667          840001        0.0746506     2.7864        2.86105       
0.7           498213        1786          900001        0.0746477     2.7864        2.86105       
0.65          428844        1924          969232        0.0746715     2.7864        2.86108       
0.6           347915        2084          1050001       0.0746596     2.7864        2.86106       
0.55          252272        2273          1145455       0.0746447     2.7864        2.86105       
0.5           137497        2501          1260002       0.0746656     2.7864        2.86107       
0.45          25420         13112         1361468       0.352304      2.70971       3.06201       
0.4           22724         75675         1301601       1.80738       2.30272       4.1101        
0.35          20859         155316        1223825       3.24579       1.89448       5.14027       
0.3           4737          255402        1139861       4.57491       1.51243       6.08734       
0.25          6797          383202        1010001       5.72011       1.11677       6.83688       
--------------------
16
load          deadline_rest time_high     time_low      Wh_h          Wh_l          Wh_sum
1             788750        1250          610000        0.0746357     2.69794       2.77258       
0.95          756578        1316          642106        0.0746477     2.69795       2.77259       
0.9           720832        1389          677779        0.0746417     2.69795       2.77259       
0.85          680881        1471          717648        0.0746566     2.69795       2.7726        
0.8           635935        1563          762502        0.0746596     2.69795       2.77261       
0.75          584998        1667          813335        0.0746506     2.69795       2.7726        
0.7           526785        1786          871429        0.0746477     2.69794       2.77259       
0.65          459614        1924          938462        0.0746715     2.69794       2.77262       
0.6           381248        2084          1016668       0.0746596     2.69795       2.77261       
0.55          288635        2273          1109092       0.0746447     2.69795       2.77259       
0.5           177497        2501          1220002       0.0746656     2.69795       2.77261       
0.45          41665         2778          1355557       0.0746417     2.69795       2.77259       
0.4           35024         62175         1302801       1.48495       2.30484       3.78979       
0.35          12427         133458        1254115       2.78901       1.94137       4.73038       
0.3           2899          232567        1164534       4.16587       1.54517       5.71104       
0.25          14197         359002        1026801       5.35887       1.13535       6.49422       
--------------------
16
load          deadline_rest time_high     time_low      Wh_h          Wh_l          Wh_sum
1             768750        1250          630000        0.0746357     2.7864        2.86104       
0.95          735525        1316          663159        0.0746477     2.7864        2.86105       
0.9           698610        1389          700001        0.0746417     2.7864        2.86105       
0.85          657352        1471          741177        0.0746566     2.7864        2.86106       
0.8           610936        1563          787501        0.0746596     2.7864        2.86106       
0.75          558332        1667          840001        0.0746506     2.7864        2.86105       
0.7           498213        1786          900001        0.0746477     2.7864        2.86105       
0.65          428844        1924          969232        0.0746715     2.7864        2.86108       
0.6           347915        2084          1050001       0.0746596     2.7864        2.86106       
0.55          252272        2273          1145455       0.0746447     2.7864        2.86105       
0.5           137497        2501          1260002       0.0746656     2.7864        2.86107       
0.45          25420         13112         1361468       0.352304      2.70971       3.06201       
0.4           22724         75675         1301601       1.80738       2.30272       4.1101        
0.35          20859         155316        1223825       3.24579       1.89448       5.14027       
0.3           4737          255402        1139861       4.57491       1.51243       6.08734       
0.25          6797          383202        1010001       5.72011       1.11677       6.83688       
--------------------
16
print average result. trial num = 10
load          deadline_rest time_high     time_low      Wh_h          Wh_l          Wh_sum
1             761750        1250          630000        0.0746357     2.81736       2.892         
0.95          728156        1316          663159        0.0746477     2.81736       2.89201       
0.9           690832        1389          700001        0.0746417     2.81736       2.89201       
0.85          649116        1471          741177        0.0746566     2.81736       2.89202       
0.8           602186        1563          787501        0.0746596     2.81736       2.89202       
0.75          548998        1667          840001        0.0746506     2.81736       2.89201       
0.7           488213        1786          900001        0.0746477     2.81736       2.89201       
0.65          418074        1924          969232        0.0746715     2.81736       2.89203       
0.6           336248        2084          1050001       0.0746596     2.81736       2.89202       
0.55          239544        2273          1145455       0.0746447     2.81736       2.89201       
0.5           132517        2501          1260002       0.167217      2.79056       2.95778       
0.45          28184         13112         1361468       0.526412      2.69131       3.21772       
0.4           25306         75675         1301601       1.97617       2.28565       4.26182       
0.35          19753         155316        1223825       3.39692       1.885         5.28192       
0.3           5553          255402        1139861       4.7191        1.50067       6.21977       
0.25          6877          383202        1010001       5.85983       1.10633       6.96616       
