load          deadline_rest time_high     time_low      Wh_h          Wh_l          Wh_sum
1             934250        60150         405600        3.59147       1.79391       5.38538       
0.95          900095        59906         439999        3.39806       1.84875       5.24681       
0.9           862145        59634         478221        3.20459       1.90359       5.10819       
0.85          819730        59330         520940        3.01113       1.95844       4.96957       
0.8           804087        70613         525300        3.37296       1.85866       5.23162       
0.75          888733        116467        394800        5.21556       1.30961       6.52517       
0.7           829888        120744        449368        5.04662       1.39124       6.43786       
0.65          798184        134370        467446        5.21498       1.34384       6.55882       
0.6           839171        178902        381927        6.40919       1.01353       7.42271       
0.55          786657        194401        418942        6.38407       1.01911       7.40318       
0.5           817197        246800        336003        7.36804       0.743047      8.11108       
0.45          793158        286758        320084        7.70486       0.637059      8.34192       
0.4           784250        347251        268499        8.29354       0.475013      8.76856       
0.35          755525        422604        221871        8.83158       0.343456      9.17503       
0.3           748938        507203        143859        9.08531       0.19088       9.27619       
0.25          749997        630002        20001         9.40413       0.0221154     9.42625       
--------------------
first trial!!
16
load          deadline_rest time_high     time_low      Wh_h          Wh_l          Wh_sum
1             953200        59800         387000        3.57057       1.71165       5.28222       
0.95          920359        59643         419998        3.38314       1.76471       5.14785       
0.9           883866        59467         456667        3.19562       1.8178        5.01342       
0.85          843082        59271         497647        3.00814       1.87087       4.87901       
0.8           797201        59051         543748        2.82068       1.92394       4.74462       
0.75          862398        98801         438801        4.42445       1.45557       5.88002       
0.7           860176        121316        418508        5.07052       1.2957        6.36622       
0.65          791603        120986        487411        4.69554       1.40124       6.09677       
0.6           836298        163100        400602        5.84308       1.06308       6.90616       
0.55          783274        180219        436507        5.91834       1.06183       6.98017       
0.5           819197        230401        350402        6.87846       0.774889      7.65335       
0.45          790935        271202        337863        7.28689       0.672444      7.95933       
0.4           779500        329001        291499        7.85767       0.515703      8.37338       
0.35          766398        402515        231087        8.41176       0.357723      8.76948       
0.3           747001        489001        163998        8.75927       0.217602      8.97687       
0.25          739997        600001        60002         8.9563        0.0663451     9.02265       
--------------------
16
load          deadline_rest time_high     time_low      Wh_h          Wh_l          Wh_sum
1             934250        60150         405600        3.59147       1.79391       5.38538       
0.95          900095        59906         439999        3.39806       1.84875       5.24681       
0.9           862145        59634         478221        3.20459       1.90359       5.10819       
0.85          819730        59330         520940        3.01113       1.95844       4.96957       
0.8           804087        70613         525300        3.37296       1.85866       5.23162       
0.75          888733        116467        394800        5.21556       1.30961       6.52517       
0.7           829888        120744        449368        5.04662       1.39124       6.43786       
0.65          798184        134370        467446        5.21498       1.34384       6.55882       
0.6           839171        178902        381927        6.40919       1.01353       7.42271       
0.55          786657        194401        418942        6.38407       1.01911       7.40318       
0.5           817197        246800        336003        7.36804       0.743047      8.11108       
0.45          793158        286758        320084        7.70486       0.637059      8.34192       
0.4           784250        347251        268499        8.29354       0.475013      8.76856       
0.35          755525        422604        221871        8.83158       0.343456      9.17503       
0.3           748938        507203        143859        9.08531       0.19088       9.27619       
0.25          749997        630002        20001         9.40413       0.0221154     9.42625       
--------------------
16
load          deadline_rest time_high     time_low      Wh_h          Wh_l          Wh_sum
1             934250        60150         405600        3.59147       1.79391       5.38538       
0.95          900095        59906         439999        3.39806       1.84875       5.24681       
0.9           862145        59634         478221        3.20459       1.90359       5.10819       
0.85          819730        59330         520940        3.01113       1.95844       4.96957       
0.8           804087        70613         525300        3.37296       1.85866       5.23162       
0.75          888733        116467        394800        5.21556       1.30961       6.52517       
0.7           829888        120744        449368        5.04662       1.39124       6.43786       
0.65          798184        134370        467446        5.21498       1.34384       6.55882       
0.6           839171        178902        381927        6.40919       1.01353       7.42271       
0.55          786657        194401        418942        6.38407       1.01911       7.40318       
0.5           817197        246800        336003        7.36804       0.743047      8.11108       
0.45          793158        286758        320084        7.70486       0.637059      8.34192       
0.4           784250        347251        268499        8.29354       0.475013      8.76856       
0.35          755525        422604        221871        8.83158       0.343456      9.17503       
0.3           748938        507203        143859        9.08531       0.19088       9.27619       
0.25          749997        630002        20001         9.40413       0.0221154     9.42625       
--------------------
16
load          deadline_rest time_high     time_low      Wh_h          Wh_l          Wh_sum
1             934250        60150         405600        3.59147       1.79391       5.38538       
0.95          900095        59906         439999        3.39806       1.84875       5.24681       
0.9           862145        59634         478221        3.20459       1.90359       5.10819       
0.85          819730        59330         520940        3.01113       1.95844       4.96957       
0.8           804087        70613         525300        3.37296       1.85866       5.23162       
0.75          888733        116467        394800        5.21556       1.30961       6.52517       
0.7           829888        120744        449368        5.04662       1.39124       6.43786       
0.65          798184        134370        467446        5.21498       1.34384       6.55882       
0.6           839171        178902        381927        6.40919       1.01353       7.42271       
0.55          786657        194401        418942        6.38407       1.01911       7.40318       
0.5           817197        246800        336003        7.36804       0.743047      8.11108       
0.45          793158        286758        320084        7.70486       0.637059      8.34192       
0.4           784250        347251        268499        8.29354       0.475013      8.76856       
0.35          755525        422604        221871        8.83158       0.343456      9.17503       
0.3           748938        507203        143859        9.08531       0.19088       9.27619       
0.25          749997        630002        20001         9.40413       0.0221154     9.42625       
--------------------
16
load          deadline_rest time_high     time_low      Wh_h          Wh_l          Wh_sum
1             934250        60150         405600        3.59147       1.79391       5.38538       
0.95          900095        59906         439999        3.39806       1.84875       5.24681       
0.9           862145        59634         478221        3.20459       1.90359       5.10819       
0.85          819730        59330         520940        3.01113       1.95844       4.96957       
0.8           804087        70613         525300        3.37296       1.85866       5.23162       
0.75          888733        116467        394800        5.21556       1.30961       6.52517       
0.7           829888        120744        449368        5.04662       1.39124       6.43786       
0.65          798184        134370        467446        5.21498       1.34384       6.55882       
0.6           839171        178902        381927        6.40919       1.01353       7.42271       
0.55          786657        194401        418942        6.38407       1.01911       7.40318       
0.5           817197        246800        336003        7.36804       0.743047      8.11108       
0.45          793158        286758        320084        7.70486       0.637059      8.34192       
0.4           784250        347251        268499        8.29354       0.475013      8.76856       
0.35          755525        422604        221871        8.83158       0.343456      9.17503       
0.3           748938        507203        143859        9.08531       0.19088       9.27619       
0.25          749997        630002        20001         9.40413       0.0221154     9.42625       
--------------------
16
load          deadline_rest time_high     time_low      Wh_h          Wh_l          Wh_sum
1             934250        60150         405600        3.59147       1.79391       5.38538       
0.95          900095        59906         439999        3.39806       1.84875       5.24681       
0.9           862145        59634         478221        3.20459       1.90359       5.10819       
0.85          819730        59330         520940        3.01113       1.95844       4.96957       
0.8           804087        70613         525300        3.37296       1.85866       5.23162       
0.75          888733        116467        394800        5.21556       1.30961       6.52517       
0.7           829888        120744        449368        5.04662       1.39124       6.43786       
0.65          798184        134370        467446        5.21498       1.34384       6.55882       
0.6           839171        178902        381927        6.40919       1.01353       7.42271       
0.55          786657        194401        418942        6.38407       1.01911       7.40318       
0.5           817197        246800        336003        7.36804       0.743047      8.11108       
0.45          793158        286758        320084        7.70486       0.637059      8.34192       
0.4           784250        347251        268499        8.29354       0.475013      8.76856       
0.35          755525        422604        221871        8.83158       0.343456      9.17503       
0.3           748938        507203        143859        9.08531       0.19088       9.27619       
0.25          749997        630002        20001         9.40413       0.0221154     9.42625       
--------------------
16
load          deadline_rest time_high     time_low      Wh_h          Wh_l          Wh_sum
1             941475        59225         399300        3.53624       1.76605       5.30229       
0.95          907858        58985         433157        3.34581       1.82          5.16582       
0.9           875590        60412         463998        3.2464        1.84698       5.09338       
0.85          834140        60212         505648        3.0559        1.90095       4.95684       
0.8           787512        59988         552500        2.86544       1.9549        4.82034       
0.75          878267        108534        413199        4.86031       1.37064       6.23095       
0.7           838600        118886        442514        4.96896       1.37002       6.33898       
0.65          786223        125255        488522        4.86122       1.40443       6.26565       
0.6           842760        170810        386430        6.11929       1.02547       7.14477       
0.55          770888        183084        446028        6.01243       1.08499       7.09742       
0.5           819447        237151        343402        7.07997       0.759409      7.83938       
0.45          791886        278926        329188        7.49442       0.655178      8.1496        
0.4           781692        338065        280243        8.07415       0.49579       8.56994       
0.35          767387        416101        216512        8.69568       0.335161      9.03084       
0.3           737418        496918        165664        8.90108       0.219812      9.12089       
0.25          729997        610001        60002         9.10557       0.0663451     9.17192       
--------------------
16
load          deadline_rest time_high     time_low      Wh_h          Wh_l          Wh_sum
1             934250        60150         405600        3.59147       1.79391       5.38538       
0.95          900095        59906         439999        3.39806       1.84875       5.24681       
0.9           862145        59634         478221        3.20459       1.90359       5.10819       
0.85          819730        59330         520940        3.01113       1.95844       4.96957       
0.8           804087        70613         525300        3.37296       1.85866       5.23162       
0.75          888733        116467        394800        5.21556       1.30961       6.52517       
0.7           829888        120744        449368        5.04662       1.39124       6.43786       
0.65          798184        134370        467446        5.21498       1.34384       6.55882       
0.6           839171        178902        381927        6.40919       1.01353       7.42271       
0.55          786657        194401        418942        6.38407       1.01911       7.40318       
0.5           817197        246800        336003        7.36804       0.743047      8.11108       
0.45          793158        286758        320084        7.70486       0.637059      8.34192       
0.4           784250        347251        268499        8.29354       0.475013      8.76856       
0.35          755525        422604        221871        8.83158       0.343456      9.17503       
0.3           748938        507203        143859        9.08531       0.19088       9.27619       
0.25          749997        630002        20001         9.40413       0.0221154     9.42625       
--------------------
16
load          deadline_rest time_high     time_low      Wh_h          Wh_l          Wh_sum
1             934250        60150         405600        3.59147       1.79391       5.38538       
0.95          900095        59906         439999        3.39806       1.84875       5.24681       
0.9           862145        59634         478221        3.20459       1.90359       5.10819       
0.85          819730        59330         520940        3.01113       1.95844       4.96957       
0.8           804087        70613         525300        3.37296       1.85866       5.23162       
0.75          888733        116467        394800        5.21556       1.30961       6.52517       
0.7           829888        120744        449368        5.04662       1.39124       6.43786       
0.65          798184        134370        467446        5.21498       1.34384       6.55882       
0.6           839171        178902        381927        6.40919       1.01353       7.42271       
0.55          786657        194401        418942        6.38407       1.01911       7.40318       
0.5           817197        246800        336003        7.36804       0.743047      8.11108       
0.45          793158        286758        320084        7.70486       0.637059      8.34192       
0.4           784250        347251        268499        8.29354       0.475013      8.76856       
0.35          755525        422604        221871        8.83158       0.343456      9.17503       
0.3           748938        507203        143859        9.08531       0.19088       9.27619       
0.25          749997        630002        20001         9.40413       0.0221154     9.42625       
--------------------
16
print average result. trial num = 10
load          deadline_rest time_high     time_low      Wh_h          Wh_l          Wh_sum
1             936867        60150         405600        3.58386       1.7829        5.36676       
0.95          902897        59906         439999        3.39134       1.83747       5.22881       
0.9           865661        59634         478221        3.20788       1.88935       5.09723       
0.85          823506        59330         520940        3.01531       1.94393       4.95924       
0.8           801740        70613         525300        3.26698       1.87481       5.14179       
0.75          885052        116467        394800        5.10092       1.33031       6.43123       
0.7           833788        120744        449368        5.04124       1.37957       6.42081       
0.65          796329        134370        467446        5.12766       1.35564       6.4833        
0.6           839242        178902        381927        6.32359       1.01968       7.34327       
0.55          784741        194401        418942        6.30034       1.02997       7.3303        
0.5           817622        246800        336003        7.29027       0.747867      8.03814       
0.45          792808        286758        320084        7.64202       0.642409      8.28443       
0.4           783519        347251        268499        8.22802       0.48116       8.70918       
0.35          757798        422604        221871        8.77601       0.344053      9.12006       
0.3           747592        507203        143859        9.03428       0.196446      9.23073       
0.25          746997        630002        20001         9.32949       0.0309613     9.36045       
