load          deadline_rest time_high     time_low      Wh_h          Wh_l          Wh_sum
1             1400000       158750        0             9.47874       0             9.47874       
0.95          1400000       167106        0             9.47878       0             9.47878       
0.9           1400000       176390        0             9.4788        0             9.4788        
0.85          1400000       186766        0             9.4788        0             9.4788        
0.8           1400000       198439        0             9.47881       0             9.47881       
0.75          1400000       211668        0             9.4788        0             9.4788        
0.7           1400000       226787        0             9.47879       0             9.47879       
0.65          1400000       244233        0             9.47882       0             9.47882       
0.6           1400000       264585        0             9.4788        0             9.4788        
0.55          1400000       288638        0             9.47879       0             9.47879       
0.5           1400000       317503        0             9.47883       0             9.47883       
0.45          1400000       352779        0             9.47877       0             9.47877       
0.4           1400000       396876        0             9.47876       0             9.47876       
0.35          1400000       453573        0             9.47877       0             9.47877       
0.3           1400000       529168        0             9.47876       0             9.47876       
0.25          1400000       635003        0             9.47878       0             9.47878       
--------------------
first trial!!
16
load          deadline_rest time_high     time_low      Wh_h          Wh_l          Wh_sum
1             1400000       168750        0             10.0758       0             10.0758       
0.95          1400000       177632        0             10.0758       0             10.0758       
0.9           1400000       187501        0             10.0759       0             10.0759       
0.85          1400000       198530        0             10.0759       0             10.0759       
0.8           1400000       210940        0             10.0759       0             10.0759       
0.75          1400000       225001        0             10.0759       0             10.0759       
0.7           1400000       241073        0             10.0759       0             10.0759       
0.65          1400000       259617        0             10.0759       0             10.0759       
0.6           1400000       281252        0             10.0759       0             10.0759       
0.55          1400000       306820        0             10.0759       0             10.0759       
0.5           1400000       337503        0             10.0759       0             10.0759       
0.45          1400000       375001        0             10.0758       0             10.0758       
0.4           1400000       421877        0             10.0759       0             10.0759       
0.35          1400000       482145        0             10.0759       0             10.0759       
0.3           1400000       562501        0             10.0758       0             10.0758       
0.25          1400000       675003        0             10.0759       0             10.0759       
--------------------
16
load          deadline_rest time_high     time_low      Wh_h          Wh_l          Wh_sum
1             1400000       158750        0             9.47874       0             9.47874       
0.95          1400000       167106        0             9.47878       0             9.47878       
0.9           1400000       176390        0             9.4788        0             9.4788        
0.85          1400000       186766        0             9.4788        0             9.4788        
0.8           1400000       198439        0             9.47881       0             9.47881       
0.75          1400000       211668        0             9.4788        0             9.4788        
0.7           1400000       226787        0             9.47879       0             9.47879       
0.65          1400000       244233        0             9.47882       0             9.47882       
0.6           1400000       264585        0             9.4788        0             9.4788        
0.55          1400000       288638        0             9.47879       0             9.47879       
0.5           1400000       317503        0             9.47883       0             9.47883       
0.45          1400000       352779        0             9.47877       0             9.47877       
0.4           1400000       396876        0             9.47876       0             9.47876       
0.35          1400000       453573        0             9.47877       0             9.47877       
0.3           1400000       529168        0             9.47876       0             9.47876       
0.25          1400000       635003        0             9.47878       0             9.47878       
--------------------
16
load          deadline_rest time_high     time_low      Wh_h          Wh_l          Wh_sum
1             1400000       158750        0             9.47874       0             9.47874       
0.95          1400000       167106        0             9.47878       0             9.47878       
0.9           1400000       176390        0             9.4788        0             9.4788        
0.85          1400000       186766        0             9.4788        0             9.4788        
0.8           1400000       198439        0             9.47881       0             9.47881       
0.75          1400000       211668        0             9.4788        0             9.4788        
0.7           1400000       226787        0             9.47879       0             9.47879       
0.65          1400000       244233        0             9.47882       0             9.47882       
0.6           1400000       264585        0             9.4788        0             9.4788        
0.55          1400000       288638        0             9.47879       0             9.47879       
0.5           1400000       317503        0             9.47883       0             9.47883       
0.45          1400000       352779        0             9.47877       0             9.47877       
0.4           1400000       396876        0             9.47876       0             9.47876       
0.35          1400000       453573        0             9.47877       0             9.47877       
0.3           1400000       529168        0             9.47876       0             9.47876       
0.25          1400000       635003        0             9.47878       0             9.47878       
--------------------
16
load          deadline_rest time_high     time_low      Wh_h          Wh_l          Wh_sum
1             1400000       158750        0             9.47874       0             9.47874       
0.95          1400000       167106        0             9.47878       0             9.47878       
0.9           1400000       176390        0             9.4788        0             9.4788        
0.85          1400000       186766        0             9.4788        0             9.4788        
0.8           1400000       198439        0             9.47881       0             9.47881       
0.75          1400000       211668        0             9.4788        0             9.4788        
0.7           1400000       226787        0             9.47879       0             9.47879       
0.65          1400000       244233        0             9.47882       0             9.47882       
0.6           1400000       264585        0             9.4788        0             9.4788        
0.55          1400000       288638        0             9.47879       0             9.47879       
0.5           1400000       317503        0             9.47883       0             9.47883       
0.45          1400000       352779        0             9.47877       0             9.47877       
0.4           1400000       396876        0             9.47876       0             9.47876       
0.35          1400000       453573        0             9.47877       0             9.47877       
0.3           1400000       529168        0             9.47876       0             9.47876       
0.25          1400000       635003        0             9.47878       0             9.47878       
--------------------
16
load          deadline_rest time_high     time_low      Wh_h          Wh_l          Wh_sum
1             1400000       158750        0             9.47874       0             9.47874       
0.95          1400000       167106        0             9.47878       0             9.47878       
0.9           1400000       176390        0             9.4788        0             9.4788        
0.85          1400000       186766        0             9.4788        0             9.4788        
0.8           1400000       198439        0             9.47881       0             9.47881       
0.75          1400000       211668        0             9.4788        0             9.4788        
0.7           1400000       226787        0             9.47879       0             9.47879       
0.65          1400000       244233        0             9.47882       0             9.47882       
0.6           1400000       264585        0             9.4788        0             9.4788        
0.55          1400000       288638        0             9.47879       0             9.47879       
0.5           1400000       317503        0             9.47883       0             9.47883       
0.45          1400000       352779        0             9.47877       0             9.47877       
0.4           1400000       396876        0             9.47876       0             9.47876       
0.35          1400000       453573        0             9.47877       0             9.47877       
0.3           1400000       529168        0             9.47876       0             9.47876       
0.25          1400000       635003        0             9.47878       0             9.47878       
--------------------
16
load          deadline_rest time_high     time_low      Wh_h          Wh_l          Wh_sum
1             1400000       158750        0             9.47874       0             9.47874       
0.95          1400000       167106        0             9.47878       0             9.47878       
0.9           1400000       176390        0             9.4788        0             9.4788        
0.85          1400000       186766        0             9.4788        0             9.4788        
0.8           1400000       198439        0             9.47881       0             9.47881       
0.75          1400000       211668        0             9.4788        0             9.4788        
0.7           1400000       226787        0             9.47879       0             9.47879       
0.65          1400000       244233        0             9.47882       0             9.47882       
0.6           1400000       264585        0             9.4788        0             9.4788        
0.55          1400000       288638        0             9.47879       0             9.47879       
0.5           1400000       317503        0             9.47883       0             9.47883       
0.45          1400000       352779        0             9.47877       0             9.47877       
0.4           1400000       396876        0             9.47876       0             9.47876       
0.35          1400000       453573        0             9.47877       0             9.47877       
0.3           1400000       529168        0             9.47876       0             9.47876       
0.25          1400000       635003        0             9.47878       0             9.47878       
--------------------
16
load          deadline_rest time_high     time_low      Wh_h          Wh_l          Wh_sum
1             1400000       158750        0             9.47874       0             9.47874       
0.95          1400000       167106        0             9.47878       0             9.47878       
0.9           1400000       176390        0             9.4788        0             9.4788        
0.85          1400000       186766        0             9.4788        0             9.4788        
0.8           1400000       198439        0             9.47881       0             9.47881       
0.75          1400000       211668        0             9.4788        0             9.4788        
0.7           1400000       226787        0             9.47879       0             9.47879       
0.65          1400000       244233        0             9.47882       0             9.47882       
0.6           1400000       264585        0             9.4788        0             9.4788        
0.55          1400000       288638        0             9.47879       0             9.47879       
0.5           1400000       317503        0             9.47883       0             9.47883       
0.45          1400000       352779        0             9.47877       0             9.47877       
0.4           1400000       396876        0             9.47876       0             9.47876       
0.35          1400000       453573        0             9.47877       0             9.47877       
0.3           1400000       529168        0             9.47876       0             9.47876       
0.25          1400000       635003        0             9.47878       0             9.47878       
--------------------
16
load          deadline_rest time_high     time_low      Wh_h          Wh_l          Wh_sum
1             1400000       158750        0             9.47874       0             9.47874       
0.95          1400000       167106        0             9.47878       0             9.47878       
0.9           1400000       176390        0             9.4788        0             9.4788        
0.85          1400000       186766        0             9.4788        0             9.4788        
0.8           1400000       198439        0             9.47881       0             9.47881       
0.75          1400000       211668        0             9.4788        0             9.4788        
0.7           1400000       226787        0             9.47879       0             9.47879       
0.65          1400000       244233        0             9.47882       0             9.47882       
0.6           1400000       264585        0             9.4788        0             9.4788        
0.55          1400000       288638        0             9.47879       0             9.47879       
0.5           1400000       317503        0             9.47883       0             9.47883       
0.45          1400000       352779        0             9.47877       0             9.47877       
0.4           1400000       396876        0             9.47876       0             9.47876       
0.35          1400000       453573        0             9.47877       0             9.47877       
0.3           1400000       529168        0             9.47876       0             9.47876       
0.25          1400000       635003        0             9.47878       0             9.47878       
--------------------
16
load          deadline_rest time_high     time_low      Wh_h          Wh_l          Wh_sum
1             1400000       158750        0             9.47874       0             9.47874       
0.95          1400000       167106        0             9.47878       0             9.47878       
0.9           1400000       176390        0             9.4788        0             9.4788        
0.85          1400000       186766        0             9.4788        0             9.4788        
0.8           1400000       198439        0             9.47881       0             9.47881       
0.75          1400000       211668        0             9.4788        0             9.4788        
0.7           1400000       226787        0             9.47879       0             9.47879       
0.65          1400000       244233        0             9.47882       0             9.47882       
0.6           1400000       264585        0             9.4788        0             9.4788        
0.55          1400000       288638        0             9.47879       0             9.47879       
0.5           1400000       317503        0             9.47883       0             9.47883       
0.45          1400000       352779        0             9.47877       0             9.47877       
0.4           1400000       396876        0             9.47876       0             9.47876       
0.35          1400000       453573        0             9.47877       0             9.47877       
0.3           1400000       529168        0             9.47876       0             9.47876       
0.25          1400000       635003        0             9.47878       0             9.47878       
--------------------
16
print average result. trial num = 10
load          deadline_rest time_high     time_low      Wh_h          Wh_l          Wh_sum
1             1400000       158750        0             9.53844       0             9.53844       
0.95          1400000       167106        0             9.53848       0             9.53848       
0.9           1400000       176390        0             9.5385        0             9.5385        
0.85          1400000       186766        0             9.53851       0             9.53851       
0.8           1400000       198439        0             9.53852       0             9.53852       
0.75          1400000       211668        0             9.5385        0             9.5385        
0.7           1400000       226787        0             9.5385        0             9.5385        
0.65          1400000       244233        0             9.53853       0             9.53853       
0.6           1400000       264585        0             9.53851       0             9.53851       
0.55          1400000       288638        0             9.5385        0             9.5385        
0.5           1400000       317503        0             9.53853       0             9.53853       
0.45          1400000       352779        0             9.53848       0             9.53848       
0.4           1400000       396876        0             9.53847       0             9.53847       
0.35          1400000       453573        0             9.53848       0             9.53848       
0.3           1400000       529168        0             9.53847       0             9.53847       
0.25          1400000       635003        0             9.53849       0             9.53849       
