load          deadline_rest time_high     time_low      Wh_h          Wh_l          Wh_sum
1             768750        1250          630000        0.0746357     2.7864        2.86104       
0.95          735525        1316          663159        0.0746477     2.7864        2.86105       
0.9           698610        1389          700001        0.0746417     2.7864        2.86105       
0.85          657352        1471          741177        0.0746566     2.7864        2.86106       
0.8           610936        1563          787501        0.0746596     2.7864        2.86106       
0.75          558332        1667          840001        0.0746506     2.7864        2.86105       
0.7           498213        1786          900001        0.0746477     2.7864        2.86105       
0.65          428844        1924          969232        0.0746715     2.7864        2.86108       
0.6           347915        2084          1050001       0.0746596     2.7864        2.86106       
0.55          252272        2273          1145455       0.0746447     2.7864        2.86105       
0.5           137497        2501          1260002       0.0746656     2.7864        2.86107       
0.45          25420         13112         1361468       0.352304      2.70971       3.06201       
0.4           22724         75675         1301601       1.80738       2.30272       4.1101        
0.35          20859         155316        1223825       3.24579       1.89448       5.14027       
0.3           4737          255402        1139861       4.57491       1.51243       6.08734       
0.25          6797          383202        1010001       5.72011       1.11677       6.83688       
--------------------
first trial!!
16
load          deadline_rest time_high     time_low      Wh_h          Wh_l          Wh_sum
1             768750        1250          630000        0.0746357     2.7864        2.86104       
0.95          735525        1316          663159        0.0746477     2.7864        2.86105       
0.9           698610        1389          700001        0.0746417     2.7864        2.86105       
0.85          657352        1471          741177        0.0746566     2.7864        2.86106       
0.8           610936        1563          787501        0.0746596     2.7864        2.86106       
0.75          558332        1667          840001        0.0746506     2.7864        2.86105       
0.7           498213        1786          900001        0.0746477     2.7864        2.86105       
0.65          428844        1924          969232        0.0746715     2.7864        2.86108       
0.6           347915        2084          1050001       0.0746596     2.7864        2.86106       
0.55          252272        2273          1145455       0.0746447     2.7864        2.86105       
0.5           137497        2501          1260002       0.0746656     2.7864        2.86107       
0.45          25420         13112         1361468       0.352304      2.70971       3.06201       
0.4           22724         75675         1301601       1.80738       2.30272       4.1101        
0.35          20859         155316        1223825       3.24579       1.89448       5.14027       
0.3           4737          255402        1139861       4.57491       1.51243       6.08734       
0.25          6797          383202        1010001       5.72011       1.11677       6.83688       
--------------------
16
load          deadline_rest time_high     time_low      Wh_h          Wh_l          Wh_sum
1             768750        1250          630000        0.0746357     2.7864        2.86104       
0.95          735525        1316          663159        0.0746477     2.7864        2.86105       
0.9           698610        1389          700001        0.0746417     2.7864        2.86105       
0.85          657352        1471          741177        0.0746566     2.7864        2.86106       
0.8           610936        1563          787501        0.0746596     2.7864        2.86106       
0.75          558332        1667          840001        0.0746506     2.7864        2.86105       
0.7           498213        1786          900001        0.0746477     2.7864        2.86105       
0.65          428844        1924          969232        0.0746715     2.7864        2.86108       
0.6           347915        2084          1050001       0.0746596     2.7864        2.86106       
0.55          252272        2273          1145455       0.0746447     2.7864        2.86105       
0.5           137497        2501          1260002       0.0746656     2.7864        2.86107       
0.45          25420         13112         1361468       0.352304      2.70971       3.06201       
0.4           22724         75675         1301601       1.80738       2.30272       4.1101        
0.35          20859         155316        1223825       3.24579       1.89448       5.14027       
0.3           4737          255402        1139861       4.57491       1.51243       6.08734       
0.25          6797          383202        1010001       5.72011       1.11677       6.83688       
--------------------
16
load          deadline_rest time_high     time_low      Wh_h          Wh_l          Wh_sum
1             768750        1250          630000        0.0746357     2.7864        2.86104       
0.95          735525        1316          663159        0.0746477     2.7864        2.86105       
0.9           698610        1389          700001        0.0746417     2.7864        2.86105       
0.85          657352        1471          741177        0.0746566     2.7864        2.86106       
0.8           610936        1563          787501        0.0746596     2.7864        2.86106       
0.75          558332        1667          840001        0.0746506     2.7864        2.86105       
0.7           498213        1786          900001        0.0746477     2.7864        2.86105       
0.65          428844        1924          969232        0.0746715     2.7864        2.86108       
0.6           347915        2084          1050001       0.0746596     2.7864        2.86106       
0.55          252272        2273          1145455       0.0746447     2.7864        2.86105       
0.5           137497        2501          1260002       0.0746656     2.7864        2.86107       
0.45          25420         13112         1361468       0.352304      2.70971       3.06201       
0.4           22724         75675         1301601       1.80738       2.30272       4.1101        
0.35          20859         155316        1223825       3.24579       1.89448       5.14027       
0.3           4737          255402        1139861       4.57491       1.51243       6.08734       
0.25          6797          383202        1010001       5.72011       1.11677       6.83688       
--------------------
16
load          deadline_rest time_high     time_low      Wh_h          Wh_l          Wh_sum
1             768750        1250          630000        0.0746357     2.7864        2.86104       
0.95          735525        1316          663159        0.0746477     2.7864        2.86105       
0.9           698610        1389          700001        0.0746417     2.7864        2.86105       
0.85          657352        1471          741177        0.0746566     2.7864        2.86106       
0.8           610936        1563          787501        0.0746596     2.7864        2.86106       
0.75          558332        1667          840001        0.0746506     2.7864        2.86105       
0.7           498213        1786          900001        0.0746477     2.7864        2.86105       
0.65          428844        1924          969232        0.0746715     2.7864        2.86108       
0.6           347915        2084          1050001       0.0746596     2.7864        2.86106       
0.55          252272        2273          1145455       0.0746447     2.7864        2.86105       
0.5           137497        2501          1260002       0.0746656     2.7864        2.86107       
0.45          25420         13112         1361468       0.352304      2.70971       3.06201       
0.4           22724         75675         1301601       1.80738       2.30272       4.1101        
0.35          20859         155316        1223825       3.24579       1.89448       5.14027       
0.3           4737          255402        1139861       4.57491       1.51243       6.08734       
0.25          6797          383202        1010001       5.72011       1.11677       6.83688       
--------------------
16
load          deadline_rest time_high     time_low      Wh_h          Wh_l          Wh_sum
1             753750        1250          645000        0.0746357     2.85274       2.92738       
0.95          719736        1316          678948        0.0746477     2.85275       2.92739       
0.9           681944        1389          716667        0.0746417     2.85274       2.92739       
0.85          639705        1471          758824        0.0746566     2.85274       2.9274        
0.8           592186        1563          806251        0.0746596     2.85275       2.92741       
0.75          538332        1667          860001        0.0746506     2.85275       2.9274        
0.7           476784        1786          921430        0.0746477     2.85275       2.92739       
0.65          405767        1924          992309        0.0746715     2.85275       2.92742       
0.6           322915        2084          1075001       0.0746596     2.85275       2.92741       
0.55          224999        2273          1172728       0.0746447     2.85274       2.92739       
0.5           107497        2501          1290002       0.0746656     2.85275       2.92741       
0.45          33421         26889         1339690       0.722477      2.66637       3.38884       
0.4           31725         91175         1277100       2.17757       2.25937       4.43694       
0.35          31144         173031        1195825       3.616         1.85114       5.46714       
0.3           19532         276068        1104400       4.94509       1.46538       6.41047       
0.25          2597          401802        995601        5.99776       1.10085       7.09861       
--------------------
16
load          deadline_rest time_high     time_low      Wh_h          Wh_l          Wh_sum
1             768750        1250          630000        0.0746357     2.7864        2.86104       
0.95          735525        1316          663159        0.0746477     2.7864        2.86105       
0.9           698610        1389          700001        0.0746417     2.7864        2.86105       
0.85          657352        1471          741177        0.0746566     2.7864        2.86106       
0.8           610936        1563          787501        0.0746596     2.7864        2.86106       
0.75          558332        1667          840001        0.0746506     2.7864        2.86105       
0.7           498213        1786          900001        0.0746477     2.7864        2.86105       
0.65          428844        1924          969232        0.0746715     2.7864        2.86108       
0.6           347915        2084          1050001       0.0746596     2.7864        2.86106       
0.55          252272        2273          1145455       0.0746447     2.7864        2.86105       
0.5           137497        2501          1260002       0.0746656     2.7864        2.86107       
0.45          25420         13112         1361468       0.352304      2.70971       3.06201       
0.4           22724         75675         1301601       1.80738       2.30272       4.1101        
0.35          20859         155316        1223825       3.24579       1.89448       5.14027       
0.3           4737          255402        1139861       4.57491       1.51243       6.08734       
0.25          6797          383202        1010001       5.72011       1.11677       6.83688       
--------------------
16
load          deadline_rest time_high     time_low      Wh_h          Wh_l          Wh_sum
1             788750        1250          610000        0.0746357     2.69794       2.77258       
0.95          756578        1316          642106        0.0746477     2.69795       2.77259       
0.9           720832        1389          677779        0.0746417     2.69795       2.77259       
0.85          680881        1471          717648        0.0746566     2.69795       2.7726        
0.8           635935        1563          762502        0.0746596     2.69795       2.77261       
0.75          584998        1667          813335        0.0746506     2.69795       2.7726        
0.7           526785        1786          871429        0.0746477     2.69794       2.77259       
0.65          459614        1924          938462        0.0746715     2.69794       2.77262       
0.6           381248        2084          1016668       0.0746596     2.69795       2.77261       
0.55          288635        2273          1109092       0.0746447     2.69795       2.77259       
0.5           177497        2501          1220002       0.0746656     2.69795       2.77261       
0.45          41665         2778          1355557       0.0746417     2.69795       2.77259       
0.4           35024         62175         1302801       1.48495       2.30484       3.78979       
0.35          12427         133458        1254115       2.78901       1.94137       4.73038       
0.3           2899          232567        1164534       4.16587       1.54517       5.71104       
0.25          14197         359002        1026801       5.35887       1.13535       6.49422       
--------------------
16
load          deadline_rest time_high     time_low      Wh_h          Wh_l          Wh_sum
1             768750        1250          630000        0.0746357     2.7864        2.86104       
0.95          735525        1316          663159        0.0746477     2.7864        2.86105       
0.9           698610        1389          700001        0.0746417     2.7864        2.86105       
0.85          657352        1471          741177        0.0746566     2.7864        2.86106       
0.8           610936        1563          787501        0.0746596     2.7864        2.86106       
0.75          558332        1667          840001        0.0746506     2.7864        2.86105       
0.7           498213        1786          900001        0.0746477     2.7864        2.86105       
0.65          428844        1924          969232        0.0746715     2.7864        2.86108       
0.6           347915        2084          1050001       0.0746596     2.7864        2.86106       
0.55          252272        2273          1145455       0.0746447     2.7864        2.86105       
0.5           137497        2501          1260002       0.0746656     2.7864        2.86107       
0.45          25420         13112         1361468       0.352304      2.70971       3.06201       
0.4           22724         75675         1301601       1.80738       2.30272       4.1101        
0.35          20859         155316        1223825       3.24579       1.89448       5.14027       
0.3           4737          255402        1139861       4.57491       1.51243       6.08734       
0.25          6797          383202        1010001       5.72011       1.11677       6.83688       
--------------------
16
load          deadline_rest time_high     time_low      Wh_h          Wh_l          Wh_sum
1             768750        1250          630000        0.0746357     2.7864        2.86104       
0.95          735525        1316          663159        0.0746477     2.7864        2.86105       
0.9           698610        1389          700001        0.0746417     2.7864        2.86105       
0.85          657352        1471          741177        0.0746566     2.7864        2.86106       
0.8           610936        1563          787501        0.0746596     2.7864        2.86106       
0.75          558332        1667          840001        0.0746506     2.7864        2.86105       
0.7           498213        1786          900001        0.0746477     2.7864        2.86105       
0.65          428844        1924          969232        0.0746715     2.7864        2.86108       
0.6           347915        2084          1050001       0.0746596     2.7864        2.86106       
0.55          252272        2273          1145455       0.0746447     2.7864        2.86105       
0.5           137497        2501          1260002       0.0746656     2.7864        2.86107       
0.45          25420         13112         1361468       0.352304      2.70971       3.06201       
0.4           22724         75675         1301601       1.80738       2.30272       4.1101        
0.35          20859         155316        1223825       3.24579       1.89448       5.14027       
0.3           4737          255402        1139861       4.57491       1.51243       6.08734       
0.25          6797          383202        1010001       5.72011       1.11677       6.83688       
--------------------
16
print average result. trial num = 10
load          deadline_rest time_high     time_low      Wh_h          Wh_l          Wh_sum
1             769250        1250          630000        0.0746357     2.78419       2.85882       
0.95          736051        1316          663159        0.0746477     2.78419       2.85884       
0.9           699165        1389          700001        0.0746417     2.78419       2.85883       
0.85          657940        1471          741177        0.0746566     2.78419       2.85885       
0.8           611560        1563          787501        0.0746596     2.78419       2.85885       
0.75          558998        1667          840001        0.0746506     2.78419       2.85884       
0.7           498927        1786          900001        0.0746477     2.78419       2.85884       
0.65          429613        1924          969232        0.0746715     2.78419       2.85886       
0.6           348748        2084          1050001       0.0746596     2.78419       2.85885       
0.55          253181        2273          1145455       0.0746447     2.78419       2.85883       
0.5           138497        2501          1260002       0.0746656     2.78419       2.85886       
0.45          27844         13112         1361468       0.361555      2.7042        3.06575       
0.4           24854         75675         1301601       1.81216       2.2986        4.11075       
0.35          21044         155316        1223825       3.23714       1.89484       5.13197       
0.3           6032          255402        1139861       4.57102       1.511         6.08202       
0.25          7117          383202        1010001       5.71175       1.11704       6.82879       
