load          deadline_rest time_high     time_low      Wh_h          Wh_l          Wh_sum
1             934250        60150         405600        3.59147       1.79391       5.38538       
0.95          900095        59906         439999        3.39806       1.84875       5.24681       
0.9           862145        59634         478221        3.20459       1.90359       5.10819       
0.85          819730        59330         520940        3.01113       1.95844       4.96957       
0.8           804087        70613         525300        3.37296       1.85866       5.23162       
0.75          888733        116467        394800        5.21556       1.30961       6.52517       
0.7           829888        120744        449368        5.04662       1.39124       6.43786       
0.65          798184        134370        467446        5.21498       1.34384       6.55882       
0.6           839171        178902        381927        6.40919       1.01353       7.42271       
0.55          786657        194401        418942        6.38407       1.01911       7.40318       
0.5           817197        246800        336003        7.36804       0.743047      8.11108       
0.45          793158        286758        320084        7.70486       0.637059      8.34192       
0.4           784250        347251        268499        8.29354       0.475013      8.76856       
0.35          755525        422604        221871        8.83158       0.343456      9.17503       
0.3           748938        507203        143859        9.08531       0.19088       9.27619       
0.25          749997        630002        20001         9.40413       0.0221154     9.42625       
--------------------
first trial!!
16
load          deadline_rest time_high     time_low      Wh_h          Wh_l          Wh_sum
1             953200        59800         387000        3.57057       1.71165       5.28222       
0.95          920359        59643         419998        3.38314       1.76471       5.14785       
0.9           883866        59467         456667        3.19562       1.8178        5.01342       
0.85          843082        59271         497647        3.00814       1.87087       4.87901       
0.8           797201        59051         543748        2.82068       1.92394       4.74462       
0.75          862398        98801         438801        4.42445       1.45557       5.88002       
0.7           860176        121316        418508        5.07052       1.2957        6.36622       
0.65          791603        120986        487411        4.69554       1.40124       6.09677       
0.6           836298        163100        400602        5.84308       1.06308       6.90616       
0.55          783274        180219        436507        5.91834       1.06183       6.98017       
0.5           819197        230401        350402        6.87846       0.774889      7.65335       
0.45          790935        271202        337863        7.28689       0.672444      7.95933       
0.4           779500        329001        291499        7.85767       0.515703      8.37338       
0.35          766398        402515        231087        8.41176       0.357723      8.76948       
0.3           747001        489001        163998        8.75927       0.217602      8.97687       
0.25          739997        600001        60002         8.9563        0.0663451     9.02265       
--------------------
16
load          deadline_rest time_high     time_low      Wh_h          Wh_l          Wh_sum
1             934250        60150         405600        3.59147       1.79391       5.38538       
0.95          900095        59906         439999        3.39806       1.84875       5.24681       
0.9           862145        59634         478221        3.20459       1.90359       5.10819       
0.85          819730        59330         520940        3.01113       1.95844       4.96957       
0.8           804087        70613         525300        3.37296       1.85866       5.23162       
0.75          888733        116467        394800        5.21556       1.30961       6.52517       
0.7           829888        120744        449368        5.04662       1.39124       6.43786       
0.65          798184        134370        467446        5.21498       1.34384       6.55882       
0.6           839171        178902        381927        6.40919       1.01353       7.42271       
0.55          786657        194401        418942        6.38407       1.01911       7.40318       
0.5           817197        246800        336003        7.36804       0.743047      8.11108       
0.45          793158        286758        320084        7.70486       0.637059      8.34192       
0.4           784250        347251        268499        8.29354       0.475013      8.76856       
0.35          755525        422604        221871        8.83158       0.343456      9.17503       
0.3           748938        507203        143859        9.08531       0.19088       9.27619       
0.25          749997        630002        20001         9.40413       0.0221154     9.42625       
--------------------
16
load          deadline_rest time_high     time_low      Wh_h          Wh_l          Wh_sum
1             934250        60150         405600        3.59147       1.79391       5.38538       
0.95          900095        59906         439999        3.39806       1.84875       5.24681       
0.9           862145        59634         478221        3.20459       1.90359       5.10819       
0.85          819730        59330         520940        3.01113       1.95844       4.96957       
0.8           804087        70613         525300        3.37296       1.85866       5.23162       
0.75          888733        116467        394800        5.21556       1.30961       6.52517       
0.7           829888        120744        449368        5.04662       1.39124       6.43786       
0.65          798184        134370        467446        5.21498       1.34384       6.55882       
0.6           839171        178902        381927        6.40919       1.01353       7.42271       
0.55          786657        194401        418942        6.38407       1.01911       7.40318       
0.5           817197        246800        336003        7.36804       0.743047      8.11108       
0.45          793158        286758        320084        7.70486       0.637059      8.34192       
0.4           784250        347251        268499        8.29354       0.475013      8.76856       
0.35          755525        422604        221871        8.83158       0.343456      9.17503       
0.3           748938        507203        143859        9.08531       0.19088       9.27619       
0.25          749997        630002        20001         9.40413       0.0221154     9.42625       
--------------------
16
load          deadline_rest time_high     time_low      Wh_h          Wh_l          Wh_sum
1             934250        60150         405600        3.59147       1.79391       5.38538       
0.95          900095        59906         439999        3.39806       1.84875       5.24681       
0.9           862145        59634         478221        3.20459       1.90359       5.10819       
0.85          819730        59330         520940        3.01113       1.95844       4.96957       
0.8           804087        70613         525300        3.37296       1.85866       5.23162       
0.75          888733        116467        394800        5.21556       1.30961       6.52517       
0.7           829888        120744        449368        5.04662       1.39124       6.43786       
0.65          798184        134370        467446        5.21498       1.34384       6.55882       
0.6           839171        178902        381927        6.40919       1.01353       7.42271       
0.55          786657        194401        418942        6.38407       1.01911       7.40318       
0.5           817197        246800        336003        7.36804       0.743047      8.11108       
0.45          793158        286758        320084        7.70486       0.637059      8.34192       
0.4           784250        347251        268499        8.29354       0.475013      8.76856       
0.35          755525        422604        221871        8.83158       0.343456      9.17503       
0.3           748938        507203        143859        9.08531       0.19088       9.27619       
0.25          749997        630002        20001         9.40413       0.0221154     9.42625       
--------------------
16
load          deadline_rest time_high     time_low      Wh_h          Wh_l          Wh_sum
1             934250        60150         405600        3.59147       1.79391       5.38538       
0.95          900095        59906         439999        3.39806       1.84875       5.24681       
0.9           862145        59634         478221        3.20459       1.90359       5.10819       
0.85          819730        59330         520940        3.01113       1.95844       4.96957       
0.8           804087        70613         525300        3.37296       1.85866       5.23162       
0.75          888733        116467        394800        5.21556       1.30961       6.52517       
0.7           829888        120744        449368        5.04662       1.39124       6.43786       
0.65          798184        134370        467446        5.21498       1.34384       6.55882       
0.6           839171        178902        381927        6.40919       1.01353       7.42271       
0.55          786657        194401        418942        6.38407       1.01911       7.40318       
0.5           817197        246800        336003        7.36804       0.743047      8.11108       
0.45          793158        286758        320084        7.70486       0.637059      8.34192       
0.4           784250        347251        268499        8.29354       0.475013      8.76856       
0.35          755525        422604        221871        8.83158       0.343456      9.17503       
0.3           748938        507203        143859        9.08531       0.19088       9.27619       
0.25          749997        630002        20001         9.40413       0.0221154     9.42625       
--------------------
16
load          deadline_rest time_high     time_low      Wh_h          Wh_l          Wh_sum
1             934250        60150         405600        3.59147       1.79391       5.38538       
0.95          900095        59906         439999        3.39806       1.84875       5.24681       
0.9           862145        59634         478221        3.20459       1.90359       5.10819       
0.85          819730        59330         520940        3.01113       1.95844       4.96957       
0.8           804087        70613         525300        3.37296       1.85866       5.23162       
0.75          888733        116467        394800        5.21556       1.30961       6.52517       
0.7           829888        120744        449368        5.04662       1.39124       6.43786       
0.65          798184        134370        467446        5.21498       1.34384       6.55882       
0.6           839171        178902        381927        6.40919       1.01353       7.42271       
0.55          786657        194401        418942        6.38407       1.01911       7.40318       
0.5           817197        246800        336003        7.36804       0.743047      8.11108       
0.45          793158        286758        320084        7.70486       0.637059      8.34192       
0.4           784250        347251        268499        8.29354       0.475013      8.76856       
0.35          755525        422604        221871        8.83158       0.343456      9.17503       
0.3           748938        507203        143859        9.08531       0.19088       9.27619       
0.25          749997        630002        20001         9.40413       0.0221154     9.42625       
--------------------
16
load          deadline_rest time_high     time_low      Wh_h          Wh_l          Wh_sum
1             934250        60150         405600        3.59147       1.79391       5.38538       
0.95          900095        59906         439999        3.39806       1.84875       5.24681       
0.9           862145        59634         478221        3.20459       1.90359       5.10819       
0.85          819730        59330         520940        3.01113       1.95844       4.96957       
0.8           804087        70613         525300        3.37296       1.85866       5.23162       
0.75          888733        116467        394800        5.21556       1.30961       6.52517       
0.7           829888        120744        449368        5.04662       1.39124       6.43786       
0.65          798184        134370        467446        5.21498       1.34384       6.55882       
0.6           839171        178902        381927        6.40919       1.01353       7.42271       
0.55          786657        194401        418942        6.38407       1.01911       7.40318       
0.5           817197        246800        336003        7.36804       0.743047      8.11108       
0.45          793158        286758        320084        7.70486       0.637059      8.34192       
0.4           784250        347251        268499        8.29354       0.475013      8.76856       
0.35          755525        422604        221871        8.83158       0.343456      9.17503       
0.3           748938        507203        143859        9.08531       0.19088       9.27619       
0.25          749997        630002        20001         9.40413       0.0221154     9.42625       
--------------------
16
load          deadline_rest time_high     time_low      Wh_h          Wh_l          Wh_sum
1             934250        60150         405600        3.59147       1.79391       5.38538       
0.95          900095        59906         439999        3.39806       1.84875       5.24681       
0.9           862145        59634         478221        3.20459       1.90359       5.10819       
0.85          819730        59330         520940        3.01113       1.95844       4.96957       
0.8           804087        70613         525300        3.37296       1.85866       5.23162       
0.75          888733        116467        394800        5.21556       1.30961       6.52517       
0.7           829888        120744        449368        5.04662       1.39124       6.43786       
0.65          798184        134370        467446        5.21498       1.34384       6.55882       
0.6           839171        178902        381927        6.40919       1.01353       7.42271       
0.55          786657        194401        418942        6.38407       1.01911       7.40318       
0.5           817197        246800        336003        7.36804       0.743047      8.11108       
0.45          793158        286758        320084        7.70486       0.637059      8.34192       
0.4           784250        347251        268499        8.29354       0.475013      8.76856       
0.35          755525        422604        221871        8.83158       0.343456      9.17503       
0.3           748938        507203        143859        9.08531       0.19088       9.27619       
0.25          749997        630002        20001         9.40413       0.0221154     9.42625       
--------------------
16
load          deadline_rest time_high     time_low      Wh_h          Wh_l          Wh_sum
1             934250        60150         405600        3.59147       1.79391       5.38538       
0.95          900095        59906         439999        3.39806       1.84875       5.24681       
0.9           862145        59634         478221        3.20459       1.90359       5.10819       
0.85          819730        59330         520940        3.01113       1.95844       4.96957       
0.8           804087        70613         525300        3.37296       1.85866       5.23162       
0.75          888733        116467        394800        5.21556       1.30961       6.52517       
0.7           829888        120744        449368        5.04662       1.39124       6.43786       
0.65          798184        134370        467446        5.21498       1.34384       6.55882       
0.6           839171        178902        381927        6.40919       1.01353       7.42271       
0.55          786657        194401        418942        6.38407       1.01911       7.40318       
0.5           817197        246800        336003        7.36804       0.743047      8.11108       
0.45          793158        286758        320084        7.70486       0.637059      8.34192       
0.4           784250        347251        268499        8.29354       0.475013      8.76856       
0.35          755525        422604        221871        8.83158       0.343456      9.17503       
0.3           748938        507203        143859        9.08531       0.19088       9.27619       
0.25          749997        630002        20001         9.40413       0.0221154     9.42625       
--------------------
16
print average result. trial num = 10
load          deadline_rest time_high     time_low      Wh_h          Wh_l          Wh_sum
1             936145        60150         405600        3.58938       1.78568       5.37507       
0.95          902121        59906         439999        3.39656       1.84035       5.23691       
0.9           864317        59634         478221        3.2037        1.89501       5.09871       
0.85          822065        59330         520940        3.01083       1.94968       4.96051       
0.8           803398        70613         525300        3.31773       1.86519       5.18292       
0.75          886099        116467        394800        5.13645       1.3242        6.46065       
0.7           832916        120744        449368        5.04901       1.38169       6.4307        
0.65          797525        134370        467446        5.16303       1.34958       6.51261       
0.6           838883        178902        381927        6.35258       1.01848       7.37106       
0.55          786318        194401        418942        6.3375        1.02338       7.36088       
0.5           817397        246800        336003        7.31908       0.746231      8.06531       
0.45          792935        286758        320084        7.66306       0.640597      8.30366       
0.4           783775        347251        268499        8.24996       0.479082      8.72904       
0.35          756612        422604        221871        8.7896        0.344883      9.13448       
0.3           748744        507203        143859        9.05271       0.193552      9.24626       
0.25          748997        630002        20001         9.35935       0.0265384     9.38589       
