load          deadline_rest time_high     time_low      Wh_h          Wh_l          Wh_sum
1             1230000       155000        15000         9.25483       0.0663429     9.32117       
0.95          1221051       163158        15791         9.25483       0.0663493     9.32118       
0.9           1211109       172223        16668         9.25487       0.0663482     9.32122       
0.85          1199999       182353        17648         9.25483       0.0663464     9.32118       
0.8           1187498       193751        18751         9.25488       0.0663464     9.32122       
0.75          1173332       206667        20001         9.25484       0.0663462     9.32119       
0.7           1157142       221429        21429         9.25485       0.0663442     9.32119       
0.65          1138460       238462        23078         9.25485       0.066346      9.32119       
0.6           1116665       258334        25001         9.25485       0.0663455     9.3212        
0.55          1090908       281819        27273         9.25486       0.0663435     9.3212        
0.5           1059997       310001        30002         9.25486       0.0663473     9.32121       
0.45          1022220       344445        33335         9.25484       0.0663462     9.32119       
0.4           974997        387501        37502         9.25485       0.0663464     9.3212        
0.35          914284        442858        42858         9.25485       0.0663442     9.32119       
0.3           833332        516667        50001         9.25483       0.0663442     9.32118       
0.25          749997        630002        20001         9.40413       0.0221154     9.42625       
--------------------
first trial!!
16
load          deadline_rest time_high     time_low      Wh_h          Wh_l          Wh_sum
1             1190000       155000        55000         9.25483       0.243257      9.49809       
0.95          1178946       163158        57896         9.25483       0.243262      9.4981        
0.9           1166665       172223        61112         9.25487       0.243261      9.49813       
0.85          1152940       182353        64707         9.25483       0.243261      9.49809       
0.8           1137499       193751        68750         9.25488       0.243257      9.49813       
0.75          1119999       206667        73334         9.25484       0.243259      9.4981        
0.7           1099999       221429        78572         9.25485       0.243259      9.49811       
0.65          1076921       238462        84617         9.25485       0.243262      9.49811       
0.6           1049998       258334        91668         9.25485       0.243261      9.49811       
0.55          1018180       281819        100001        9.25486       0.24326       9.49812       
0.5           979997        310001        110002        9.25486       0.243262      9.49812       
0.45          933331        344445        122224        9.25484       0.243261      9.4981        
0.4           874998        387501        137501        9.25485       0.243259      9.49811       
0.35          799998        442858        157144        9.25485       0.243259      9.49811       
0.3           699999        516667        183334        9.25483       0.243258      9.49809       
0.25          709997        670002        20001         10.0012       0.0221154     10.0233       
--------------------
16
load          deadline_rest time_high     time_low      Wh_h          Wh_l          Wh_sum
1             1232500       152500        15000         9.10556       0.0663429     9.1719        
0.95          1223682       160527        15791         9.1056        0.0663493     9.17195       
0.9           1213887       169445        16668         9.10559       0.0663482     9.17194       
0.85          1202940       179412        17648         9.10557       0.0663464     9.17192       
0.8           1190624       190625        18751         9.10556       0.0663464     9.1719        
0.75          1176665       203334        20001         9.10559       0.0663462     9.17193       
0.7           1160713       217858        21429         9.10559       0.0663442     9.17194       
0.65          1142306       234616        23078         9.10558       0.066346      9.17193       
0.6           1120832       254167        25001         9.10557       0.0663455     9.17191       
0.55          1095454       277273        27273         9.10557       0.0663435     9.17191       
0.5           1064997       305001        30002         9.10559       0.0663473     9.17193       
0.45          1027776       338889        33335         9.10556       0.0663462     9.17191       
0.4           981247        381251        37502         9.10558       0.0663464     9.17193       
0.35          921427        435715        42858         9.10557       0.0663442     9.17192       
0.3           841665        508334        50001         9.10557       0.0663442     9.17191       
0.25          729997        610001        60002         9.10557       0.0663451     9.17192       
--------------------
16
load          deadline_rest time_high     time_low      Wh_h          Wh_l          Wh_sum
1             1140000       155000        105000        9.25483       0.4644        9.71923       
0.95          1126314       163158        110528        9.25483       0.464407      9.71924       
0.9           1111109       172223        116668        9.25487       0.464405      9.71928       
0.85          1094116       182353        123531        9.25483       0.464406      9.71924       
0.8           1074999       193751        131250        9.25488       0.4644        9.71928       
0.75          1053332       206667        140001        9.25484       0.464403      9.71925       
0.7           1028570       221429        150001        9.25485       0.464403      9.71925       
0.65          999998        238462        161540        9.25485       0.464404      9.71925       
0.6           966665        258334        175001        9.25485       0.464403      9.71926       
0.55          927271        281819        190910        9.25486       0.464402      9.71926       
0.5           879997        310001        210002        9.25486       0.464404      9.71926       
0.45          822220        344445        233335        9.25484       0.464403      9.71925       
0.4           749997        387501        262502        9.25485       0.464404      9.71926       
0.35          680055        451430        268515        9.43398       0.415661      9.84965       
0.3           688032        569168        142800        10.1953       0.189475      10.3847       
0.25          674997        725003        0             10.8222       0             10.8222       
--------------------
16
load          deadline_rest time_high     time_low      Wh_h          Wh_l          Wh_sum
1             1230000       155000        15000         9.25483       0.0663429     9.32117       
0.95          1221051       163158        15791         9.25483       0.0663493     9.32118       
0.9           1211109       172223        16668         9.25487       0.0663482     9.32122       
0.85          1199999       182353        17648         9.25483       0.0663464     9.32118       
0.8           1187498       193751        18751         9.25488       0.0663464     9.32122       
0.75          1173332       206667        20001         9.25484       0.0663462     9.32119       
0.7           1157142       221429        21429         9.25485       0.0663442     9.32119       
0.65          1138460       238462        23078         9.25485       0.066346      9.32119       
0.6           1116665       258334        25001         9.25485       0.0663455     9.3212        
0.55          1090908       281819        27273         9.25486       0.0663435     9.3212        
0.5           1059997       310001        30002         9.25486       0.0663473     9.32121       
0.45          1022220       344445        33335         9.25484       0.0663462     9.32119       
0.4           974997        387501        37502         9.25485       0.0663464     9.3212        
0.35          914284        442858        42858         9.25485       0.0663442     9.32119       
0.3           833332        516667        50001         9.25483       0.0663442     9.32118       
0.25          749997        630002        20001         9.40413       0.0221154     9.42625       
--------------------
16
load          deadline_rest time_high     time_low      Wh_h          Wh_l          Wh_sum
1             1140000       155000        105000        9.25483       0.4644        9.71923       
0.95          1126314       163158        110528        9.25483       0.464407      9.71924       
0.9           1111109       172223        116668        9.25487       0.464405      9.71928       
0.85          1094116       182353        123531        9.25483       0.464406      9.71924       
0.8           1074999       193751        131250        9.25488       0.4644        9.71928       
0.75          1053332       206667        140001        9.25484       0.464403      9.71925       
0.7           1028570       221429        150001        9.25485       0.464403      9.71925       
0.65          999998        238462        161540        9.25485       0.464404      9.71925       
0.6           966665        258334        175001        9.25485       0.464403      9.71926       
0.55          927271        281819        190910        9.25486       0.464402      9.71926       
0.5           879997        310001        210002        9.25486       0.464404      9.71926       
0.45          822220        344445        233335        9.25484       0.464403      9.71925       
0.4           749997        387501        262502        9.25485       0.464404      9.71926       
0.35          680055        451430        268515        9.43398       0.415661      9.84965       
0.3           688032        569168        142800        10.1953       0.189475      10.3847       
0.25          674997        725003        0             10.8222       0             10.8222       
--------------------
16
load          deadline_rest time_high     time_low      Wh_h          Wh_l          Wh_sum
1             1230000       155000        15000         9.25483       0.0663429     9.32117       
0.95          1221051       163158        15791         9.25483       0.0663493     9.32118       
0.9           1211109       172223        16668         9.25487       0.0663482     9.32122       
0.85          1199999       182353        17648         9.25483       0.0663464     9.32118       
0.8           1187498       193751        18751         9.25488       0.0663464     9.32122       
0.75          1173332       206667        20001         9.25484       0.0663462     9.32119       
0.7           1157142       221429        21429         9.25485       0.0663442     9.32119       
0.65          1138460       238462        23078         9.25485       0.066346      9.32119       
0.6           1116665       258334        25001         9.25485       0.0663455     9.3212        
0.55          1090908       281819        27273         9.25486       0.0663435     9.3212        
0.5           1059997       310001        30002         9.25486       0.0663473     9.32121       
0.45          1022220       344445        33335         9.25484       0.0663462     9.32119       
0.4           974997        387501        37502         9.25485       0.0663464     9.3212        
0.35          914284        442858        42858         9.25485       0.0663442     9.32119       
0.3           833332        516667        50001         9.25483       0.0663442     9.32118       
0.25          749997        630002        20001         9.40413       0.0221154     9.42625       
--------------------
16
load          deadline_rest time_high     time_low      Wh_h          Wh_l          Wh_sum
1             1230000       155000        15000         9.25483       0.0663429     9.32117       
0.95          1221051       163158        15791         9.25483       0.0663493     9.32118       
0.9           1211109       172223        16668         9.25487       0.0663482     9.32122       
0.85          1199999       182353        17648         9.25483       0.0663464     9.32118       
0.8           1187498       193751        18751         9.25488       0.0663464     9.32122       
0.75          1173332       206667        20001         9.25484       0.0663462     9.32119       
0.7           1157142       221429        21429         9.25485       0.0663442     9.32119       
0.65          1138460       238462        23078         9.25485       0.066346      9.32119       
0.6           1116665       258334        25001         9.25485       0.0663455     9.3212        
0.55          1090908       281819        27273         9.25486       0.0663435     9.3212        
0.5           1059997       310001        30002         9.25486       0.0663473     9.32121       
0.45          1022220       344445        33335         9.25484       0.0663462     9.32119       
0.4           974997        387501        37502         9.25485       0.0663464     9.3212        
0.35          914284        442858        42858         9.25485       0.0663442     9.32119       
0.3           833332        516667        50001         9.25483       0.0663442     9.32118       
0.25          749997        630002        20001         9.40413       0.0221154     9.42625       
--------------------
16
load          deadline_rest time_high     time_low      Wh_h          Wh_l          Wh_sum
1             1230000       155000        15000         9.25483       0.0663429     9.32117       
0.95          1221051       163158        15791         9.25483       0.0663493     9.32118       
0.9           1211109       172223        16668         9.25487       0.0663482     9.32122       
0.85          1199999       182353        17648         9.25483       0.0663464     9.32118       
0.8           1187498       193751        18751         9.25488       0.0663464     9.32122       
0.75          1173332       206667        20001         9.25484       0.0663462     9.32119       
0.7           1157142       221429        21429         9.25485       0.0663442     9.32119       
0.65          1138460       238462        23078         9.25485       0.066346      9.32119       
0.6           1116665       258334        25001         9.25485       0.0663455     9.3212        
0.55          1090908       281819        27273         9.25486       0.0663435     9.3212        
0.5           1059997       310001        30002         9.25486       0.0663473     9.32121       
0.45          1022220       344445        33335         9.25484       0.0663462     9.32119       
0.4           974997        387501        37502         9.25485       0.0663464     9.3212        
0.35          914284        442858        42858         9.25485       0.0663442     9.32119       
0.3           833332        516667        50001         9.25483       0.0663442     9.32118       
0.25          749997        630002        20001         9.40413       0.0221154     9.42625       
--------------------
16
load          deadline_rest time_high     time_low      Wh_h          Wh_l          Wh_sum
1             1230000       155000        15000         9.25483       0.0663429     9.32117       
0.95          1221051       163158        15791         9.25483       0.0663493     9.32118       
0.9           1211109       172223        16668         9.25487       0.0663482     9.32122       
0.85          1199999       182353        17648         9.25483       0.0663464     9.32118       
0.8           1187498       193751        18751         9.25488       0.0663464     9.32122       
0.75          1173332       206667        20001         9.25484       0.0663462     9.32119       
0.7           1157142       221429        21429         9.25485       0.0663442     9.32119       
0.65          1138460       238462        23078         9.25485       0.066346      9.32119       
0.6           1116665       258334        25001         9.25485       0.0663455     9.3212        
0.55          1090908       281819        27273         9.25486       0.0663435     9.3212        
0.5           1059997       310001        30002         9.25486       0.0663473     9.32121       
0.45          1022220       344445        33335         9.25484       0.0663462     9.32119       
0.4           974997        387501        37502         9.25485       0.0663464     9.3212        
0.35          914284        442858        42858         9.25485       0.0663442     9.32119       
0.3           833332        516667        50001         9.25483       0.0663442     9.32118       
0.25          749997        630002        20001         9.40413       0.0221154     9.42625       
--------------------
16
print average result. trial num = 10
load          deadline_rest time_high     time_low      Wh_h          Wh_l          Wh_sum
1             1208250       155000        15000         9.2399        0.163646      9.40355       
0.95          1198156       163158        15791         9.23991       0.163652      9.40356       
0.9           1186942       172223        16668         9.23994       0.163651      9.40359       
0.85          1174410       182353        17648         9.23991       0.16365       9.40356       
0.8           1160310       193751        18751         9.23994       0.163648      9.40359       
0.75          1144332       206667        20001         9.23992       0.163649      9.40357       
0.7           1126070       221429        21429         9.23992       0.163647      9.40357       
0.65          1104998       238462        23078         9.23992       0.163649      9.40357       
0.6           1080415       258334        25001         9.23992       0.163648      9.40357       
0.55          1051362       281819        27273         9.23993       0.163647      9.40357       
0.5           1016497       310001        30002         9.23993       0.16365       9.40358       
0.45          973886        344445        33335         9.23992       0.163649      9.40356       
0.4           920622        387501        37502         9.23993       0.163649      9.40357       
0.35          856723        442858        42858         9.27575       0.153899      9.42965       
0.3           791772        516667        50001         9.42799       0.108662      9.53666       
0.25          728997        630002        20001         9.7176        0.0221153     9.73972       
