load          deadline_rest time_high     time_low      Wh_h          Wh_l          Wh_sum
1             678750        1250          720000        0.0746357     3.18446       3.25909       
0.95          640788        1316          757896        0.0746477     3.18446       3.25911       
0.9           598610        1389          800001        0.0746417     3.18446       3.2591        
0.85          551469        1471          847060        0.0746566     3.18446       3.25912       
0.8           498437        1563          900000        0.0746596     3.18446       3.25912       
0.75          438332        1667          960001        0.0746506     3.18446       3.25911       
0.7           369641        1786          1028573       0.0746477     3.18446       3.25911       
0.65          290382        1924          1107694       0.0746715     3.18446       3.25913       
0.6           197915        2084          1200001       0.0746596     3.18446       3.25912       
0.55          88635         2273          1309092       0.0746447     3.18446       3.2591        
0.5           47697         33502         1318801       1.00018       2.91643       3.91661       
0.45          36822         88245         1274933       2.37104       2.53748       4.90852       
0.4           36249         159850        1203901       3.81777       2.12987       5.94764       
0.35          18233         249489        1132278       5.21382       1.75277       6.96659       
0.3           14736         358735        1026529       6.42587       1.36206       7.78792       
0.25          197           501002        898801        7.47853       0.993817      8.47235       
--------------------
first trial!!
16
load          deadline_rest time_high     time_low      Wh_h          Wh_l          Wh_sum
1             768750        1250          630000        0.0746357     2.7864        2.86104       
0.95          735525        1316          663159        0.0746477     2.7864        2.86105       
0.9           698610        1389          700001        0.0746417     2.7864        2.86105       
0.85          657352        1471          741177        0.0746566     2.7864        2.86106       
0.8           610936        1563          787501        0.0746596     2.7864        2.86106       
0.75          558332        1667          840001        0.0746506     2.7864        2.86105       
0.7           498213        1786          900001        0.0746477     2.7864        2.86105       
0.65          428844        1924          969232        0.0746715     2.7864        2.86108       
0.6           347915        2084          1050001       0.0746596     2.7864        2.86106       
0.55          252272        2273          1145455       0.0746447     2.7864        2.86105       
0.5           137497        2501          1260002       0.0746656     2.7864        2.86107       
0.45          25420         13112         1361468       0.352304      2.70971       3.06201       
0.4           22724         75675         1301601       1.80738       2.30272       4.1101        
0.35          20859         155316        1223825       3.24579       1.89448       5.14027       
0.3           4737          255402        1139861       4.57491       1.51243       6.08734       
0.25          6797          383202        1010001       5.72011       1.11677       6.83688       
--------------------
16
load          deadline_rest time_high     time_low      Wh_h          Wh_l          Wh_sum
1             768750        1250          630000        0.0746357     2.7864        2.86104       
0.95          735525        1316          663159        0.0746477     2.7864        2.86105       
0.9           698610        1389          700001        0.0746417     2.7864        2.86105       
0.85          657352        1471          741177        0.0746566     2.7864        2.86106       
0.8           610936        1563          787501        0.0746596     2.7864        2.86106       
0.75          558332        1667          840001        0.0746506     2.7864        2.86105       
0.7           498213        1786          900001        0.0746477     2.7864        2.86105       
0.65          428844        1924          969232        0.0746715     2.7864        2.86108       
0.6           347915        2084          1050001       0.0746596     2.7864        2.86106       
0.55          252272        2273          1145455       0.0746447     2.7864        2.86105       
0.5           137497        2501          1260002       0.0746656     2.7864        2.86107       
0.45          25420         13112         1361468       0.352304      2.70971       3.06201       
0.4           22724         75675         1301601       1.80738       2.30272       4.1101        
0.35          20859         155316        1223825       3.24579       1.89448       5.14027       
0.3           4737          255402        1139861       4.57491       1.51243       6.08734       
0.25          6797          383202        1010001       5.72011       1.11677       6.83688       
--------------------
16
load          deadline_rest time_high     time_low      Wh_h          Wh_l          Wh_sum
1             768750        1250          630000        0.0746357     2.7864        2.86104       
0.95          735525        1316          663159        0.0746477     2.7864        2.86105       
0.9           698610        1389          700001        0.0746417     2.7864        2.86105       
0.85          657352        1471          741177        0.0746566     2.7864        2.86106       
0.8           610936        1563          787501        0.0746596     2.7864        2.86106       
0.75          558332        1667          840001        0.0746506     2.7864        2.86105       
0.7           498213        1786          900001        0.0746477     2.7864        2.86105       
0.65          428844        1924          969232        0.0746715     2.7864        2.86108       
0.6           347915        2084          1050001       0.0746596     2.7864        2.86106       
0.55          252272        2273          1145455       0.0746447     2.7864        2.86105       
0.5           137497        2501          1260002       0.0746656     2.7864        2.86107       
0.45          25420         13112         1361468       0.352304      2.70971       3.06201       
0.4           22724         75675         1301601       1.80738       2.30272       4.1101        
0.35          20859         155316        1223825       3.24579       1.89448       5.14027       
0.3           4737          255402        1139861       4.57491       1.51243       6.08734       
0.25          6797          383202        1010001       5.72011       1.11677       6.83688       
--------------------
16
load          deadline_rest time_high     time_low      Wh_h          Wh_l          Wh_sum
1             768750        1250          630000        0.0746357     2.7864        2.86104       
0.95          735525        1316          663159        0.0746477     2.7864        2.86105       
0.9           698610        1389          700001        0.0746417     2.7864        2.86105       
0.85          657352        1471          741177        0.0746566     2.7864        2.86106       
0.8           610936        1563          787501        0.0746596     2.7864        2.86106       
0.75          558332        1667          840001        0.0746506     2.7864        2.86105       
0.7           498213        1786          900001        0.0746477     2.7864        2.86105       
0.65          428844        1924          969232        0.0746715     2.7864        2.86108       
0.6           347915        2084          1050001       0.0746596     2.7864        2.86106       
0.55          252272        2273          1145455       0.0746447     2.7864        2.86105       
0.5           137497        2501          1260002       0.0746656     2.7864        2.86107       
0.45          25420         13112         1361468       0.352304      2.70971       3.06201       
0.4           22724         75675         1301601       1.80738       2.30272       4.1101        
0.35          20859         155316        1223825       3.24579       1.89448       5.14027       
0.3           4737          255402        1139861       4.57491       1.51243       6.08734       
0.25          6797          383202        1010001       5.72011       1.11677       6.83688       
--------------------
16
load          deadline_rest time_high     time_low      Wh_h          Wh_l          Wh_sum
1             768750        1250          630000        0.0746357     2.7864        2.86104       
0.95          735525        1316          663159        0.0746477     2.7864        2.86105       
0.9           698610        1389          700001        0.0746417     2.7864        2.86105       
0.85          657352        1471          741177        0.0746566     2.7864        2.86106       
0.8           610936        1563          787501        0.0746596     2.7864        2.86106       
0.75          558332        1667          840001        0.0746506     2.7864        2.86105       
0.7           498213        1786          900001        0.0746477     2.7864        2.86105       
0.65          428844        1924          969232        0.0746715     2.7864        2.86108       
0.6           347915        2084          1050001       0.0746596     2.7864        2.86106       
0.55          252272        2273          1145455       0.0746447     2.7864        2.86105       
0.5           137497        2501          1260002       0.0746656     2.7864        2.86107       
0.45          25420         13112         1361468       0.352304      2.70971       3.06201       
0.4           22724         75675         1301601       1.80738       2.30272       4.1101        
0.35          20859         155316        1223825       3.24579       1.89448       5.14027       
0.3           4737          255402        1139861       4.57491       1.51243       6.08734       
0.25          6797          383202        1010001       5.72011       1.11677       6.83688       
--------------------
16
load          deadline_rest time_high     time_low      Wh_h          Wh_l          Wh_sum
1             728750        1250          670000        0.0746357     2.96331       3.03795       
0.95          693420        1316          705264        0.0746477     2.96332       3.03797       
0.9           654166        1389          744445        0.0746417     2.96332       3.03796       
0.85          610293        1471          788236        0.0746566     2.96332       3.03797       
0.8           560937        1563          837500        0.0746596     2.96331       3.03797       
0.75          504999        1667          893334        0.0746506     2.96332       3.03797       
0.7           441070        1786          957144        0.0746477     2.96332       3.03797       
0.65          367305        1924          1030771       0.0746715     2.96332       3.03799       
0.6           281248        2084          1116668       0.0746596     2.96332       3.03798       
0.55          179544        2273          1218183       0.0746447     2.96332       3.03796       
0.5           57497         2501          1340002       0.0746656     2.96332       3.03798       
0.45          50198         51001         1298801       1.37034       2.58499       3.95532       
0.4           50600         118300        1231100       2.82541       2.17799       5.0034        
0.35          20546         197974        1181480       4.13726       1.82893       5.96619       
0.3           10904         301902        1087194       5.40784       1.44255       6.85039       
0.25          14197         439002        946801        6.55305       1.04689       7.59994       
--------------------
16
load          deadline_rest time_high     time_low      Wh_h          Wh_l          Wh_sum
1             768750        1250          630000        0.0746357     2.7864        2.86104       
0.95          735525        1316          663159        0.0746477     2.7864        2.86105       
0.9           698610        1389          700001        0.0746417     2.7864        2.86105       
0.85          657352        1471          741177        0.0746566     2.7864        2.86106       
0.8           610936        1563          787501        0.0746596     2.7864        2.86106       
0.75          558332        1667          840001        0.0746506     2.7864        2.86105       
0.7           498213        1786          900001        0.0746477     2.7864        2.86105       
0.65          428844        1924          969232        0.0746715     2.7864        2.86108       
0.6           347915        2084          1050001       0.0746596     2.7864        2.86106       
0.55          252272        2273          1145455       0.0746447     2.7864        2.86105       
0.5           137497        2501          1260002       0.0746656     2.7864        2.86107       
0.45          25420         13112         1361468       0.352304      2.70971       3.06201       
0.4           22724         75675         1301601       1.80738       2.30272       4.1101        
0.35          20859         155316        1223825       3.24579       1.89448       5.14027       
0.3           4737          255402        1139861       4.57491       1.51243       6.08734       
0.25          6797          383202        1010001       5.72011       1.11677       6.83688       
--------------------
16
load          deadline_rest time_high     time_low      Wh_h          Wh_l          Wh_sum
1             768750        1250          630000        0.0746357     2.7864        2.86104       
0.95          735525        1316          663159        0.0746477     2.7864        2.86105       
0.9           698610        1389          700001        0.0746417     2.7864        2.86105       
0.85          657352        1471          741177        0.0746566     2.7864        2.86106       
0.8           610936        1563          787501        0.0746596     2.7864        2.86106       
0.75          558332        1667          840001        0.0746506     2.7864        2.86105       
0.7           498213        1786          900001        0.0746477     2.7864        2.86105       
0.65          428844        1924          969232        0.0746715     2.7864        2.86108       
0.6           347915        2084          1050001       0.0746596     2.7864        2.86106       
0.55          252272        2273          1145455       0.0746447     2.7864        2.86105       
0.5           137497        2501          1260002       0.0746656     2.7864        2.86107       
0.45          25420         13112         1361468       0.352304      2.70971       3.06201       
0.4           22724         75675         1301601       1.80738       2.30272       4.1101        
0.35          20859         155316        1223825       3.24579       1.89448       5.14027       
0.3           4737          255402        1139861       4.57491       1.51243       6.08734       
0.25          6797          383202        1010001       5.72011       1.11677       6.83688       
--------------------
16
load          deadline_rest time_high     time_low      Wh_h          Wh_l          Wh_sum
1             768750        1250          630000        0.0746357     2.7864        2.86104       
0.95          735525        1316          663159        0.0746477     2.7864        2.86105       
0.9           698610        1389          700001        0.0746417     2.7864        2.86105       
0.85          657352        1471          741177        0.0746566     2.7864        2.86106       
0.8           610936        1563          787501        0.0746596     2.7864        2.86106       
0.75          558332        1667          840001        0.0746506     2.7864        2.86105       
0.7           498213        1786          900001        0.0746477     2.7864        2.86105       
0.65          428844        1924          969232        0.0746715     2.7864        2.86108       
0.6           347915        2084          1050001       0.0746596     2.7864        2.86106       
0.55          252272        2273          1145455       0.0746447     2.7864        2.86105       
0.5           137497        2501          1260002       0.0746656     2.7864        2.86107       
0.45          25420         13112         1361468       0.352304      2.70971       3.06201       
0.4           22724         75675         1301601       1.80738       2.30272       4.1101        
0.35          20859         155316        1223825       3.24579       1.89448       5.14027       
0.3           4737          255402        1139861       4.57491       1.51243       6.08734       
0.25          6797          383202        1010001       5.72011       1.11677       6.83688       
--------------------
16
print average result. trial num = 10
load          deadline_rest time_high     time_low      Wh_h          Wh_l          Wh_sum
1             755750        1250          720000        0.0746357     2.8439        2.91853       
0.95          721840        1316          757896        0.0746477     2.8439        2.91855       
0.9           684165        1389          800001        0.0746417     2.8439        2.91854       
0.85          642057        1471          847060        0.0746566     2.8439        2.91856       
0.8           594686        1563          900000        0.0746596     2.8439        2.91856       
0.75          540998        1667          960001        0.0746506     2.8439        2.91855       
0.7           479641        1786          1028573       0.0746477     2.8439        2.91855       
0.65          408843        1924          1107694       0.0746715     2.8439        2.91857       
0.6           326248        2084          1200001       0.0746596     2.8439        2.91856       
0.55          228635        2273          1309092       0.0746447     2.8439        2.91854       
0.5           120517        33502         1318801       0.167217      2.8171        2.98432       
0.45          29038         88245         1274933       0.655982      2.68001       3.336         
0.4           26864         159850        1203901       2.11022       2.27296       4.38318       
0.35          20565         249489        1132278       3.53174       1.87375       5.4055        
0.3           6353          358735        1026529       4.8433        1.49041       6.3337        
0.25          6877          501002        898801        5.97925       1.09749       7.07674       
