load          deadline_rest time_high     time_low      Wh_h          Wh_l          Wh_sum
1             1230000       155000        15000         9.25483       0.0663429     9.32117       
0.95          1221051       163158        15791         9.25483       0.0663493     9.32118       
0.9           1211109       172223        16668         9.25487       0.0663482     9.32122       
0.85          1199999       182353        17648         9.25483       0.0663464     9.32118       
0.8           1187498       193751        18751         9.25488       0.0663464     9.32122       
0.75          1173332       206667        20001         9.25484       0.0663462     9.32119       
0.7           1157142       221429        21429         9.25485       0.0663442     9.32119       
0.65          1138460       238462        23078         9.25485       0.066346      9.32119       
0.6           1116665       258334        25001         9.25485       0.0663455     9.3212        
0.55          1090908       281819        27273         9.25486       0.0663435     9.3212        
0.5           1059997       310001        30002         9.25486       0.0663473     9.32121       
0.45          1022220       344445        33335         9.25484       0.0663462     9.32119       
0.4           974997        387501        37502         9.25485       0.0663464     9.3212        
0.35          914284        442858        42858         9.25485       0.0663442     9.32119       
0.3           833332        516667        50001         9.25483       0.0663442     9.32118       
0.25          749997        630002        20001         9.40413       0.0221154     9.42625       
--------------------
first trial!!
16
load          deadline_rest time_high     time_low      Wh_h          Wh_l          Wh_sum
1             1215000       155000        30000         9.25483       0.132686      9.38751       
0.95          1205262       163158        31580         9.25483       0.13269       9.38752       
0.9           1194443       172223        33334         9.25487       0.132688      9.38756       
0.85          1182352       182353        35295         9.25483       0.132689      9.38752       
0.8           1168748       193751        37501         9.25488       0.132689      9.38757       
0.75          1153332       206667        40001         9.25484       0.132689      9.38753       
0.7           1135713       221429        42858         9.25485       0.132688      9.38753       
0.65          1115383       238462        46155         9.25485       0.132689      9.38754       
0.6           1091665       258334        50001         9.25485       0.132688      9.38754       
0.55          1063635       281819        54546         9.25486       0.132687      9.38754       
0.5           1029997       310001        60002         9.25486       0.13269       9.38755       
0.45          988887        344445        66668         9.25484       0.132688      9.38753       
0.4           937498        387501        75001         9.25485       0.132687      9.38754       
0.35          871427        442858        85715         9.25485       0.132687      9.38753       
0.3           783332        516667        100001        9.25483       0.132687      9.38752       
0.25          734997        645002        20001         9.62804       0.0221154     9.65015       
--------------------
16
load          deadline_rest time_high     time_low      Wh_h          Wh_l          Wh_sum
1             1230000       155000        15000         9.25483       0.0663429     9.32117       
0.95          1221051       163158        15791         9.25483       0.0663493     9.32118       
0.9           1211109       172223        16668         9.25487       0.0663482     9.32122       
0.85          1199999       182353        17648         9.25483       0.0663464     9.32118       
0.8           1187498       193751        18751         9.25488       0.0663464     9.32122       
0.75          1173332       206667        20001         9.25484       0.0663462     9.32119       
0.7           1157142       221429        21429         9.25485       0.0663442     9.32119       
0.65          1138460       238462        23078         9.25485       0.066346      9.32119       
0.6           1116665       258334        25001         9.25485       0.0663455     9.3212        
0.55          1090908       281819        27273         9.25486       0.0663435     9.3212        
0.5           1059997       310001        30002         9.25486       0.0663473     9.32121       
0.45          1022220       344445        33335         9.25484       0.0663462     9.32119       
0.4           974997        387501        37502         9.25485       0.0663464     9.3212        
0.35          914284        442858        42858         9.25485       0.0663442     9.32119       
0.3           833332        516667        50001         9.25483       0.0663442     9.32118       
0.25          749997        630002        20001         9.40413       0.0221154     9.42625       
--------------------
16
load          deadline_rest time_high     time_low      Wh_h          Wh_l          Wh_sum
1             1230000       155000        15000         9.25483       0.0663429     9.32117       
0.95          1221051       163158        15791         9.25483       0.0663493     9.32118       
0.9           1211109       172223        16668         9.25487       0.0663482     9.32122       
0.85          1199999       182353        17648         9.25483       0.0663464     9.32118       
0.8           1187498       193751        18751         9.25488       0.0663464     9.32122       
0.75          1173332       206667        20001         9.25484       0.0663462     9.32119       
0.7           1157142       221429        21429         9.25485       0.0663442     9.32119       
0.65          1138460       238462        23078         9.25485       0.066346      9.32119       
0.6           1116665       258334        25001         9.25485       0.0663455     9.3212        
0.55          1090908       281819        27273         9.25486       0.0663435     9.3212        
0.5           1059997       310001        30002         9.25486       0.0663473     9.32121       
0.45          1022220       344445        33335         9.25484       0.0663462     9.32119       
0.4           974997        387501        37502         9.25485       0.0663464     9.3212        
0.35          914284        442858        42858         9.25485       0.0663442     9.32119       
0.3           833332        516667        50001         9.25483       0.0663442     9.32118       
0.25          749997        630002        20001         9.40413       0.0221154     9.42625       
--------------------
16
load          deadline_rest time_high     time_low      Wh_h          Wh_l          Wh_sum
1             1230000       155000        15000         9.25483       0.0663429     9.32117       
0.95          1221051       163158        15791         9.25483       0.0663493     9.32118       
0.9           1211109       172223        16668         9.25487       0.0663482     9.32122       
0.85          1199999       182353        17648         9.25483       0.0663464     9.32118       
0.8           1187498       193751        18751         9.25488       0.0663464     9.32122       
0.75          1173332       206667        20001         9.25484       0.0663462     9.32119       
0.7           1157142       221429        21429         9.25485       0.0663442     9.32119       
0.65          1138460       238462        23078         9.25485       0.066346      9.32119       
0.6           1116665       258334        25001         9.25485       0.0663455     9.3212        
0.55          1090908       281819        27273         9.25486       0.0663435     9.3212        
0.5           1059997       310001        30002         9.25486       0.0663473     9.32121       
0.45          1022220       344445        33335         9.25484       0.0663462     9.32119       
0.4           974997        387501        37502         9.25485       0.0663464     9.3212        
0.35          914284        442858        42858         9.25485       0.0663442     9.32119       
0.3           833332        516667        50001         9.25483       0.0663442     9.32118       
0.25          749997        630002        20001         9.40413       0.0221154     9.42625       
--------------------
16
load          deadline_rest time_high     time_low      Wh_h          Wh_l          Wh_sum
1             1230000       155000        15000         9.25483       0.0663429     9.32117       
0.95          1221051       163158        15791         9.25483       0.0663493     9.32118       
0.9           1211109       172223        16668         9.25487       0.0663482     9.32122       
0.85          1199999       182353        17648         9.25483       0.0663464     9.32118       
0.8           1187498       193751        18751         9.25488       0.0663464     9.32122       
0.75          1173332       206667        20001         9.25484       0.0663462     9.32119       
0.7           1157142       221429        21429         9.25485       0.0663442     9.32119       
0.65          1138460       238462        23078         9.25485       0.066346      9.32119       
0.6           1116665       258334        25001         9.25485       0.0663455     9.3212        
0.55          1090908       281819        27273         9.25486       0.0663435     9.3212        
0.5           1059997       310001        30002         9.25486       0.0663473     9.32121       
0.45          1022220       344445        33335         9.25484       0.0663462     9.32119       
0.4           974997        387501        37502         9.25485       0.0663464     9.3212        
0.35          914284        442858        42858         9.25485       0.0663442     9.32119       
0.3           833332        516667        50001         9.25483       0.0663442     9.32118       
0.25          749997        630002        20001         9.40413       0.0221154     9.42625       
--------------------
16
load          deadline_rest time_high     time_low      Wh_h          Wh_l          Wh_sum
1             1232500       152500        15000         9.10556       0.0663429     9.1719        
0.95          1223682       160527        15791         9.1056        0.0663493     9.17195       
0.9           1213887       169445        16668         9.10559       0.0663482     9.17194       
0.85          1202940       179412        17648         9.10557       0.0663464     9.17192       
0.8           1190624       190625        18751         9.10556       0.0663464     9.1719        
0.75          1176665       203334        20001         9.10559       0.0663462     9.17193       
0.7           1160713       217858        21429         9.10559       0.0663442     9.17194       
0.65          1142306       234616        23078         9.10558       0.066346      9.17193       
0.6           1120832       254167        25001         9.10557       0.0663455     9.17191       
0.55          1095454       277273        27273         9.10557       0.0663435     9.17191       
0.5           1064997       305001        30002         9.10559       0.0663473     9.17193       
0.45          1027776       338889        33335         9.10556       0.0663462     9.17191       
0.4           981247        381251        37502         9.10558       0.0663464     9.17193       
0.35          921427        435715        42858         9.10557       0.0663442     9.17192       
0.3           841665        508334        50001         9.10557       0.0663442     9.17191       
0.25          729997        610001        60002         9.10557       0.0663451     9.17192       
--------------------
16
load          deadline_rest time_high     time_low      Wh_h          Wh_l          Wh_sum
1             1230000       155000        15000         9.25483       0.0663429     9.32117       
0.95          1221051       163158        15791         9.25483       0.0663493     9.32118       
0.9           1211109       172223        16668         9.25487       0.0663482     9.32122       
0.85          1199999       182353        17648         9.25483       0.0663464     9.32118       
0.8           1187498       193751        18751         9.25488       0.0663464     9.32122       
0.75          1173332       206667        20001         9.25484       0.0663462     9.32119       
0.7           1157142       221429        21429         9.25485       0.0663442     9.32119       
0.65          1138460       238462        23078         9.25485       0.066346      9.32119       
0.6           1116665       258334        25001         9.25485       0.0663455     9.3212        
0.55          1090908       281819        27273         9.25486       0.0663435     9.3212        
0.5           1059997       310001        30002         9.25486       0.0663473     9.32121       
0.45          1022220       344445        33335         9.25484       0.0663462     9.32119       
0.4           974997        387501        37502         9.25485       0.0663464     9.3212        
0.35          914284        442858        42858         9.25485       0.0663442     9.32119       
0.3           833332        516667        50001         9.25483       0.0663442     9.32118       
0.25          749997        630002        20001         9.40413       0.0221154     9.42625       
--------------------
16
load          deadline_rest time_high     time_low      Wh_h          Wh_l          Wh_sum
1             1230000       155000        15000         9.25483       0.0663429     9.32117       
0.95          1221051       163158        15791         9.25483       0.0663493     9.32118       
0.9           1211109       172223        16668         9.25487       0.0663482     9.32122       
0.85          1199999       182353        17648         9.25483       0.0663464     9.32118       
0.8           1187498       193751        18751         9.25488       0.0663464     9.32122       
0.75          1173332       206667        20001         9.25484       0.0663462     9.32119       
0.7           1157142       221429        21429         9.25485       0.0663442     9.32119       
0.65          1138460       238462        23078         9.25485       0.066346      9.32119       
0.6           1116665       258334        25001         9.25485       0.0663455     9.3212        
0.55          1090908       281819        27273         9.25486       0.0663435     9.3212        
0.5           1059997       310001        30002         9.25486       0.0663473     9.32121       
0.45          1022220       344445        33335         9.25484       0.0663462     9.32119       
0.4           974997        387501        37502         9.25485       0.0663464     9.3212        
0.35          914284        442858        42858         9.25485       0.0663442     9.32119       
0.3           833332        516667        50001         9.25483       0.0663442     9.32118       
0.25          749997        630002        20001         9.40413       0.0221154     9.42625       
--------------------
16
load          deadline_rest time_high     time_low      Wh_h          Wh_l          Wh_sum
1             1230000       155000        15000         9.25483       0.0663429     9.32117       
0.95          1221051       163158        15791         9.25483       0.0663493     9.32118       
0.9           1211109       172223        16668         9.25487       0.0663482     9.32122       
0.85          1199999       182353        17648         9.25483       0.0663464     9.32118       
0.8           1187498       193751        18751         9.25488       0.0663464     9.32122       
0.75          1173332       206667        20001         9.25484       0.0663462     9.32119       
0.7           1157142       221429        21429         9.25485       0.0663442     9.32119       
0.65          1138460       238462        23078         9.25485       0.066346      9.32119       
0.6           1116665       258334        25001         9.25485       0.0663455     9.3212        
0.55          1090908       281819        27273         9.25486       0.0663435     9.3212        
0.5           1059997       310001        30002         9.25486       0.0663473     9.32121       
0.45          1022220       344445        33335         9.25484       0.0663462     9.32119       
0.4           974997        387501        37502         9.25485       0.0663464     9.3212        
0.35          914284        442858        42858         9.25485       0.0663442     9.32119       
0.3           833332        516667        50001         9.25483       0.0663442     9.32118       
0.25          749997        630002        20001         9.40413       0.0221154     9.42625       
--------------------
16
print average result. trial num = 10
load          deadline_rest time_high     time_low      Wh_h          Wh_l          Wh_sum
1             1228750       155000        15000         9.2399        0.0729771     9.31288       
0.95          1219735       163158        15791         9.23991       0.0729834     9.31289       
0.9           1209720       172223        16668         9.23994       0.0729822     9.31292       
0.85          1198528       182353        17648         9.23991       0.0729807     9.31289       
0.8           1185935       193751        18751         9.23994       0.0729807     9.31293       
0.75          1171665       206667        20001         9.23992       0.0729805     9.3129        
0.7           1155356       221429        21429         9.23992       0.0729786     9.3129        
0.65          1136536       238462        23078         9.23992       0.0729803     9.3129        
0.6           1114581       258334        25001         9.23992       0.0729798     9.3129        
0.55          1088635       281819        27273         9.23993       0.0729779     9.3129        
0.5           1057497       310001        30002         9.23993       0.0729816     9.31291       
0.45          1019442       344445        33335         9.23992       0.0729804     9.3129        
0.4           971872        387501        37502         9.23993       0.0729805     9.31291       
0.35          910712        442858        42858         9.23992       0.0729784     9.3129        
0.3           829165        516667        50001         9.23991       0.0729785     9.31289       
0.25          746497        630002        20001         9.39666       0.0265384     9.4232        
