load          deadline_rest time_high     time_low      Wh_h          Wh_l          Wh_sum
1             1400000       156250        0             9.32946       0             9.32946       
0.95          1400000       164475        0             9.32954       0             9.32954       
0.9           1400000       173612        0             9.32951       0             9.32951       
0.85          1400000       183825        0             9.32954       0             9.32954       
0.8           1400000       195313        0             9.32949       0             9.32949       
0.75          1400000       208335        0             9.32954       0             9.32954       
0.7           1400000       223216        0             9.32954       0             9.32954       
0.65          1400000       240387        0             9.32956       0             9.32956       
0.6           1400000       260418        0             9.32951       0             9.32951       
0.55          1400000       284092        0             9.3295        0             9.3295        
0.5           1400000       312503        0             9.32955       0             9.32955       
0.45          1400000       347223        0             9.32949       0             9.32949       
0.4           1400000       390626        0             9.32949       0             9.32949       
0.35          1400000       446430        0             9.32949       0             9.32949       
0.3           1400000       520835        0             9.32949       0             9.32949       
0.25          1400000       625003        0             9.32951       0             9.32951       
--------------------
first trial!!
16
load          deadline_rest time_high     time_low      Wh_h          Wh_l          Wh_sum
1             1400000       158750        0             9.47874       0             9.47874       
0.95          1400000       167106        0             9.47878       0             9.47878       
0.9           1400000       176390        0             9.4788        0             9.4788        
0.85          1400000       186766        0             9.4788        0             9.4788        
0.8           1400000       198439        0             9.47881       0             9.47881       
0.75          1400000       211668        0             9.4788        0             9.4788        
0.7           1400000       226787        0             9.47879       0             9.47879       
0.65          1400000       244233        0             9.47882       0             9.47882       
0.6           1400000       264585        0             9.4788        0             9.4788        
0.55          1400000       288638        0             9.47879       0             9.47879       
0.5           1400000       317503        0             9.47883       0             9.47883       
0.45          1400000       352779        0             9.47877       0             9.47877       
0.4           1400000       396876        0             9.47876       0             9.47876       
0.35          1400000       453573        0             9.47877       0             9.47877       
0.3           1400000       529168        0             9.47876       0             9.47876       
0.25          1400000       635003        0             9.47878       0             9.47878       
--------------------
16
load          deadline_rest time_high     time_low      Wh_h          Wh_l          Wh_sum
1             1400000       158750        0             9.47874       0             9.47874       
0.95          1400000       167106        0             9.47878       0             9.47878       
0.9           1400000       176390        0             9.4788        0             9.4788        
0.85          1400000       186766        0             9.4788        0             9.4788        
0.8           1400000       198439        0             9.47881       0             9.47881       
0.75          1400000       211668        0             9.4788        0             9.4788        
0.7           1400000       226787        0             9.47879       0             9.47879       
0.65          1400000       244233        0             9.47882       0             9.47882       
0.6           1400000       264585        0             9.4788        0             9.4788        
0.55          1400000       288638        0             9.47879       0             9.47879       
0.5           1400000       317503        0             9.47883       0             9.47883       
0.45          1400000       352779        0             9.47877       0             9.47877       
0.4           1400000       396876        0             9.47876       0             9.47876       
0.35          1400000       453573        0             9.47877       0             9.47877       
0.3           1400000       529168        0             9.47876       0             9.47876       
0.25          1400000       635003        0             9.47878       0             9.47878       
--------------------
16
load          deadline_rest time_high     time_low      Wh_h          Wh_l          Wh_sum
1             1400000       182500        0             10.8968       0             10.8968       
0.95          1400000       192106        0             10.8969       0             10.8969       
0.9           1400000       202779        0             10.8969       0             10.8969       
0.85          1400000       214707        0             10.8969       0             10.8969       
0.8           1400000       228127        0             10.8969       0             10.8969       
0.75          1400000       243335        0             10.8969       0             10.8969       
0.7           1400000       260716        0             10.8969       0             10.8969       
0.65          1400000       280771        0             10.8969       0             10.8969       
0.6           1400000       304168        0             10.8969       0             10.8969       
0.55          1400000       331820        0             10.8969       0             10.8969       
0.5           1400000       365003        0             10.8969       0             10.8969       
0.45          1400000       405557        0             10.8969       0             10.8969       
0.4           1400000       456251        0             10.8968       0             10.8968       
0.35          1400000       521430        0             10.8968       0             10.8968       
0.3           1400000       608335        0             10.8968       0             10.8968       
0.25          1400000       730003        0             10.8969       0             10.8969       
--------------------
16
load          deadline_rest time_high     time_low      Wh_h          Wh_l          Wh_sum
1             1400000       158750        0             9.47874       0             9.47874       
0.95          1400000       167106        0             9.47878       0             9.47878       
0.9           1400000       176390        0             9.4788        0             9.4788        
0.85          1400000       186766        0             9.4788        0             9.4788        
0.8           1400000       198439        0             9.47881       0             9.47881       
0.75          1400000       211668        0             9.4788        0             9.4788        
0.7           1400000       226787        0             9.47879       0             9.47879       
0.65          1400000       244233        0             9.47882       0             9.47882       
0.6           1400000       264585        0             9.4788        0             9.4788        
0.55          1400000       288638        0             9.47879       0             9.47879       
0.5           1400000       317503        0             9.47883       0             9.47883       
0.45          1400000       352779        0             9.47877       0             9.47877       
0.4           1400000       396876        0             9.47876       0             9.47876       
0.35          1400000       453573        0             9.47877       0             9.47877       
0.3           1400000       529168        0             9.47876       0             9.47876       
0.25          1400000       635003        0             9.47878       0             9.47878       
--------------------
16
load          deadline_rest time_high     time_low      Wh_h          Wh_l          Wh_sum
1             1400000       158750        0             9.47874       0             9.47874       
0.95          1400000       167106        0             9.47878       0             9.47878       
0.9           1400000       176390        0             9.4788        0             9.4788        
0.85          1400000       186766        0             9.4788        0             9.4788        
0.8           1400000       198439        0             9.47881       0             9.47881       
0.75          1400000       211668        0             9.4788        0             9.4788        
0.7           1400000       226787        0             9.47879       0             9.47879       
0.65          1400000       244233        0             9.47882       0             9.47882       
0.6           1400000       264585        0             9.4788        0             9.4788        
0.55          1400000       288638        0             9.47879       0             9.47879       
0.5           1400000       317503        0             9.47883       0             9.47883       
0.45          1400000       352779        0             9.47877       0             9.47877       
0.4           1400000       396876        0             9.47876       0             9.47876       
0.35          1400000       453573        0             9.47877       0             9.47877       
0.3           1400000       529168        0             9.47876       0             9.47876       
0.25          1400000       635003        0             9.47878       0             9.47878       
--------------------
16
load          deadline_rest time_high     time_low      Wh_h          Wh_l          Wh_sum
1             1400000       158750        0             9.47874       0             9.47874       
0.95          1400000       167106        0             9.47878       0             9.47878       
0.9           1400000       176390        0             9.4788        0             9.4788        
0.85          1400000       186766        0             9.4788        0             9.4788        
0.8           1400000       198439        0             9.47881       0             9.47881       
0.75          1400000       211668        0             9.4788        0             9.4788        
0.7           1400000       226787        0             9.47879       0             9.47879       
0.65          1400000       244233        0             9.47882       0             9.47882       
0.6           1400000       264585        0             9.4788        0             9.4788        
0.55          1400000       288638        0             9.47879       0             9.47879       
0.5           1400000       317503        0             9.47883       0             9.47883       
0.45          1400000       352779        0             9.47877       0             9.47877       
0.4           1400000       396876        0             9.47876       0             9.47876       
0.35          1400000       453573        0             9.47877       0             9.47877       
0.3           1400000       529168        0             9.47876       0             9.47876       
0.25          1400000       635003        0             9.47878       0             9.47878       
--------------------
16
load          deadline_rest time_high     time_low      Wh_h          Wh_l          Wh_sum
1             1400000       158750        0             9.47874       0             9.47874       
0.95          1400000       167106        0             9.47878       0             9.47878       
0.9           1400000       176390        0             9.4788        0             9.4788        
0.85          1400000       186766        0             9.4788        0             9.4788        
0.8           1400000       198439        0             9.47881       0             9.47881       
0.75          1400000       211668        0             9.4788        0             9.4788        
0.7           1400000       226787        0             9.47879       0             9.47879       
0.65          1400000       244233        0             9.47882       0             9.47882       
0.6           1400000       264585        0             9.4788        0             9.4788        
0.55          1400000       288638        0             9.47879       0             9.47879       
0.5           1400000       317503        0             9.47883       0             9.47883       
0.45          1400000       352779        0             9.47877       0             9.47877       
0.4           1400000       396876        0             9.47876       0             9.47876       
0.35          1400000       453573        0             9.47877       0             9.47877       
0.3           1400000       529168        0             9.47876       0             9.47876       
0.25          1400000       635003        0             9.47878       0             9.47878       
--------------------
16
load          deadline_rest time_high     time_low      Wh_h          Wh_l          Wh_sum
1             1400000       158750        0             9.47874       0             9.47874       
0.95          1400000       167106        0             9.47878       0             9.47878       
0.9           1400000       176390        0             9.4788        0             9.4788        
0.85          1400000       186766        0             9.4788        0             9.4788        
0.8           1400000       198439        0             9.47881       0             9.47881       
0.75          1400000       211668        0             9.4788        0             9.4788        
0.7           1400000       226787        0             9.47879       0             9.47879       
0.65          1400000       244233        0             9.47882       0             9.47882       
0.6           1400000       264585        0             9.4788        0             9.4788        
0.55          1400000       288638        0             9.47879       0             9.47879       
0.5           1400000       317503        0             9.47883       0             9.47883       
0.45          1400000       352779        0             9.47877       0             9.47877       
0.4           1400000       396876        0             9.47876       0             9.47876       
0.35          1400000       453573        0             9.47877       0             9.47877       
0.3           1400000       529168        0             9.47876       0             9.47876       
0.25          1400000       635003        0             9.47878       0             9.47878       
--------------------
16
load          deadline_rest time_high     time_low      Wh_h          Wh_l          Wh_sum
1             1400000       182500        0             10.8968       0             10.8968       
0.95          1400000       192106        0             10.8969       0             10.8969       
0.9           1400000       202779        0             10.8969       0             10.8969       
0.85          1400000       214707        0             10.8969       0             10.8969       
0.8           1400000       228127        0             10.8969       0             10.8969       
0.75          1400000       243335        0             10.8969       0             10.8969       
0.7           1400000       260716        0             10.8969       0             10.8969       
0.65          1400000       280771        0             10.8969       0             10.8969       
0.6           1400000       304168        0             10.8969       0             10.8969       
0.55          1400000       331820        0             10.8969       0             10.8969       
0.5           1400000       365003        0             10.8969       0             10.8969       
0.45          1400000       405557        0             10.8969       0             10.8969       
0.4           1400000       456251        0             10.8968       0             10.8968       
0.35          1400000       521430        0             10.8968       0             10.8968       
0.3           1400000       608335        0             10.8968       0             10.8968       
0.25          1400000       730003        0             10.8969       0             10.8969       
--------------------
16
print average result. trial num = 10
load          deadline_rest time_high     time_low      Wh_h          Wh_l          Wh_sum
1             1400000       156250        0             9.74742       0             9.74742       
0.95          1400000       164475        0             9.74747       0             9.74747       
0.9           1400000       173612        0             9.74748       0             9.74748       
0.85          1400000       183825        0             9.74749       0             9.74749       
0.8           1400000       195313        0             9.7475        0             9.7475        
0.75          1400000       208335        0             9.74749       0             9.74749       
0.7           1400000       223216        0             9.74748       0             9.74748       
0.65          1400000       240387        0             9.74751       0             9.74751       
0.6           1400000       260418        0             9.74748       0             9.74748       
0.55          1400000       284092        0             9.74748       0             9.74748       
0.5           1400000       312503        0             9.74751       0             9.74751       
0.45          1400000       347223        0             9.74746       0             9.74746       
0.4           1400000       390626        0             9.74745       0             9.74745       
0.35          1400000       446430        0             9.74746       0             9.74746       
0.3           1400000       520835        0             9.74745       0             9.74745       
0.25          1400000       625003        0             9.74747       0             9.74747       
