load          deadline_rest time_high     time_low      Wh_h          Wh_l          Wh_sum
1             1230000       155000        15000         9.25483       0.0663429     9.32117       
0.95          1221051       163158        15791         9.25483       0.0663493     9.32118       
0.9           1211109       172223        16668         9.25487       0.0663482     9.32122       
0.85          1199999       182353        17648         9.25483       0.0663464     9.32118       
0.8           1187498       193751        18751         9.25488       0.0663464     9.32122       
0.75          1173332       206667        20001         9.25484       0.0663462     9.32119       
0.7           1157142       221429        21429         9.25485       0.0663442     9.32119       
0.65          1138460       238462        23078         9.25485       0.066346      9.32119       
0.6           1116665       258334        25001         9.25485       0.0663455     9.3212        
0.55          1090908       281819        27273         9.25486       0.0663435     9.3212        
0.5           1059997       310001        30002         9.25486       0.0663473     9.32121       
0.45          1022220       344445        33335         9.25484       0.0663462     9.32119       
0.4           974997        387501        37502         9.25485       0.0663464     9.3212        
0.35          914284        442858        42858         9.25485       0.0663442     9.32119       
0.3           833332        516667        50001         9.25483       0.0663442     9.32118       
0.25          749997        630002        20001         9.40413       0.0221154     9.42625       
--------------------
first trial!!
16
load          deadline_rest time_high     time_low      Wh_h          Wh_l          Wh_sum
1             1230000       155000        15000         9.25483       0.0663429     9.32117       
0.95          1221051       163158        15791         9.25483       0.0663493     9.32118       
0.9           1211109       172223        16668         9.25487       0.0663482     9.32122       
0.85          1199999       182353        17648         9.25483       0.0663464     9.32118       
0.8           1187498       193751        18751         9.25488       0.0663464     9.32122       
0.75          1173332       206667        20001         9.25484       0.0663462     9.32119       
0.7           1157142       221429        21429         9.25485       0.0663442     9.32119       
0.65          1138460       238462        23078         9.25485       0.066346      9.32119       
0.6           1116665       258334        25001         9.25485       0.0663455     9.3212        
0.55          1090908       281819        27273         9.25486       0.0663435     9.3212        
0.5           1059997       310001        30002         9.25486       0.0663473     9.32121       
0.45          1022220       344445        33335         9.25484       0.0663462     9.32119       
0.4           974997        387501        37502         9.25485       0.0663464     9.3212        
0.35          914284        442858        42858         9.25485       0.0663442     9.32119       
0.3           833332        516667        50001         9.25483       0.0663442     9.32118       
0.25          749997        630002        20001         9.40413       0.0221154     9.42625       
--------------------
16
load          deadline_rest time_high     time_low      Wh_h          Wh_l          Wh_sum
1             1230000       155000        15000         9.25483       0.0663429     9.32117       
0.95          1221051       163158        15791         9.25483       0.0663493     9.32118       
0.9           1211109       172223        16668         9.25487       0.0663482     9.32122       
0.85          1199999       182353        17648         9.25483       0.0663464     9.32118       
0.8           1187498       193751        18751         9.25488       0.0663464     9.32122       
0.75          1173332       206667        20001         9.25484       0.0663462     9.32119       
0.7           1157142       221429        21429         9.25485       0.0663442     9.32119       
0.65          1138460       238462        23078         9.25485       0.066346      9.32119       
0.6           1116665       258334        25001         9.25485       0.0663455     9.3212        
0.55          1090908       281819        27273         9.25486       0.0663435     9.3212        
0.5           1059997       310001        30002         9.25486       0.0663473     9.32121       
0.45          1022220       344445        33335         9.25484       0.0663462     9.32119       
0.4           974997        387501        37502         9.25485       0.0663464     9.3212        
0.35          914284        442858        42858         9.25485       0.0663442     9.32119       
0.3           833332        516667        50001         9.25483       0.0663442     9.32118       
0.25          749997        630002        20001         9.40413       0.0221154     9.42625       
--------------------
16
load          deadline_rest time_high     time_low      Wh_h          Wh_l          Wh_sum
1             1230000       155000        15000         9.25483       0.0663429     9.32117       
0.95          1221051       163158        15791         9.25483       0.0663493     9.32118       
0.9           1211109       172223        16668         9.25487       0.0663482     9.32122       
0.85          1199999       182353        17648         9.25483       0.0663464     9.32118       
0.8           1187498       193751        18751         9.25488       0.0663464     9.32122       
0.75          1173332       206667        20001         9.25484       0.0663462     9.32119       
0.7           1157142       221429        21429         9.25485       0.0663442     9.32119       
0.65          1138460       238462        23078         9.25485       0.066346      9.32119       
0.6           1116665       258334        25001         9.25485       0.0663455     9.3212        
0.55          1090908       281819        27273         9.25486       0.0663435     9.3212        
0.5           1059997       310001        30002         9.25486       0.0663473     9.32121       
0.45          1022220       344445        33335         9.25484       0.0663462     9.32119       
0.4           974997        387501        37502         9.25485       0.0663464     9.3212        
0.35          914284        442858        42858         9.25485       0.0663442     9.32119       
0.3           833332        516667        50001         9.25483       0.0663442     9.32118       
0.25          749997        630002        20001         9.40413       0.0221154     9.42625       
--------------------
16
load          deadline_rest time_high     time_low      Wh_h          Wh_l          Wh_sum
1             1230000       155000        15000         9.25483       0.0663429     9.32117       
0.95          1221051       163158        15791         9.25483       0.0663493     9.32118       
0.9           1211109       172223        16668         9.25487       0.0663482     9.32122       
0.85          1199999       182353        17648         9.25483       0.0663464     9.32118       
0.8           1187498       193751        18751         9.25488       0.0663464     9.32122       
0.75          1173332       206667        20001         9.25484       0.0663462     9.32119       
0.7           1157142       221429        21429         9.25485       0.0663442     9.32119       
0.65          1138460       238462        23078         9.25485       0.066346      9.32119       
0.6           1116665       258334        25001         9.25485       0.0663455     9.3212        
0.55          1090908       281819        27273         9.25486       0.0663435     9.3212        
0.5           1059997       310001        30002         9.25486       0.0663473     9.32121       
0.45          1022220       344445        33335         9.25484       0.0663462     9.32119       
0.4           974997        387501        37502         9.25485       0.0663464     9.3212        
0.35          914284        442858        42858         9.25485       0.0663442     9.32119       
0.3           833332        516667        50001         9.25483       0.0663442     9.32118       
0.25          749997        630002        20001         9.40413       0.0221154     9.42625       
--------------------
16
load          deadline_rest time_high     time_low      Wh_h          Wh_l          Wh_sum
1             1135000       155000        110000        9.25483       0.486514      9.74134       
0.95          1121051       163158        115791        9.25483       0.486521      9.74136       
0.9           1105553       172223        122224        9.25487       0.486521      9.74139       
0.85          1088234       182353        129413        9.25483       0.486519      9.74135       
0.8           1068748       193751        137501        9.25488       0.486518      9.74139       
0.75          1046665       206667        146668        9.25484       0.486519      9.74136       
0.7           1021427       221429        157144        9.25485       0.486518      9.74136       
0.65          992306        238462        169232        9.25485       0.486518      9.74136       
0.6           958332        258334        183334        9.25485       0.486516      9.74137       
0.55          918180        281819        200001        9.25486       0.486517      9.74137       
0.5           869997        310001        220002        9.25486       0.486519      9.74138       
0.45          811109        344445        244446        9.25484       0.486517      9.74136       
0.4           737497        387501        275002        9.25485       0.486518      9.74137       
0.35          642855        442858        314287        9.25485       0.486516      9.74136       
0.3           516665        516667        366668        9.25483       0.486516      9.74135       
0.25          369997        630002        400001        9.40413       0.442287      9.84642       
--------------------
16
load          deadline_rest time_high     time_low      Wh_h          Wh_l          Wh_sum
1             1230000       155000        15000         9.25483       0.0663429     9.32117       
0.95          1221051       163158        15791         9.25483       0.0663493     9.32118       
0.9           1211109       172223        16668         9.25487       0.0663482     9.32122       
0.85          1199999       182353        17648         9.25483       0.0663464     9.32118       
0.8           1187498       193751        18751         9.25488       0.0663464     9.32122       
0.75          1173332       206667        20001         9.25484       0.0663462     9.32119       
0.7           1157142       221429        21429         9.25485       0.0663442     9.32119       
0.65          1138460       238462        23078         9.25485       0.066346      9.32119       
0.6           1116665       258334        25001         9.25485       0.0663455     9.3212        
0.55          1090908       281819        27273         9.25486       0.0663435     9.3212        
0.5           1059997       310001        30002         9.25486       0.0663473     9.32121       
0.45          1022220       344445        33335         9.25484       0.0663462     9.32119       
0.4           974997        387501        37502         9.25485       0.0663464     9.3212        
0.35          914284        442858        42858         9.25485       0.0663442     9.32119       
0.3           833332        516667        50001         9.25483       0.0663442     9.32118       
0.25          749997        630002        20001         9.40413       0.0221154     9.42625       
--------------------
16
load          deadline_rest time_high     time_low      Wh_h          Wh_l          Wh_sum
1             1230000       155000        15000         9.25483       0.0663429     9.32117       
0.95          1221051       163158        15791         9.25483       0.0663493     9.32118       
0.9           1211109       172223        16668         9.25487       0.0663482     9.32122       
0.85          1199999       182353        17648         9.25483       0.0663464     9.32118       
0.8           1187498       193751        18751         9.25488       0.0663464     9.32122       
0.75          1173332       206667        20001         9.25484       0.0663462     9.32119       
0.7           1157142       221429        21429         9.25485       0.0663442     9.32119       
0.65          1138460       238462        23078         9.25485       0.066346      9.32119       
0.6           1116665       258334        25001         9.25485       0.0663455     9.3212        
0.55          1090908       281819        27273         9.25486       0.0663435     9.3212        
0.5           1059997       310001        30002         9.25486       0.0663473     9.32121       
0.45          1022220       344445        33335         9.25484       0.0663462     9.32119       
0.4           974997        387501        37502         9.25485       0.0663464     9.3212        
0.35          914284        442858        42858         9.25485       0.0663442     9.32119       
0.3           833332        516667        50001         9.25483       0.0663442     9.32118       
0.25          749997        630002        20001         9.40413       0.0221154     9.42625       
--------------------
16
load          deadline_rest time_high     time_low      Wh_h          Wh_l          Wh_sum
1             1230000       155000        15000         9.25483       0.0663429     9.32117       
0.95          1221051       163158        15791         9.25483       0.0663493     9.32118       
0.9           1211109       172223        16668         9.25487       0.0663482     9.32122       
0.85          1199999       182353        17648         9.25483       0.0663464     9.32118       
0.8           1187498       193751        18751         9.25488       0.0663464     9.32122       
0.75          1173332       206667        20001         9.25484       0.0663462     9.32119       
0.7           1157142       221429        21429         9.25485       0.0663442     9.32119       
0.65          1138460       238462        23078         9.25485       0.066346      9.32119       
0.6           1116665       258334        25001         9.25485       0.0663455     9.3212        
0.55          1090908       281819        27273         9.25486       0.0663435     9.3212        
0.5           1059997       310001        30002         9.25486       0.0663473     9.32121       
0.45          1022220       344445        33335         9.25484       0.0663462     9.32119       
0.4           974997        387501        37502         9.25485       0.0663464     9.3212        
0.35          914284        442858        42858         9.25485       0.0663442     9.32119       
0.3           833332        516667        50001         9.25483       0.0663442     9.32118       
0.25          749997        630002        20001         9.40413       0.0221154     9.42625       
--------------------
16
load          deadline_rest time_high     time_low      Wh_h          Wh_l          Wh_sum
1             1235000       150000        15000         8.95629       0.0663429     9.02263       
0.95          1226314       157895        15791         8.9563        0.0663493     9.02265       
0.9           1216665       166667        16668         8.9563        0.0663482     9.02265       
0.85          1205881       176471        17648         8.95631       0.0663464     9.02265       
0.8           1193749       187500        18751         8.95629       0.0663464     9.02263       
0.75          1179998       200001        20001         8.95633       0.0663462     9.02268       
0.7           1164285       214286        21429         8.9563        0.0663442     9.02264       
0.65          1146152       230770        23078         8.95632       0.066346      9.02266       
0.6           1124999       250000        25001         8.95629       0.0663455     9.02263       
0.55          1099999       272728        27273         8.95631       0.0663435     9.02265       
0.5           1069997       300001        30002         8.95632       0.0663473     9.02266       
0.45          1033331       333334        33335         8.9563        0.0663462     9.02265       
0.4           987497        375001        37502         8.95631       0.0663464     9.02266       
0.35          928570        428572        42858         8.9563        0.0663442     9.02264       
0.3           849999        500000        50001         8.95629       0.0663442     9.02263       
0.25          739997        600001        60002         8.9563        0.0663451     9.02265       
--------------------
16
print average result. trial num = 10
load          deadline_rest time_high     time_low      Wh_h          Wh_l          Wh_sum
1             1221000       155000        15000         9.22497       0.10836       9.33333       
0.95          1211577       163158        15791         9.22498       0.108366      9.33335       
0.9           1201109       172223        16668         9.22501       0.108365      9.33338       
0.85          1189410       182353        17648         9.22498       0.108364      9.33334       
0.8           1176248       193751        18751         9.22502       0.108364      9.33338       
0.75          1161331       206667        20001         9.22499       0.108363      9.33336       
0.7           1144284       221429        21429         9.22499       0.108362      9.33335       
0.65          1124613       238462        23078         9.22499       0.108363      9.33336       
0.6           1101665       258334        25001         9.225         0.108363      9.33336       
0.55          1074544       281819        27273         9.225         0.108361      9.33336       
0.5           1041997       310001        30002         9.225         0.108364      9.33337       
0.45          1002220       344445        33335         9.22499       0.108363      9.33335       
0.4           952497        387501        37502         9.225         0.108364      9.33336       
0.35          888569        442858        42858         9.22499       0.108361      9.33335       
0.3           803332        516667        50001         9.22498       0.108361      9.33334       
0.25          710997        630002        20001         9.35935       0.0685555     9.4279        
