load          deadline_rest time_high     time_low      Wh_h          Wh_l          Wh_sum
1             934250        60150         405600        3.59147       1.79391       5.38538       
0.95          900095        59906         439999        3.39806       1.84875       5.24681       
0.9           862145        59634         478221        3.20459       1.90359       5.10819       
0.85          819730        59330         520940        3.01113       1.95844       4.96957       
0.8           804087        70613         525300        3.37296       1.85866       5.23162       
0.75          888733        116467        394800        5.21556       1.30961       6.52517       
0.7           829888        120744        449368        5.04662       1.39124       6.43786       
0.65          798184        134370        467446        5.21498       1.34384       6.55882       
0.6           839171        178902        381927        6.40919       1.01353       7.42271       
0.55          786657        194401        418942        6.38407       1.01911       7.40318       
0.5           817197        246800        336003        7.36804       0.743047      8.11108       
0.45          793158        286758        320084        7.70486       0.637059      8.34192       
0.4           784250        347251        268499        8.29354       0.475013      8.76856       
0.35          755525        422604        221871        8.83158       0.343456      9.17503       
0.3           748938        507203        143859        9.08531       0.19088       9.27619       
0.25          749997        630002        20001         9.40413       0.0221154     9.42625       
--------------------
first trial!!
16
load          deadline_rest time_high     time_low      Wh_h          Wh_l          Wh_sum
1             934250        60150         405600        3.59147       1.79391       5.38538       
0.95          900095        59906         439999        3.39806       1.84875       5.24681       
0.9           862145        59634         478221        3.20459       1.90359       5.10819       
0.85          819730        59330         520940        3.01113       1.95844       4.96957       
0.8           804087        70613         525300        3.37296       1.85866       5.23162       
0.75          888733        116467        394800        5.21556       1.30961       6.52517       
0.7           829888        120744        449368        5.04662       1.39124       6.43786       
0.65          798184        134370        467446        5.21498       1.34384       6.55882       
0.6           839171        178902        381927        6.40919       1.01353       7.42271       
0.55          786657        194401        418942        6.38407       1.01911       7.40318       
0.5           817197        246800        336003        7.36804       0.743047      8.11108       
0.45          793158        286758        320084        7.70486       0.637059      8.34192       
0.4           784250        347251        268499        8.29354       0.475013      8.76856       
0.35          755525        422604        221871        8.83158       0.343456      9.17503       
0.3           748938        507203        143859        9.08531       0.19088       9.27619       
0.25          749997        630002        20001         9.40413       0.0221154     9.42625       
--------------------
16
load          deadline_rest time_high     time_low      Wh_h          Wh_l          Wh_sum
1             934250        60150         405600        3.59147       1.79391       5.38538       
0.95          900095        59906         439999        3.39806       1.84875       5.24681       
0.9           862145        59634         478221        3.20459       1.90359       5.10819       
0.85          819730        59330         520940        3.01113       1.95844       4.96957       
0.8           804087        70613         525300        3.37296       1.85866       5.23162       
0.75          888733        116467        394800        5.21556       1.30961       6.52517       
0.7           829888        120744        449368        5.04662       1.39124       6.43786       
0.65          798184        134370        467446        5.21498       1.34384       6.55882       
0.6           839171        178902        381927        6.40919       1.01353       7.42271       
0.55          786657        194401        418942        6.38407       1.01911       7.40318       
0.5           817197        246800        336003        7.36804       0.743047      8.11108       
0.45          793158        286758        320084        7.70486       0.637059      8.34192       
0.4           784250        347251        268499        8.29354       0.475013      8.76856       
0.35          755525        422604        221871        8.83158       0.343456      9.17503       
0.3           748938        507203        143859        9.08531       0.19088       9.27619       
0.25          749997        630002        20001         9.40413       0.0221154     9.42625       
--------------------
16
load          deadline_rest time_high     time_low      Wh_h          Wh_l          Wh_sum
1             919250        60150         420600        3.59147       1.86025       5.45172       
0.95          884306        59906         455788        3.39806       1.91509       5.31315       
0.9           845479        59634         494887        3.20459       1.96993       5.17453       
0.85          802083        59330         538587        3.01113       2.02478       5.03591       
0.8           785337        70613         544050        3.37296       1.925         5.29797       
0.75          868733        116467        414800        5.21556       1.37595       6.59151       
0.7           808459        120744        470797        5.04662       1.45759       6.5042        
0.65          775107        134370        490523        5.21498       1.41018       6.62516       
0.6           814171        178902        406927        6.40919       1.07987       7.48906       
0.55          759384        194401        446215        6.38407       1.08545       7.46952       
0.5           787197        246800        366003        7.36804       0.809389      8.17743       
0.45          759825        286758        353417        7.70486       0.703401      8.40826       
0.4           746751        347251        305998        8.29354       0.541354      8.8349        
0.35          712668        422604        264728        8.83158       0.409799      9.24138       
0.3           698938        507203        193859        9.08531       0.257223      9.34253       
0.25          734997        645002        20001         9.62804       0.0221154     9.65015       
--------------------
16
load          deadline_rest time_high     time_low      Wh_h          Wh_l          Wh_sum
1             941475        59225         399300        3.53624       1.76605       5.30229       
0.95          907858        58985         433157        3.34581       1.82          5.16582       
0.9           875590        60412         463998        3.2464        1.84698       5.09338       
0.85          834140        60212         505648        3.0559        1.90095       4.95684       
0.8           787512        59988         552500        2.86544       1.9549        4.82034       
0.75          878267        108534        413199        4.86031       1.37064       6.23095       
0.7           838600        118886        442514        4.96896       1.37002       6.33898       
0.65          786223        125255        488522        4.86122       1.40443       6.26565       
0.6           842760        170810        386430        6.11929       1.02547       7.14477       
0.55          770888        183084        446028        6.01243       1.08499       7.09742       
0.5           819447        237151        343402        7.07997       0.759409      7.83938       
0.45          791886        278926        329188        7.49442       0.655178      8.1496        
0.4           781692        338065        280243        8.07415       0.49579       8.56994       
0.35          767387        416101        216512        8.69568       0.335161      9.03084       
0.3           737418        496918        165664        8.90108       0.219812      9.12089       
0.25          729997        610001        60002         9.10557       0.0663451     9.17192       
--------------------
16
load          deadline_rest time_high     time_low      Wh_h          Wh_l          Wh_sum
1             934250        60150         405600        3.59147       1.79391       5.38538       
0.95          900095        59906         439999        3.39806       1.84875       5.24681       
0.9           862145        59634         478221        3.20459       1.90359       5.10819       
0.85          819730        59330         520940        3.01113       1.95844       4.96957       
0.8           804087        70613         525300        3.37296       1.85866       5.23162       
0.75          888733        116467        394800        5.21556       1.30961       6.52517       
0.7           829888        120744        449368        5.04662       1.39124       6.43786       
0.65          798184        134370        467446        5.21498       1.34384       6.55882       
0.6           839171        178902        381927        6.40919       1.01353       7.42271       
0.55          786657        194401        418942        6.38407       1.01911       7.40318       
0.5           817197        246800        336003        7.36804       0.743047      8.11108       
0.45          793158        286758        320084        7.70486       0.637059      8.34192       
0.4           784250        347251        268499        8.29354       0.475013      8.76856       
0.35          755525        422604        221871        8.83158       0.343456      9.17503       
0.3           748938        507203        143859        9.08531       0.19088       9.27619       
0.25          749997        630002        20001         9.40413       0.0221154     9.42625       
--------------------
16
load          deadline_rest time_high     time_low      Wh_h          Wh_l          Wh_sum
1             934250        60150         405600        3.59147       1.79391       5.38538       
0.95          900095        59906         439999        3.39806       1.84875       5.24681       
0.9           862145        59634         478221        3.20459       1.90359       5.10819       
0.85          819730        59330         520940        3.01113       1.95844       4.96957       
0.8           804087        70613         525300        3.37296       1.85866       5.23162       
0.75          888733        116467        394800        5.21556       1.30961       6.52517       
0.7           829888        120744        449368        5.04662       1.39124       6.43786       
0.65          798184        134370        467446        5.21498       1.34384       6.55882       
0.6           839171        178902        381927        6.40919       1.01353       7.42271       
0.55          786657        194401        418942        6.38407       1.01911       7.40318       
0.5           817197        246800        336003        7.36804       0.743047      8.11108       
0.45          793158        286758        320084        7.70486       0.637059      8.34192       
0.4           784250        347251        268499        8.29354       0.475013      8.76856       
0.35          755525        422604        221871        8.83158       0.343456      9.17503       
0.3           748938        507203        143859        9.08531       0.19088       9.27619       
0.25          749997        630002        20001         9.40413       0.0221154     9.42625       
--------------------
16
load          deadline_rest time_high     time_low      Wh_h          Wh_l          Wh_sum
1             934250        60150         405600        3.59147       1.79391       5.38538       
0.95          900095        59906         439999        3.39806       1.84875       5.24681       
0.9           862145        59634         478221        3.20459       1.90359       5.10819       
0.85          819730        59330         520940        3.01113       1.95844       4.96957       
0.8           804087        70613         525300        3.37296       1.85866       5.23162       
0.75          888733        116467        394800        5.21556       1.30961       6.52517       
0.7           829888        120744        449368        5.04662       1.39124       6.43786       
0.65          798184        134370        467446        5.21498       1.34384       6.55882       
0.6           839171        178902        381927        6.40919       1.01353       7.42271       
0.55          786657        194401        418942        6.38407       1.01911       7.40318       
0.5           817197        246800        336003        7.36804       0.743047      8.11108       
0.45          793158        286758        320084        7.70486       0.637059      8.34192       
0.4           784250        347251        268499        8.29354       0.475013      8.76856       
0.35          755525        422604        221871        8.83158       0.343456      9.17503       
0.3           748938        507203        143859        9.08531       0.19088       9.27619       
0.25          749997        630002        20001         9.40413       0.0221154     9.42625       
--------------------
16
load          deadline_rest time_high     time_low      Wh_h          Wh_l          Wh_sum
1             934250        60150         405600        3.59147       1.79391       5.38538       
0.95          900095        59906         439999        3.39806       1.84875       5.24681       
0.9           862145        59634         478221        3.20459       1.90359       5.10819       
0.85          819730        59330         520940        3.01113       1.95844       4.96957       
0.8           804087        70613         525300        3.37296       1.85866       5.23162       
0.75          888733        116467        394800        5.21556       1.30961       6.52517       
0.7           829888        120744        449368        5.04662       1.39124       6.43786       
0.65          798184        134370        467446        5.21498       1.34384       6.55882       
0.6           839171        178902        381927        6.40919       1.01353       7.42271       
0.55          786657        194401        418942        6.38407       1.01911       7.40318       
0.5           817197        246800        336003        7.36804       0.743047      8.11108       
0.45          793158        286758        320084        7.70486       0.637059      8.34192       
0.4           784250        347251        268499        8.29354       0.475013      8.76856       
0.35          755525        422604        221871        8.83158       0.343456      9.17503       
0.3           748938        507203        143859        9.08531       0.19088       9.27619       
0.25          749997        630002        20001         9.40413       0.0221154     9.42625       
--------------------
16
load          deadline_rest time_high     time_low      Wh_h          Wh_l          Wh_sum
1             934250        60150         405600        3.59147       1.79391       5.38538       
0.95          900095        59906         439999        3.39806       1.84875       5.24681       
0.9           862145        59634         478221        3.20459       1.90359       5.10819       
0.85          819730        59330         520940        3.01113       1.95844       4.96957       
0.8           804087        70613         525300        3.37296       1.85866       5.23162       
0.75          888733        116467        394800        5.21556       1.30961       6.52517       
0.7           829888        120744        449368        5.04662       1.39124       6.43786       
0.65          798184        134370        467446        5.21498       1.34384       6.55882       
0.6           839171        178902        381927        6.40919       1.01353       7.42271       
0.55          786657        194401        418942        6.38407       1.01911       7.40318       
0.5           817197        246800        336003        7.36804       0.743047      8.11108       
0.45          793158        286758        320084        7.70486       0.637059      8.34192       
0.4           784250        347251        268499        8.29354       0.475013      8.76856       
0.35          755525        422604        221871        8.83158       0.343456      9.17503       
0.3           748938        507203        143859        9.08531       0.19088       9.27619       
0.25          749997        630002        20001         9.40413       0.0221154     9.42625       
--------------------
16
print average result. trial num = 10
load          deadline_rest time_high     time_low      Wh_h          Wh_l          Wh_sum
1             933472        60150         405600        3.58595       1.79776       5.38371       
0.95          899292        59906         439999        3.39283       1.85251       5.24534       
0.9           861822        59634         478221        3.20878       1.90457       5.11334       
0.85          819406        59330         520940        3.01561       1.95932       4.97493       
0.8           800554        70613         525300        3.32221       1.87492       5.19713       
0.75          885686        116467        394800        5.18003       1.32235       6.50238       
0.7           828616        120744        449368        5.03885       1.39576       6.43461       
0.65          794680        134370        467446        5.1796        1.35653       6.53613       
0.6           837029        178902        381927        6.3802        1.02135       7.40155       
0.55          782352        194401        418942        6.34691       1.03233       7.37924       
0.5           814422        246800        336003        7.33923       0.751317      8.09055       
0.45          789697        286758        320084        7.68382       0.645505      8.32932       
0.4           780244        347251        268499        8.27161       0.483725      8.75533       
0.35          752425        422604        221871        8.81799       0.349261      9.16725       
0.3           742786        507203        143859        9.06689       0.200408      9.26729       
0.25          746497        630002        20001         9.39666       0.0265384     9.4232        
