load          deadline_rest time_high     time_low      Wh_h          Wh_l          Wh_sum
1             768750        1250          630000        0.0746357     2.7864        2.86104       
0.95          735525        1316          663159        0.0746477     2.7864        2.86105       
0.9           698610        1389          700001        0.0746417     2.7864        2.86105       
0.85          657352        1471          741177        0.0746566     2.7864        2.86106       
0.8           610936        1563          787501        0.0746596     2.7864        2.86106       
0.75          558332        1667          840001        0.0746506     2.7864        2.86105       
0.7           498213        1786          900001        0.0746477     2.7864        2.86105       
0.65          428844        1924          969232        0.0746715     2.7864        2.86108       
0.6           347915        2084          1050001       0.0746596     2.7864        2.86106       
0.55          252272        2273          1145455       0.0746447     2.7864        2.86105       
0.5           137497        2501          1260002       0.0746656     2.7864        2.86107       
0.45          25420         13112         1361468       0.352304      2.70971       3.06201       
0.4           63199         84500         1252301       2.01815       2.2155        4.23365       
0.35          71912         163001        1165087       3.40639       1.80355       5.20995       
0.3           68031         262501        1069468       4.70207       1.41903       6.1211        
0.25          6797          383202        1010001       5.72011       1.11677       6.83688       
--------------------
first trial!!
16
load          deadline_rest time_high     time_low      Wh_h          Wh_l          Wh_sum
1             768750        1250          630000        0.0746357     2.7864        2.86104       
0.95          735525        1316          663159        0.0746477     2.7864        2.86105       
0.9           698610        1389          700001        0.0746417     2.7864        2.86105       
0.85          657352        1471          741177        0.0746566     2.7864        2.86106       
0.8           610936        1563          787501        0.0746596     2.7864        2.86106       
0.75          558332        1667          840001        0.0746506     2.7864        2.86105       
0.7           498213        1786          900001        0.0746477     2.7864        2.86105       
0.65          428844        1924          969232        0.0746715     2.7864        2.86108       
0.6           347915        2084          1050001       0.0746596     2.7864        2.86106       
0.55          252272        2273          1145455       0.0746447     2.7864        2.86105       
0.5           137497        2501          1260002       0.0746656     2.7864        2.86107       
0.45          25420         13112         1361468       0.352304      2.70971       3.06201       
0.4           63199         84500         1252301       2.01815       2.2155        4.23365       
0.35          71912         163001        1165087       3.40639       1.80355       5.20995       
0.3           68031         262501        1069468       4.70207       1.41903       6.1211        
0.25          6797          383202        1010001       5.72011       1.11677       6.83688       
--------------------
16
load          deadline_rest time_high     time_low      Wh_h          Wh_l          Wh_sum
1             768750        1250          630000        0.0746357     2.7864        2.86104       
0.95          735525        1316          663159        0.0746477     2.7864        2.86105       
0.9           698610        1389          700001        0.0746417     2.7864        2.86105       
0.85          657352        1471          741177        0.0746566     2.7864        2.86106       
0.8           610936        1563          787501        0.0746596     2.7864        2.86106       
0.75          558332        1667          840001        0.0746506     2.7864        2.86105       
0.7           498213        1786          900001        0.0746477     2.7864        2.86105       
0.65          428844        1924          969232        0.0746715     2.7864        2.86108       
0.6           347915        2084          1050001       0.0746596     2.7864        2.86106       
0.55          252272        2273          1145455       0.0746447     2.7864        2.86105       
0.5           137497        2501          1260002       0.0746656     2.7864        2.86107       
0.45          25420         13112         1361468       0.352304      2.70971       3.06201       
0.4           63199         84500         1252301       2.01815       2.2155        4.23365       
0.35          71912         163001        1165087       3.40639       1.80355       5.20995       
0.3           68031         262501        1069468       4.70207       1.41903       6.1211        
0.25          6797          383202        1010001       5.72011       1.11677       6.83688       
--------------------
16
load          deadline_rest time_high     time_low      Wh_h          Wh_l          Wh_sum
1             753750        1250          645000        0.0746357     2.85274       2.92738       
0.95          719736        1316          678948        0.0746477     2.85275       2.92739       
0.9           681944        1389          716667        0.0746417     2.85274       2.92739       
0.85          639705        1471          758824        0.0746566     2.85274       2.9274        
0.8           592186        1563          806251        0.0746596     2.85275       2.92741       
0.75          538332        1667          860001        0.0746506     2.85275       2.9274        
0.7           476784        1786          921430        0.0746477     2.85275       2.92739       
0.65          405767        1924          992309        0.0746715     2.85275       2.92742       
0.6           322915        2084          1075001       0.0746596     2.85275       2.92741       
0.55          224999        2273          1172728       0.0746447     2.85274       2.92739       
0.5           107497        2501          1290002       0.0746656     2.85275       2.92741       
0.45          33421         26889         1339690       0.722477      2.66637       3.38884       
0.4           72200         100000        1227800       2.38834       2.17215       4.5605        
0.35          82198         180715        1137087       3.77658       1.76021       5.53679       
0.3           64531         278001        1057468       4.97971       1.40311       6.38282       
0.25          2597          401802        995601        5.99776       1.10085       7.09861       
--------------------
16
load          deadline_rest time_high     time_low      Wh_h          Wh_l          Wh_sum
1             768750        1250          630000        0.0746357     2.7864        2.86104       
0.95          735525        1316          663159        0.0746477     2.7864        2.86105       
0.9           698610        1389          700001        0.0746417     2.7864        2.86105       
0.85          657352        1471          741177        0.0746566     2.7864        2.86106       
0.8           610936        1563          787501        0.0746596     2.7864        2.86106       
0.75          558332        1667          840001        0.0746506     2.7864        2.86105       
0.7           498213        1786          900001        0.0746477     2.7864        2.86105       
0.65          428844        1924          969232        0.0746715     2.7864        2.86108       
0.6           347915        2084          1050001       0.0746596     2.7864        2.86106       
0.55          252272        2273          1145455       0.0746447     2.7864        2.86105       
0.5           137497        2501          1260002       0.0746656     2.7864        2.86107       
0.45          25420         13112         1361468       0.352304      2.70971       3.06201       
0.4           63199         84500         1252301       2.01815       2.2155        4.23365       
0.35          71912         163001        1165087       3.40639       1.80355       5.20995       
0.3           68031         262501        1069468       4.70207       1.41903       6.1211        
0.25          6797          383202        1010001       5.72011       1.11677       6.83688       
--------------------
16
load          deadline_rest time_high     time_low      Wh_h          Wh_l          Wh_sum
1             768750        1250          630000        0.0746357     2.7864        2.86104       
0.95          735525        1316          663159        0.0746477     2.7864        2.86105       
0.9           698610        1389          700001        0.0746417     2.7864        2.86105       
0.85          657352        1471          741177        0.0746566     2.7864        2.86106       
0.8           610936        1563          787501        0.0746596     2.7864        2.86106       
0.75          558332        1667          840001        0.0746506     2.7864        2.86105       
0.7           498213        1786          900001        0.0746477     2.7864        2.86105       
0.65          428844        1924          969232        0.0746715     2.7864        2.86108       
0.6           347915        2084          1050001       0.0746596     2.7864        2.86106       
0.55          252272        2273          1145455       0.0746447     2.7864        2.86105       
0.5           137497        2501          1260002       0.0746656     2.7864        2.86107       
0.45          25420         13112         1361468       0.352304      2.70971       3.06201       
0.4           63199         84500         1252301       2.01815       2.2155        4.23365       
0.35          71912         163001        1165087       3.40639       1.80355       5.20995       
0.3           68031         262501        1069468       4.70207       1.41903       6.1211        
0.25          6797          383202        1010001       5.72011       1.11677       6.83688       
--------------------
16
load          deadline_rest time_high     time_low      Wh_h          Wh_l          Wh_sum
1             768750        1250          630000        0.0746357     2.7864        2.86104       
0.95          735525        1316          663159        0.0746477     2.7864        2.86105       
0.9           698610        1389          700001        0.0746417     2.7864        2.86105       
0.85          657352        1471          741177        0.0746566     2.7864        2.86106       
0.8           610936        1563          787501        0.0746596     2.7864        2.86106       
0.75          558332        1667          840001        0.0746506     2.7864        2.86105       
0.7           498213        1786          900001        0.0746477     2.7864        2.86105       
0.65          428844        1924          969232        0.0746715     2.7864        2.86108       
0.6           347915        2084          1050001       0.0746596     2.7864        2.86106       
0.55          252272        2273          1145455       0.0746447     2.7864        2.86105       
0.5           137497        2501          1260002       0.0746656     2.7864        2.86107       
0.45          25420         13112         1361468       0.352304      2.70971       3.06201       
0.4           63199         84500         1252301       2.01815       2.2155        4.23365       
0.35          71912         163001        1165087       3.40639       1.80355       5.20995       
0.3           68031         262501        1069468       4.70207       1.41903       6.1211        
0.25          6797          383202        1010001       5.72011       1.11677       6.83688       
--------------------
16
load          deadline_rest time_high     time_low      Wh_h          Wh_l          Wh_sum
1             768750        1250          630000        0.0746357     2.7864        2.86104       
0.95          735525        1316          663159        0.0746477     2.7864        2.86105       
0.9           698610        1389          700001        0.0746417     2.7864        2.86105       
0.85          657352        1471          741177        0.0746566     2.7864        2.86106       
0.8           610936        1563          787501        0.0746596     2.7864        2.86106       
0.75          558332        1667          840001        0.0746506     2.7864        2.86105       
0.7           498213        1786          900001        0.0746477     2.7864        2.86105       
0.65          428844        1924          969232        0.0746715     2.7864        2.86108       
0.6           347915        2084          1050001       0.0746596     2.7864        2.86106       
0.55          252272        2273          1145455       0.0746447     2.7864        2.86105       
0.5           137497        2501          1260002       0.0746656     2.7864        2.86107       
0.45          25420         13112         1361468       0.352304      2.70971       3.06201       
0.4           63199         84500         1252301       2.01815       2.2155        4.23365       
0.35          71912         163001        1165087       3.40639       1.80355       5.20995       
0.3           68031         262501        1069468       4.70207       1.41903       6.1211        
0.25          6797          383202        1010001       5.72011       1.11677       6.83688       
--------------------
16
load          deadline_rest time_high     time_low      Wh_h          Wh_l          Wh_sum
1             768750        1250          630000        0.0746357     2.7864        2.86104       
0.95          735525        1316          663159        0.0746477     2.7864        2.86105       
0.9           698610        1389          700001        0.0746417     2.7864        2.86105       
0.85          657352        1471          741177        0.0746566     2.7864        2.86106       
0.8           610936        1563          787501        0.0746596     2.7864        2.86106       
0.75          558332        1667          840001        0.0746506     2.7864        2.86105       
0.7           498213        1786          900001        0.0746477     2.7864        2.86105       
0.65          428844        1924          969232        0.0746715     2.7864        2.86108       
0.6           347915        2084          1050001       0.0746596     2.7864        2.86106       
0.55          252272        2273          1145455       0.0746447     2.7864        2.86105       
0.5           137497        2501          1260002       0.0746656     2.7864        2.86107       
0.45          25420         13112         1361468       0.352304      2.70971       3.06201       
0.4           63199         84500         1252301       2.01815       2.2155        4.23365       
0.35          71912         163001        1165087       3.40639       1.80355       5.20995       
0.3           68031         262501        1069468       4.70207       1.41903       6.1211        
0.25          6797          383202        1010001       5.72011       1.11677       6.83688       
--------------------
16
load          deadline_rest time_high     time_low      Wh_h          Wh_l          Wh_sum
1             768750        1250          630000        0.0746357     2.7864        2.86104       
0.95          735525        1316          663159        0.0746477     2.7864        2.86105       
0.9           698610        1389          700001        0.0746417     2.7864        2.86105       
0.85          657352        1471          741177        0.0746566     2.7864        2.86106       
0.8           610936        1563          787501        0.0746596     2.7864        2.86106       
0.75          558332        1667          840001        0.0746506     2.7864        2.86105       
0.7           498213        1786          900001        0.0746477     2.7864        2.86105       
0.65          428844        1924          969232        0.0746715     2.7864        2.86108       
0.6           347915        2084          1050001       0.0746596     2.7864        2.86106       
0.55          252272        2273          1145455       0.0746447     2.7864        2.86105       
0.5           137497        2501          1260002       0.0746656     2.7864        2.86107       
0.45          25420         13112         1361468       0.352304      2.70971       3.06201       
0.4           63199         84500         1252301       2.01815       2.2155        4.23365       
0.35          71912         163001        1165087       3.40639       1.80355       5.20995       
0.3           68031         262501        1069468       4.70207       1.41903       6.1211        
0.25          6797          383202        1010001       5.72011       1.11677       6.83688       
--------------------
16
print average result. trial num = 10
load          deadline_rest time_high     time_low      Wh_h          Wh_l          Wh_sum
1             767250        1250          630000        0.0746357     2.79303       2.86767       
0.95          733946        1316          663159        0.0746477     2.79304       2.86769       
0.9           696943        1389          700001        0.0746417     2.79304       2.86768       
0.85          655587        1471          741177        0.0746566     2.79304       2.86769       
0.8           609061        1563          787501        0.0746596     2.79304       2.8677        
0.75          556332        1667          840001        0.0746506     2.79304       2.86769       
0.7           496070        1786          900001        0.0746477     2.79304       2.86769       
0.65          426536        1924          969232        0.0746715     2.79304       2.86771       
0.6           345415        2084          1050001       0.0746596     2.79304       2.8677        
0.55          249544        2273          1145455       0.0746447     2.79304       2.86768       
0.5           134497        2501          1260002       0.0746656     2.79304       2.8677        
0.45          26220         13112         1361468       0.389322      2.70538       3.0947        
0.4           64099         84500         1252301       2.05517       2.21116       4.26633       
0.35          72940         163001        1165087       3.44341       1.79922       5.24263       
0.3           67681         262501        1069468       4.72983       1.41744       6.14727       
0.25          6377          383202        1010001       5.74788       1.11518       6.86306       
