load          deadline_rest time_high     time_low      Wh_h          Wh_l          Wh_sum
1             1400000       153750        0             9.18019       0             9.18019       
0.95          1400000       161843        0             9.18024       0             9.18024       
0.9           1400000       170834        0             9.18023       0             9.18023       
0.85          1400000       180884        0             9.18028       0             9.18028       
0.8           1400000       192188        0             9.18022       0             9.18022       
0.75          1400000       205002        0             9.18028       0             9.18028       
0.7           1400000       219644        0             9.18024       0             9.18024       
0.65          1400000       236541        0             9.18029       0             9.18029       
0.6           1400000       256251        0             9.18023       0             9.18023       
0.55          1400000       279547        0             9.18024       0             9.18024       
0.5           1400000       307503        0             9.18028       0             9.18028       
0.45          1400000       341668        0             9.18023       0             9.18023       
0.4           1400000       384376        0             9.18022       0             9.18022       
0.35          1400000       439287        0             9.18022       0             9.18022       
0.3           1400000       512501        0             9.18021       0             9.18021       
0.25          1400000       615003        0             9.18024       0             9.18024       
--------------------
first trial!!
16
load          deadline_rest time_high     time_low      Wh_h          Wh_l          Wh_sum
1             1400000       158750        0             9.47874       0             9.47874       
0.95          1400000       167106        0             9.47878       0             9.47878       
0.9           1400000       176390        0             9.4788        0             9.4788        
0.85          1400000       186766        0             9.4788        0             9.4788        
0.8           1400000       198439        0             9.47881       0             9.47881       
0.75          1400000       211668        0             9.4788        0             9.4788        
0.7           1400000       226787        0             9.47879       0             9.47879       
0.65          1400000       244233        0             9.47882       0             9.47882       
0.6           1400000       264585        0             9.4788        0             9.4788        
0.55          1400000       288638        0             9.47879       0             9.47879       
0.5           1400000       317503        0             9.47883       0             9.47883       
0.45          1400000       352779        0             9.47877       0             9.47877       
0.4           1400000       396876        0             9.47876       0             9.47876       
0.35          1400000       453573        0             9.47877       0             9.47877       
0.3           1400000       529168        0             9.47876       0             9.47876       
0.25          1400000       635003        0             9.47878       0             9.47878       
--------------------
16
load          deadline_rest time_high     time_low      Wh_h          Wh_l          Wh_sum
1             1400000       158750        0             9.47874       0             9.47874       
0.95          1400000       167106        0             9.47878       0             9.47878       
0.9           1400000       176390        0             9.4788        0             9.4788        
0.85          1400000       186766        0             9.4788        0             9.4788        
0.8           1400000       198439        0             9.47881       0             9.47881       
0.75          1400000       211668        0             9.4788        0             9.4788        
0.7           1400000       226787        0             9.47879       0             9.47879       
0.65          1400000       244233        0             9.47882       0             9.47882       
0.6           1400000       264585        0             9.4788        0             9.4788        
0.55          1400000       288638        0             9.47879       0             9.47879       
0.5           1400000       317503        0             9.47883       0             9.47883       
0.45          1400000       352779        0             9.47877       0             9.47877       
0.4           1400000       396876        0             9.47876       0             9.47876       
0.35          1400000       453573        0             9.47877       0             9.47877       
0.3           1400000       529168        0             9.47876       0             9.47876       
0.25          1400000       635003        0             9.47878       0             9.47878       
--------------------
16
load          deadline_rest time_high     time_low      Wh_h          Wh_l          Wh_sum
1             1400000       158750        0             9.47874       0             9.47874       
0.95          1400000       167106        0             9.47878       0             9.47878       
0.9           1400000       176390        0             9.4788        0             9.4788        
0.85          1400000       186766        0             9.4788        0             9.4788        
0.8           1400000       198439        0             9.47881       0             9.47881       
0.75          1400000       211668        0             9.4788        0             9.4788        
0.7           1400000       226787        0             9.47879       0             9.47879       
0.65          1400000       244233        0             9.47882       0             9.47882       
0.6           1400000       264585        0             9.4788        0             9.4788        
0.55          1400000       288638        0             9.47879       0             9.47879       
0.5           1400000       317503        0             9.47883       0             9.47883       
0.45          1400000       352779        0             9.47877       0             9.47877       
0.4           1400000       396876        0             9.47876       0             9.47876       
0.35          1400000       453573        0             9.47877       0             9.47877       
0.3           1400000       529168        0             9.47876       0             9.47876       
0.25          1400000       635003        0             9.47878       0             9.47878       
--------------------
16
load          deadline_rest time_high     time_low      Wh_h          Wh_l          Wh_sum
1             1400000       158750        0             9.47874       0             9.47874       
0.95          1400000       167106        0             9.47878       0             9.47878       
0.9           1400000       176390        0             9.4788        0             9.4788        
0.85          1400000       186766        0             9.4788        0             9.4788        
0.8           1400000       198439        0             9.47881       0             9.47881       
0.75          1400000       211668        0             9.4788        0             9.4788        
0.7           1400000       226787        0             9.47879       0             9.47879       
0.65          1400000       244233        0             9.47882       0             9.47882       
0.6           1400000       264585        0             9.4788        0             9.4788        
0.55          1400000       288638        0             9.47879       0             9.47879       
0.5           1400000       317503        0             9.47883       0             9.47883       
0.45          1400000       352779        0             9.47877       0             9.47877       
0.4           1400000       396876        0             9.47876       0             9.47876       
0.35          1400000       453573        0             9.47877       0             9.47877       
0.3           1400000       529168        0             9.47876       0             9.47876       
0.25          1400000       635003        0             9.47878       0             9.47878       
--------------------
16
load          deadline_rest time_high     time_low      Wh_h          Wh_l          Wh_sum
1             1400000       158750        0             9.47874       0             9.47874       
0.95          1400000       167106        0             9.47878       0             9.47878       
0.9           1400000       176390        0             9.4788        0             9.4788        
0.85          1400000       186766        0             9.4788        0             9.4788        
0.8           1400000       198439        0             9.47881       0             9.47881       
0.75          1400000       211668        0             9.4788        0             9.4788        
0.7           1400000       226787        0             9.47879       0             9.47879       
0.65          1400000       244233        0             9.47882       0             9.47882       
0.6           1400000       264585        0             9.4788        0             9.4788        
0.55          1400000       288638        0             9.47879       0             9.47879       
0.5           1400000       317503        0             9.47883       0             9.47883       
0.45          1400000       352779        0             9.47877       0             9.47877       
0.4           1400000       396876        0             9.47876       0             9.47876       
0.35          1400000       453573        0             9.47877       0             9.47877       
0.3           1400000       529168        0             9.47876       0             9.47876       
0.25          1400000       635003        0             9.47878       0             9.47878       
--------------------
16
load          deadline_rest time_high     time_low      Wh_h          Wh_l          Wh_sum
1             1400000       158750        0             9.47874       0             9.47874       
0.95          1400000       167106        0             9.47878       0             9.47878       
0.9           1400000       176390        0             9.4788        0             9.4788        
0.85          1400000       186766        0             9.4788        0             9.4788        
0.8           1400000       198439        0             9.47881       0             9.47881       
0.75          1400000       211668        0             9.4788        0             9.4788        
0.7           1400000       226787        0             9.47879       0             9.47879       
0.65          1400000       244233        0             9.47882       0             9.47882       
0.6           1400000       264585        0             9.4788        0             9.4788        
0.55          1400000       288638        0             9.47879       0             9.47879       
0.5           1400000       317503        0             9.47883       0             9.47883       
0.45          1400000       352779        0             9.47877       0             9.47877       
0.4           1400000       396876        0             9.47876       0             9.47876       
0.35          1400000       453573        0             9.47877       0             9.47877       
0.3           1400000       529168        0             9.47876       0             9.47876       
0.25          1400000       635003        0             9.47878       0             9.47878       
--------------------
16
load          deadline_rest time_high     time_low      Wh_h          Wh_l          Wh_sum
1             1400000       153750        0             9.18019       0             9.18019       
0.95          1400000       161843        0             9.18024       0             9.18024       
0.9           1400000       170834        0             9.18023       0             9.18023       
0.85          1400000       180884        0             9.18028       0             9.18028       
0.8           1400000       192188        0             9.18022       0             9.18022       
0.75          1400000       205002        0             9.18028       0             9.18028       
0.7           1400000       219644        0             9.18024       0             9.18024       
0.65          1400000       236541        0             9.18029       0             9.18029       
0.6           1400000       256251        0             9.18023       0             9.18023       
0.55          1400000       279547        0             9.18024       0             9.18024       
0.5           1400000       307503        0             9.18028       0             9.18028       
0.45          1400000       341668        0             9.18023       0             9.18023       
0.4           1400000       384376        0             9.18022       0             9.18022       
0.35          1400000       439287        0             9.18022       0             9.18022       
0.3           1400000       512501        0             9.18021       0             9.18021       
0.25          1400000       615003        0             9.18024       0             9.18024       
--------------------
16
load          deadline_rest time_high     time_low      Wh_h          Wh_l          Wh_sum
1             1400000       158750        0             9.47874       0             9.47874       
0.95          1400000       167106        0             9.47878       0             9.47878       
0.9           1400000       176390        0             9.4788        0             9.4788        
0.85          1400000       186766        0             9.4788        0             9.4788        
0.8           1400000       198439        0             9.47881       0             9.47881       
0.75          1400000       211668        0             9.4788        0             9.4788        
0.7           1400000       226787        0             9.47879       0             9.47879       
0.65          1400000       244233        0             9.47882       0             9.47882       
0.6           1400000       264585        0             9.4788        0             9.4788        
0.55          1400000       288638        0             9.47879       0             9.47879       
0.5           1400000       317503        0             9.47883       0             9.47883       
0.45          1400000       352779        0             9.47877       0             9.47877       
0.4           1400000       396876        0             9.47876       0             9.47876       
0.35          1400000       453573        0             9.47877       0             9.47877       
0.3           1400000       529168        0             9.47876       0             9.47876       
0.25          1400000       635003        0             9.47878       0             9.47878       
--------------------
16
load          deadline_rest time_high     time_low      Wh_h          Wh_l          Wh_sum
1             1400000       158750        0             9.47874       0             9.47874       
0.95          1400000       167106        0             9.47878       0             9.47878       
0.9           1400000       176390        0             9.4788        0             9.4788        
0.85          1400000       186766        0             9.4788        0             9.4788        
0.8           1400000       198439        0             9.47881       0             9.47881       
0.75          1400000       211668        0             9.4788        0             9.4788        
0.7           1400000       226787        0             9.47879       0             9.47879       
0.65          1400000       244233        0             9.47882       0             9.47882       
0.6           1400000       264585        0             9.4788        0             9.4788        
0.55          1400000       288638        0             9.47879       0             9.47879       
0.5           1400000       317503        0             9.47883       0             9.47883       
0.45          1400000       352779        0             9.47877       0             9.47877       
0.4           1400000       396876        0             9.47876       0             9.47876       
0.35          1400000       453573        0             9.47877       0             9.47877       
0.3           1400000       529168        0             9.47876       0             9.47876       
0.25          1400000       635003        0             9.47878       0             9.47878       
--------------------
16
print average result. trial num = 10
load          deadline_rest time_high     time_low      Wh_h          Wh_l          Wh_sum
1             1400000       153750        0             9.41903       0             9.41903       
0.95          1400000       161843        0             9.41907       0             9.41907       
0.9           1400000       170834        0             9.41908       0             9.41908       
0.85          1400000       180884        0             9.4191        0             9.4191        
0.8           1400000       192188        0             9.41909       0             9.41909       
0.75          1400000       205002        0             9.41909       0             9.41909       
0.7           1400000       219644        0             9.41908       0             9.41908       
0.65          1400000       236541        0             9.41912       0             9.41912       
0.6           1400000       256251        0             9.41908       0             9.41908       
0.55          1400000       279547        0             9.41908       0             9.41908       
0.5           1400000       307503        0             9.41912       0             9.41912       
0.45          1400000       341668        0             9.41906       0             9.41906       
0.4           1400000       384376        0             9.41905       0             9.41905       
0.35          1400000       439287        0             9.41906       0             9.41906       
0.3           1400000       512501        0             9.41905       0             9.41905       
0.25          1400000       615003        0             9.41907       0             9.41907       
